{"uid":"f49da352f9d3815e","name":"Accept Invitation User Educator","fullName":"com.test.TestCases.InvitationUser.AcceptInvitationUser.acceptUserEducator","historyId":"70169852580a6f4010f93bfa22500bc5","time":{"start":1703698167101,"stop":1703698241719,"duration":74618},"description":"Accept Invitation User Educator","descriptionHtml":"<p>Accept Invitation User Educator</p>\n","status":"skipped","statusMessage":"Expected condition failed: waiting for visibility of Proxy element for: DefaultElementLocator 'By.xpath: //a[.='Accept Invitation']' (tried for 60 second(s) with 500 milliseconds interval)","statusTrace":"org.openqa.selenium.TimeoutException: Expected condition failed: waiting for visibility of Proxy element for: DefaultElementLocator 'By.xpath: //a[.='Accept Invitation']' (tried for 60 second(s) with 500 milliseconds interval)\n\tat org.openqa.selenium.support.ui.WebDriverWait.timeoutException(WebDriverWait.java:84)\n\tat org.openqa.selenium.support.ui.FluentWait.until(FluentWait.java:229)\n\tat com.qa.Components.GeneralObject.waitElementsDisplay(GeneralObject.java:61)\n\tat com.qa.PageObjects.EmailPage.EmailInbox.clickAcceptInvButton(EmailInbox.java:106)\n\tat com.test.TestCases.InvitationUser.AcceptInvitationUser.acceptUserEducator(AcceptInvitationUser.java:72)\n\tat java.base/jdk.internal.reflect.NativeMethodAccessorImpl.invoke0(Native Method)\n\tat java.base/jdk.internal.reflect.NativeMethodAccessorImpl.invoke(NativeMethodAccessorImpl.java:62)\n\tat java.base/jdk.internal.reflect.DelegatingMethodAccessorImpl.invoke(DelegatingMethodAccessorImpl.java:43)\n\tat java.base/java.lang.reflect.Method.invoke(Method.java:566)\n\tat org.testng.internal.invokers.MethodInvocationHelper.invokeMethod(MethodInvocationHelper.java:139)\n\tat org.testng.internal.invokers.TestInvoker.invokeMethod(TestInvoker.java:664)\n\tat org.testng.internal.invokers.TestInvoker.invokeTestMethod(TestInvoker.java:227)\n\tat org.testng.internal.invokers.MethodRunner.runInSequence(MethodRunner.java:50)\n\tat org.testng.internal.invokers.TestInvoker$MethodInvocationAgent.invoke(TestInvoker.java:957)\n\tat org.testng.internal.invokers.TestInvoker.invokeTestMethods(TestInvoker.java:200)\n\tat org.testng.internal.invokers.TestMethodWorker.invokeTestMethods(TestMethodWorker.java:148)\n\tat org.testng.internal.invokers.TestMethodWorker.run(TestMethodWorker.java:128)\n\tat java.base/java.util.ArrayList.forEach(ArrayList.java:1541)\n\tat org.testng.TestRunner.privateRun(TestRunner.java:848)\n\tat org.testng.TestRunner.run(TestRunner.java:621)\n\tat org.testng.SuiteRunner.runTest(SuiteRunner.java:443)\n\tat org.testng.SuiteRunner$SuiteWorker.run(SuiteRunner.java:481)\n\tat org.testng.internal.thread.ThreadUtil.lambda$execute$0(ThreadUtil.java:58)\n\tat java.base/java.util.concurrent.FutureTask.run(FutureTask.java:264)\n\tat java.base/java.util.concurrent.ThreadPoolExecutor.runWorker(ThreadPoolExecutor.java:1128)\n\tat java.base/java.util.concurrent.ThreadPoolExecutor$Worker.run(ThreadPoolExecutor.java:628)\n\tat java.base/java.lang.Thread.run(Thread.java:829)\nCaused by: org.openqa.selenium.NoSuchElementException: no such element: Unable to locate element: {\"method\":\"xpath\",\"selector\":\"//a[.='Accept Invitation']\"}\n  (Session info: chrome=120.0.6099.109)\nFor documentation on this error, please visit: https://www.selenium.dev/documentation/webdriver/troubleshooting/errors#no-such-element-exception\nBuild info: version: '4.15.0', revision: '1d14b5521b'\nSystem info: os.name: 'Linux', os.arch: 'amd64', os.version: '6.2.0-1018-azure', java.version: '11.0.21'\nDriver info: org.openqa.selenium.remote.RemoteWebDriver\nCommand: [e34b5793765299ccafa54e9aa7557345, findElement {using=xpath, value=//a[.='Accept Invitation']}]\nCapabilities {acceptInsecureCerts: false, browserName: chrome, browserVersion: 120.0.6099.109, chrome: {chromedriverVersion: 120.0.6099.109 (3419140ab66..., userDataDir: /tmp/.org.chromium.Chromium...}, fedcm:accounts: true, goog:chromeOptions: {debuggerAddress: localhost:34939}, networkConnectionEnabled: false, pageLoadStrategy: normal, platformName: linux, proxy: Proxy(), se:bidiEnabled: false, se:cdp: ws://172.18.0.5:4444/sessio..., se:cdpVersion: 120.0.6099.109, se:vnc: ws://172.18.0.5:4444/sessio..., se:vncEnabled: true, se:vncLocalAddress: ws://172.18.0.5:7900, setWindowRect: true, strictFileInteractability: false, timeouts: {implicit: 0, pageLoad: 300000, script: 30000}, unhandledPromptBehavior: dismiss and notify, webauthn:extension:credBlob: true, webauthn:extension:largeBlob: true, webauthn:extension:minPinLength: true, webauthn:extension:prf: true, webauthn:virtualAuthenticators: true}\nSession ID: e34b5793765299ccafa54e9aa7557345\n\tat jdk.internal.reflect.GeneratedConstructorAccessor56.newInstance(Unknown Source)\n\tat java.base/jdk.internal.reflect.DelegatingConstructorAccessorImpl.newInstance(DelegatingConstructorAccessorImpl.java:45)\n\tat java.base/java.lang.reflect.Constructor.newInstance(Constructor.java:490)\n\tat org.openqa.selenium.remote.codec.w3c.W3CHttpResponseCodec.createException(W3CHttpResponseCodec.java:200)\n\tat org.openqa.selenium.remote.codec.w3c.W3CHttpResponseCodec.decode(W3CHttpResponseCodec.java:133)\n\tat org.openqa.selenium.remote.codec.w3c.W3CHttpResponseCodec.decode(W3CHttpResponseCodec.java:52)\n\tat org.openqa.selenium.remote.HttpCommandExecutor.execute(HttpCommandExecutor.java:191)\n\tat org.openqa.selenium.remote.TracedCommandExecutor.execute(TracedCommandExecutor.java:51)\n\tat org.openqa.selenium.remote.RemoteWebDriver.execute(RemoteWebDriver.java:607)\n\tat org.openqa.selenium.remote.ElementLocation$ElementFinder$2.findElement(ElementLocation.java:165)\n\tat org.openqa.selenium.remote.ElementLocation.findElement(ElementLocation.java:59)\n\tat org.openqa.selenium.remote.RemoteWebDriver.findElement(RemoteWebDriver.java:364)\n\tat org.openqa.selenium.remote.RemoteWebDriver.findElement(RemoteWebDriver.java:358)\n\tat org.openqa.selenium.support.pagefactory.DefaultElementLocator.findElement(DefaultElementLocator.java:68)\n\tat org.openqa.selenium.support.pagefactory.internal.LocatingElementHandler.invoke(LocatingElementHandler.java:38)\n\tat com.sun.proxy.$Proxy19.isDisplayed(Unknown Source)\n\tat org.openqa.selenium.support.ui.ExpectedConditions.elementIfVisible(ExpectedConditions.java:304)\n\tat org.openqa.selenium.support.ui.ExpectedConditions$10.apply(ExpectedConditions.java:290)\n\tat org.openqa.selenium.support.ui.ExpectedConditions$10.apply(ExpectedConditions.java:287)\n\tat org.openqa.selenium.support.ui.FluentWait.until(FluentWait.java:204)\n\t... 25 more\n","flaky":false,"newFailed":false,"newBroken":false,"newPassed":false,"retriesCount":0,"retriesStatusChange":false,"beforeStages":[{"name":"launchApp","time":{"start":1703698165400,"stop":1703698167099,"duration":1699},"description":"","status":"passed","steps":[],"attachments":[],"parameters":[],"stepsCount":0,"attachmentsCount":0,"hasContent":false,"attachmentStep":false,"shouldDisplayMessage":false}],"testStage":{"description":"Accept Invitation User Educator","status":"skipped","statusMessage":"Expected condition failed: waiting for visibility of Proxy element for: DefaultElementLocator 'By.xpath: //a[.='Accept Invitation']' (tried for 60 second(s) with 500 milliseconds interval)","statusTrace":"org.openqa.selenium.TimeoutException: Expected condition failed: waiting for visibility of Proxy element for: DefaultElementLocator 'By.xpath: //a[.='Accept Invitation']' (tried for 60 second(s) with 500 milliseconds interval)\n\tat org.openqa.selenium.support.ui.WebDriverWait.timeoutException(WebDriverWait.java:84)\n\tat org.openqa.selenium.support.ui.FluentWait.until(FluentWait.java:229)\n\tat com.qa.Components.GeneralObject.waitElementsDisplay(GeneralObject.java:61)\n\tat com.qa.PageObjects.EmailPage.EmailInbox.clickAcceptInvButton(EmailInbox.java:106)\n\tat com.test.TestCases.InvitationUser.AcceptInvitationUser.acceptUserEducator(AcceptInvitationUser.java:72)\n\tat java.base/jdk.internal.reflect.NativeMethodAccessorImpl.invoke0(Native Method)\n\tat java.base/jdk.internal.reflect.NativeMethodAccessorImpl.invoke(NativeMethodAccessorImpl.java:62)\n\tat java.base/jdk.internal.reflect.DelegatingMethodAccessorImpl.invoke(DelegatingMethodAccessorImpl.java:43)\n\tat java.base/java.lang.reflect.Method.invoke(Method.java:566)\n\tat org.testng.internal.invokers.MethodInvocationHelper.invokeMethod(MethodInvocationHelper.java:139)\n\tat org.testng.internal.invokers.TestInvoker.invokeMethod(TestInvoker.java:664)\n\tat org.testng.internal.invokers.TestInvoker.invokeTestMethod(TestInvoker.java:227)\n\tat org.testng.internal.invokers.MethodRunner.runInSequence(MethodRunner.java:50)\n\tat org.testng.internal.invokers.TestInvoker$MethodInvocationAgent.invoke(TestInvoker.java:957)\n\tat org.testng.internal.invokers.TestInvoker.invokeTestMethods(TestInvoker.java:200)\n\tat org.testng.internal.invokers.TestMethodWorker.invokeTestMethods(TestMethodWorker.java:148)\n\tat org.testng.internal.invokers.TestMethodWorker.run(TestMethodWorker.java:128)\n\tat java.base/java.util.ArrayList.forEach(ArrayList.java:1541)\n\tat org.testng.TestRunner.privateRun(TestRunner.java:848)\n\tat org.testng.TestRunner.run(TestRunner.java:621)\n\tat org.testng.SuiteRunner.runTest(SuiteRunner.java:443)\n\tat org.testng.SuiteRunner$SuiteWorker.run(SuiteRunner.java:481)\n\tat org.testng.internal.thread.ThreadUtil.lambda$execute$0(ThreadUtil.java:58)\n\tat java.base/java.util.concurrent.FutureTask.run(FutureTask.java:264)\n\tat java.base/java.util.concurrent.ThreadPoolExecutor.runWorker(ThreadPoolExecutor.java:1128)\n\tat java.base/java.util.concurrent.ThreadPoolExecutor$Worker.run(ThreadPoolExecutor.java:628)\n\tat java.base/java.lang.Thread.run(Thread.java:829)\nCaused by: org.openqa.selenium.NoSuchElementException: no such element: Unable to locate element: {\"method\":\"xpath\",\"selector\":\"//a[.='Accept Invitation']\"}\n  (Session info: chrome=120.0.6099.109)\nFor documentation on this error, please visit: https://www.selenium.dev/documentation/webdriver/troubleshooting/errors#no-such-element-exception\nBuild info: version: '4.15.0', revision: '1d14b5521b'\nSystem info: os.name: 'Linux', os.arch: 'amd64', os.version: '6.2.0-1018-azure', java.version: '11.0.21'\nDriver info: org.openqa.selenium.remote.RemoteWebDriver\nCommand: [e34b5793765299ccafa54e9aa7557345, findElement {using=xpath, value=//a[.='Accept Invitation']}]\nCapabilities {acceptInsecureCerts: false, browserName: chrome, browserVersion: 120.0.6099.109, chrome: {chromedriverVersion: 120.0.6099.109 (3419140ab66..., userDataDir: /tmp/.org.chromium.Chromium...}, fedcm:accounts: true, goog:chromeOptions: {debuggerAddress: localhost:34939}, networkConnectionEnabled: false, pageLoadStrategy: normal, platformName: linux, proxy: Proxy(), se:bidiEnabled: false, se:cdp: ws://172.18.0.5:4444/sessio..., se:cdpVersion: 120.0.6099.109, se:vnc: ws://172.18.0.5:4444/sessio..., se:vncEnabled: true, se:vncLocalAddress: ws://172.18.0.5:7900, setWindowRect: true, strictFileInteractability: false, timeouts: {implicit: 0, pageLoad: 300000, script: 30000}, unhandledPromptBehavior: dismiss and notify, webauthn:extension:credBlob: true, webauthn:extension:largeBlob: true, webauthn:extension:minPinLength: true, webauthn:extension:prf: true, webauthn:virtualAuthenticators: true}\nSession ID: e34b5793765299ccafa54e9aa7557345\n\tat jdk.internal.reflect.GeneratedConstructorAccessor56.newInstance(Unknown Source)\n\tat java.base/jdk.internal.reflect.DelegatingConstructorAccessorImpl.newInstance(DelegatingConstructorAccessorImpl.java:45)\n\tat java.base/java.lang.reflect.Constructor.newInstance(Constructor.java:490)\n\tat org.openqa.selenium.remote.codec.w3c.W3CHttpResponseCodec.createException(W3CHttpResponseCodec.java:200)\n\tat org.openqa.selenium.remote.codec.w3c.W3CHttpResponseCodec.decode(W3CHttpResponseCodec.java:133)\n\tat org.openqa.selenium.remote.codec.w3c.W3CHttpResponseCodec.decode(W3CHttpResponseCodec.java:52)\n\tat org.openqa.selenium.remote.HttpCommandExecutor.execute(HttpCommandExecutor.java:191)\n\tat org.openqa.selenium.remote.TracedCommandExecutor.execute(TracedCommandExecutor.java:51)\n\tat org.openqa.selenium.remote.RemoteWebDriver.execute(RemoteWebDriver.java:607)\n\tat org.openqa.selenium.remote.ElementLocation$ElementFinder$2.findElement(ElementLocation.java:165)\n\tat org.openqa.selenium.remote.ElementLocation.findElement(ElementLocation.java:59)\n\tat org.openqa.selenium.remote.RemoteWebDriver.findElement(RemoteWebDriver.java:364)\n\tat org.openqa.selenium.remote.RemoteWebDriver.findElement(RemoteWebDriver.java:358)\n\tat org.openqa.selenium.support.pagefactory.DefaultElementLocator.findElement(DefaultElementLocator.java:68)\n\tat org.openqa.selenium.support.pagefactory.internal.LocatingElementHandler.invoke(LocatingElementHandler.java:38)\n\tat com.sun.proxy.$Proxy19.isDisplayed(Unknown Source)\n\tat org.openqa.selenium.support.ui.ExpectedConditions.elementIfVisible(ExpectedConditions.java:304)\n\tat org.openqa.selenium.support.ui.ExpectedConditions$10.apply(ExpectedConditions.java:290)\n\tat org.openqa.selenium.support.ui.ExpectedConditions$10.apply(ExpectedConditions.java:287)\n\tat org.openqa.selenium.support.ui.FluentWait.until(FluentWait.java:204)\n\t... 25 more\n","steps":[{"name":"goToLoginPage","time":{"start":1703698167101,"stop":1703698167547,"duration":446},"status":"passed","steps":[],"attachments":[],"parameters":[],"stepsCount":0,"attachmentsCount":0,"hasContent":false,"attachmentStep":false,"shouldDisplayMessage":false},{"name":"inputEmailField","time":{"start":1703698167547,"stop":1703698167631,"duration":84},"status":"passed","steps":[],"attachments":[],"parameters":[{"name":"email","value":"eduqatautomationtesting@gmail.com"}],"stepsCount":0,"attachmentsCount":0,"hasContent":true,"attachmentStep":false,"shouldDisplayMessage":false},{"name":"inputPasswordField","time":{"start":1703698167631,"stop":1703698167699,"duration":68},"status":"passed","steps":[],"attachments":[],"parameters":[],"stepsCount":0,"attachmentsCount":0,"hasContent":false,"attachmentStep":false,"shouldDisplayMessage":false},{"name":"clickLoginButton","time":{"start":1703698167699,"stop":1703698167769,"duration":70},"status":"passed","steps":[],"attachments":[],"parameters":[],"stepsCount":0,"attachmentsCount":0,"hasContent":false,"attachmentStep":false,"shouldDisplayMessage":false},{"name":"inputEmailInboxField","time":{"start":1703698167769,"stop":1703698168398,"duration":629},"status":"passed","steps":[],"attachments":[],"parameters":[{"name":"email","value":"1241bahert3@mailsac.com"}],"stepsCount":0,"attachmentsCount":0,"hasContent":true,"attachmentStep":false,"shouldDisplayMessage":false},{"name":"clickCheckEmailButton","time":{"start":1703698168398,"stop":1703698168746,"duration":348},"status":"passed","steps":[],"attachments":[],"parameters":[],"stepsCount":0,"attachmentsCount":0,"hasContent":false,"attachmentStep":false,"shouldDisplayMessage":false},{"name":"clickEmail","time":{"start":1703698168747,"stop":1703698168808,"duration":61},"status":"passed","steps":[],"attachments":[],"parameters":[],"stepsCount":0,"attachmentsCount":0,"hasContent":false,"attachmentStep":false,"shouldDisplayMessage":false},{"name":"clickUnblockLinkButton","time":{"start":1703698168808,"stop":1703698168889,"duration":81},"status":"passed","steps":[],"attachments":[],"parameters":[],"stepsCount":0,"attachmentsCount":0,"hasContent":false,"attachmentStep":false,"shouldDisplayMessage":false},{"name":"clickAcceptInvButton","time":{"start":1703698168907,"stop":1703698241719,"duration":72812},"status":"broken","statusMessage":"Expected condition failed: waiting for visibility of Proxy element for: DefaultElementLocator 'By.xpath: //a[.='Accept Invitation']' (tried for 60 second(s) with 500 milliseconds interval)","statusTrace":"org.openqa.selenium.TimeoutException: Expected condition failed: waiting for visibility of Proxy element for: DefaultElementLocator 'By.xpath: //a[.='Accept Invitation']' (tried for 60 second(s) with 500 milliseconds interval)\n\tat org.openqa.selenium.support.ui.WebDriverWait.timeoutException(WebDriverWait.java:84)\n\tat org.openqa.selenium.support.ui.FluentWait.until(FluentWait.java:229)\n\tat com.qa.Components.GeneralObject.waitElementsDisplay(GeneralObject.java:61)\n\tat com.qa.PageObjects.EmailPage.EmailInbox.clickAcceptInvButton(EmailInbox.java:106)\n\tat com.test.TestCases.InvitationUser.AcceptInvitationUser.acceptUserEducator(AcceptInvitationUser.java:72)\n\tat java.base/jdk.internal.reflect.NativeMethodAccessorImpl.invoke0(Native Method)\n\tat java.base/jdk.internal.reflect.NativeMethodAccessorImpl.invoke(NativeMethodAccessorImpl.java:62)\n\tat java.base/jdk.internal.reflect.DelegatingMethodAccessorImpl.invoke(DelegatingMethodAccessorImpl.java:43)\n\tat java.base/java.lang.reflect.Method.invoke(Method.java:566)\n\tat org.testng.internal.invokers.MethodInvocationHelper.invokeMethod(MethodInvocationHelper.java:139)\n\tat org.testng.internal.invokers.TestInvoker.invokeMethod(TestInvoker.java:664)\n\tat org.testng.internal.invokers.TestInvoker.invokeTestMethod(TestInvoker.java:227)\n\tat org.testng.internal.invokers.MethodRunner.runInSequence(MethodRunner.java:50)\n\tat org.testng.internal.invokers.TestInvoker$MethodInvocationAgent.invoke(TestInvoker.java:957)\n\tat org.testng.internal.invokers.TestInvoker.invokeTestMethods(TestInvoker.java:200)\n\tat org.testng.internal.invokers.TestMethodWorker.invokeTestMethods(TestMethodWorker.java:148)\n\tat org.testng.internal.invokers.TestMethodWorker.run(TestMethodWorker.java:128)\n\tat java.base/java.util.ArrayList.forEach(ArrayList.java:1541)\n\tat org.testng.TestRunner.privateRun(TestRunner.java:848)\n\tat org.testng.TestRunner.run(TestRunner.java:621)\n\tat org.testng.SuiteRunner.runTest(SuiteRunner.java:443)\n\tat org.testng.SuiteRunner$SuiteWorker.run(SuiteRunner.java:481)\n\tat org.testng.internal.thread.ThreadUtil.lambda$execute$0(ThreadUtil.java:58)\n\tat java.base/java.util.concurrent.FutureTask.run(FutureTask.java:264)\n\tat java.base/java.util.concurrent.ThreadPoolExecutor.runWorker(ThreadPoolExecutor.java:1128)\n\tat java.base/java.util.concurrent.ThreadPoolExecutor$Worker.run(ThreadPoolExecutor.java:628)\n\tat java.base/java.lang.Thread.run(Thread.java:829)\nCaused by: org.openqa.selenium.NoSuchElementException: no such element: Unable to locate element: {\"method\":\"xpath\",\"selector\":\"//a[.='Accept Invitation']\"}\n  (Session info: chrome=120.0.6099.109)\nFor documentation on this error, please visit: https://www.selenium.dev/documentation/webdriver/troubleshooting/errors#no-such-element-exception\nBuild info: version: '4.15.0', revision: '1d14b5521b'\nSystem info: os.name: 'Linux', os.arch: 'amd64', os.version: '6.2.0-1018-azure', java.version: '11.0.21'\nDriver info: org.openqa.selenium.remote.RemoteWebDriver\nCommand: [e34b5793765299ccafa54e9aa7557345, findElement {using=xpath, value=//a[.='Accept Invitation']}]\nCapabilities {acceptInsecureCerts: false, browserName: chrome, browserVersion: 120.0.6099.109, chrome: {chromedriverVersion: 120.0.6099.109 (3419140ab66..., userDataDir: /tmp/.org.chromium.Chromium...}, fedcm:accounts: true, goog:chromeOptions: {debuggerAddress: localhost:34939}, networkConnectionEnabled: false, pageLoadStrategy: normal, platformName: linux, proxy: Proxy(), se:bidiEnabled: false, se:cdp: ws://172.18.0.5:4444/sessio..., se:cdpVersion: 120.0.6099.109, se:vnc: ws://172.18.0.5:4444/sessio..., se:vncEnabled: true, se:vncLocalAddress: ws://172.18.0.5:7900, setWindowRect: true, strictFileInteractability: false, timeouts: {implicit: 0, pageLoad: 300000, script: 30000}, unhandledPromptBehavior: dismiss and notify, webauthn:extension:credBlob: true, webauthn:extension:largeBlob: true, webauthn:extension:minPinLength: true, webauthn:extension:prf: true, webauthn:virtualAuthenticators: true}\nSession ID: e34b5793765299ccafa54e9aa7557345\n\tat jdk.internal.reflect.GeneratedConstructorAccessor56.newInstance(Unknown Source)\n\tat java.base/jdk.internal.reflect.DelegatingConstructorAccessorImpl.newInstance(DelegatingConstructorAccessorImpl.java:45)\n\tat java.base/java.lang.reflect.Constructor.newInstance(Constructor.java:490)\n\tat org.openqa.selenium.remote.codec.w3c.W3CHttpResponseCodec.createException(W3CHttpResponseCodec.java:200)\n\tat org.openqa.selenium.remote.codec.w3c.W3CHttpResponseCodec.decode(W3CHttpResponseCodec.java:133)\n\tat org.openqa.selenium.remote.codec.w3c.W3CHttpResponseCodec.decode(W3CHttpResponseCodec.java:52)\n\tat org.openqa.selenium.remote.HttpCommandExecutor.execute(HttpCommandExecutor.java:191)\n\tat org.openqa.selenium.remote.TracedCommandExecutor.execute(TracedCommandExecutor.java:51)\n\tat org.openqa.selenium.remote.RemoteWebDriver.execute(RemoteWebDriver.java:607)\n\tat org.openqa.selenium.remote.ElementLocation$ElementFinder$2.findElement(ElementLocation.java:165)\n\tat org.openqa.selenium.remote.ElementLocation.findElement(ElementLocation.java:59)\n\tat org.openqa.selenium.remote.RemoteWebDriver.findElement(RemoteWebDriver.java:364)\n\tat org.openqa.selenium.remote.RemoteWebDriver.findElement(RemoteWebDriver.java:358)\n\tat org.openqa.selenium.support.pagefactory.DefaultElementLocator.findElement(DefaultElementLocator.java:68)\n\tat org.openqa.selenium.support.pagefactory.internal.LocatingElementHandler.invoke(LocatingElementHandler.java:38)\n\tat com.sun.proxy.$Proxy19.isDisplayed(Unknown Source)\n\tat org.openqa.selenium.support.ui.ExpectedConditions.elementIfVisible(ExpectedConditions.java:304)\n\tat org.openqa.selenium.support.ui.ExpectedConditions$10.apply(ExpectedConditions.java:290)\n\tat org.openqa.selenium.support.ui.ExpectedConditions$10.apply(ExpectedConditions.java:287)\n\tat org.openqa.selenium.support.ui.FluentWait.until(FluentWait.java:204)\n\t... 25 more\n","steps":[],"attachments":[],"parameters":[],"stepsCount":0,"attachmentsCount":0,"hasContent":true,"attachmentStep":false,"shouldDisplayMessage":true}],"attachments":[],"parameters":[],"stepsCount":9,"attachmentsCount":0,"hasContent":true,"attachmentStep":false,"shouldDisplayMessage":false},"afterStages":[{"name":"tearDown","time":{"start":1703698241720,"stop":1703698241846,"duration":126},"description":"","status":"passed","steps":[],"attachments":[],"parameters":[],"stepsCount":0,"attachmentsCount":0,"hasContent":false,"attachmentStep":false,"shouldDisplayMessage":false}],"labels":[{"name":"package","value":"com.test.TestCases.InvitationUser.AcceptInvitationUser"},{"name":"testClass","value":"com.test.TestCases.InvitationUser.AcceptInvitationUser"},{"name":"testMethod","value":"acceptUserEducator"},{"name":"parentSuite","value":"Suite"},{"name":"suite","value":"Accept Invitation Educator"},{"name":"subSuite","value":"com.test.TestCases.InvitationUser.AcceptInvitationUser"},{"name":"host","value":"fv-az1391-759"},{"name":"thread","value":"5225@fv-az1391-759.TestNG-tests-1(18)"},{"name":"framework","value":"testng"},{"name":"language","value":"java"},{"name":"story","value":"Accept Invitation User"},{"name":"feature","value":"Accept Invitation User"},{"name":"epic","value":"Accept Invitation User"},{"name":"resultFormat","value":"allure2"}],"parameters":[{"name":"emailEdu","value":"1241bahert3@mailsac.com"},{"name":"emailEdu2","value":"1241bahert3"},{"name":"url","value":"https://mailsac.com/"}],"links":[{"name":"allure","url":"https://example.org/mylink/allure","type":"mylink"},{"name":"TMS Link","url":"https://example.org/tms/TMS Link","type":"tms"}],"hidden":true,"retry":true,"extra":{"categories":[],"tags":[]},"source":"f49da352f9d3815e.json","parameterValues":["1241bahert3@mailsac.com","1241bahert3","https://mailsac.com/"]}