{"uid":"372f70eebc52fea","name":"Forgot Password Admin","fullName":"com.test.TestCases.ForgotPassword.ForgotPasswordAdmin.forgotPasswordSchool","historyId":"3543536802c34b3cec7ad6d5125aa950","time":{"start":1703158172533,"stop":1703158239373,"duration":66840},"description":"Forgot Password Admin","descriptionHtml":"<p>Forgot Password Admin</p>\n","status":"skipped","statusMessage":"Expected condition failed: waiting for invisibility of [[RemoteWebDriver: chrome on linux (a9aea9a6899e44ecb4fe949ec70469c6)] -> xpath: //h2[contains(text(),'Reset Password')]] (tried for 60 second(s) with 500 milliseconds interval)\nBuild info: version: '4.15.0', revision: '1d14b5521b'\nSystem info: os.name: 'Linux', os.arch: 'amd64', os.version: '6.2.0-1018-azure', java.version: '11.0.21'\nDriver info: org.openqa.selenium.remote.RemoteWebDriver\nCapabilities {acceptInsecureCerts: false, browserName: chrome, browserVersion: 120.0.6099.109, chrome: {chromedriverVersion: 120.0.6099.109 (3419140ab66..., userDataDir: /tmp/.org.chromium.Chromium...}, fedcm:accounts: true, goog:chromeOptions: {debuggerAddress: localhost:45519}, networkConnectionEnabled: false, pageLoadStrategy: normal, platformName: linux, proxy: Proxy(), se:bidiEnabled: false, se:cdp: ws://172.18.0.4:4444/sessio..., se:cdpVersion: 120.0.6099.109, se:vnc: ws://172.18.0.4:4444/sessio..., se:vncEnabled: true, se:vncLocalAddress: ws://172.18.0.4:7900, setWindowRect: true, strictFileInteractability: false, timeouts: {implicit: 0, pageLoad: 300000, script: 30000}, unhandledPromptBehavior: dismiss and notify, webauthn:extension:credBlob: true, webauthn:extension:largeBlob: true, webauthn:extension:minPinLength: true, webauthn:extension:prf: true, webauthn:virtualAuthenticators: true}\nSession ID: a9aea9a6899e44ecb4fe949ec70469c6","statusTrace":"org.openqa.selenium.TimeoutException: Expected condition failed: waiting for invisibility of [[RemoteWebDriver: chrome on linux (a9aea9a6899e44ecb4fe949ec70469c6)] -> xpath: //h2[contains(text(),'Reset Password')]] (tried for 60 second(s) with 500 milliseconds interval)\nBuild info: version: '4.15.0', revision: '1d14b5521b'\nSystem info: os.name: 'Linux', os.arch: 'amd64', os.version: '6.2.0-1018-azure', java.version: '11.0.21'\nDriver info: org.openqa.selenium.remote.RemoteWebDriver\nCapabilities {acceptInsecureCerts: false, browserName: chrome, browserVersion: 120.0.6099.109, chrome: {chromedriverVersion: 120.0.6099.109 (3419140ab66..., userDataDir: /tmp/.org.chromium.Chromium...}, fedcm:accounts: true, goog:chromeOptions: {debuggerAddress: localhost:45519}, networkConnectionEnabled: false, pageLoadStrategy: normal, platformName: linux, proxy: Proxy(), se:bidiEnabled: false, se:cdp: ws://172.18.0.4:4444/sessio..., se:cdpVersion: 120.0.6099.109, se:vnc: ws://172.18.0.4:4444/sessio..., se:vncEnabled: true, se:vncLocalAddress: ws://172.18.0.4:7900, setWindowRect: true, strictFileInteractability: false, timeouts: {implicit: 0, pageLoad: 300000, script: 30000}, unhandledPromptBehavior: dismiss and notify, webauthn:extension:credBlob: true, webauthn:extension:largeBlob: true, webauthn:extension:minPinLength: true, webauthn:extension:prf: true, webauthn:virtualAuthenticators: true}\nSession ID: a9aea9a6899e44ecb4fe949ec70469c6\n\tat org.openqa.selenium.support.ui.WebDriverWait.timeoutException(WebDriverWait.java:84)\n\tat org.openqa.selenium.support.ui.FluentWait.until(FluentWait.java:229)\n\tat com.qa.PageObjects.SchoolWebPage.GeneralObjectSchool.waitElementsNotDisplay(GeneralObjectSchool.java:28)\n\tat com.qa.PageObjects.SchoolWebPage.ForgotPasswordSchoolPage.resetPasswordTextInvisible(ForgotPasswordSchoolPage.java:108)\n\tat com.test.TestCases.ForgotPassword.ForgotPasswordAdmin.forgotPasswordSchool(ForgotPasswordAdmin.java:42)\n\tat java.base/jdk.internal.reflect.NativeMethodAccessorImpl.invoke0(Native Method)\n\tat java.base/jdk.internal.reflect.NativeMethodAccessorImpl.invoke(NativeMethodAccessorImpl.java:62)\n\tat java.base/jdk.internal.reflect.DelegatingMethodAccessorImpl.invoke(DelegatingMethodAccessorImpl.java:43)\n\tat java.base/java.lang.reflect.Method.invoke(Method.java:566)\n\tat org.testng.internal.invokers.MethodInvocationHelper.invokeMethod(MethodInvocationHelper.java:139)\n\tat org.testng.internal.invokers.TestInvoker.invokeMethod(TestInvoker.java:664)\n\tat org.testng.internal.invokers.TestInvoker.invokeTestMethod(TestInvoker.java:227)\n\tat org.testng.internal.invokers.MethodRunner.runInSequence(MethodRunner.java:50)\n\tat org.testng.internal.invokers.TestInvoker$MethodInvocationAgent.invoke(TestInvoker.java:957)\n\tat org.testng.internal.invokers.TestInvoker.invokeTestMethods(TestInvoker.java:200)\n\tat org.testng.internal.invokers.TestMethodWorker.invokeTestMethods(TestMethodWorker.java:148)\n\tat org.testng.internal.invokers.TestMethodWorker.run(TestMethodWorker.java:128)\n\tat java.base/java.util.ArrayList.forEach(ArrayList.java:1541)\n\tat org.testng.TestRunner.privateRun(TestRunner.java:848)\n\tat org.testng.TestRunner.run(TestRunner.java:621)\n\tat org.testng.SuiteRunner.runTest(SuiteRunner.java:443)\n\tat org.testng.SuiteRunner$SuiteWorker.run(SuiteRunner.java:481)\n\tat org.testng.internal.thread.ThreadUtil.lambda$execute$0(ThreadUtil.java:58)\n\tat java.base/java.util.concurrent.FutureTask.run(FutureTask.java:264)\n\tat java.base/java.util.concurrent.ThreadPoolExecutor.runWorker(ThreadPoolExecutor.java:1128)\n\tat java.base/java.util.concurrent.ThreadPoolExecutor$Worker.run(ThreadPoolExecutor.java:628)\n\tat java.base/java.lang.Thread.run(Thread.java:829)\n","flaky":false,"newFailed":false,"newBroken":false,"newPassed":false,"retriesCount":0,"retriesStatusChange":false,"beforeStages":[{"name":"launchApp","time":{"start":1703158164881,"stop":1703158172322,"duration":7441},"description":"","status":"passed","steps":[],"attachments":[],"parameters":[],"shouldDisplayMessage":false,"stepsCount":0,"attachmentsCount":0,"hasContent":false,"attachmentStep":false}],"testStage":{"description":"Forgot Password Admin","status":"skipped","statusMessage":"Expected condition failed: waiting for invisibility of [[RemoteWebDriver: chrome on linux (a9aea9a6899e44ecb4fe949ec70469c6)] -> xpath: //h2[contains(text(),'Reset Password')]] (tried for 60 second(s) with 500 milliseconds interval)\nBuild info: version: '4.15.0', revision: '1d14b5521b'\nSystem info: os.name: 'Linux', os.arch: 'amd64', os.version: '6.2.0-1018-azure', java.version: '11.0.21'\nDriver info: org.openqa.selenium.remote.RemoteWebDriver\nCapabilities {acceptInsecureCerts: false, browserName: chrome, browserVersion: 120.0.6099.109, chrome: {chromedriverVersion: 120.0.6099.109 (3419140ab66..., userDataDir: /tmp/.org.chromium.Chromium...}, fedcm:accounts: true, goog:chromeOptions: {debuggerAddress: localhost:45519}, networkConnectionEnabled: false, pageLoadStrategy: normal, platformName: linux, proxy: Proxy(), se:bidiEnabled: false, se:cdp: ws://172.18.0.4:4444/sessio..., se:cdpVersion: 120.0.6099.109, se:vnc: ws://172.18.0.4:4444/sessio..., se:vncEnabled: true, se:vncLocalAddress: ws://172.18.0.4:7900, setWindowRect: true, strictFileInteractability: false, timeouts: {implicit: 0, pageLoad: 300000, script: 30000}, unhandledPromptBehavior: dismiss and notify, webauthn:extension:credBlob: true, webauthn:extension:largeBlob: true, webauthn:extension:minPinLength: true, webauthn:extension:prf: true, webauthn:virtualAuthenticators: true}\nSession ID: a9aea9a6899e44ecb4fe949ec70469c6","statusTrace":"org.openqa.selenium.TimeoutException: Expected condition failed: waiting for invisibility of [[RemoteWebDriver: chrome on linux (a9aea9a6899e44ecb4fe949ec70469c6)] -> xpath: //h2[contains(text(),'Reset Password')]] (tried for 60 second(s) with 500 milliseconds interval)\nBuild info: version: '4.15.0', revision: '1d14b5521b'\nSystem info: os.name: 'Linux', os.arch: 'amd64', os.version: '6.2.0-1018-azure', java.version: '11.0.21'\nDriver info: org.openqa.selenium.remote.RemoteWebDriver\nCapabilities {acceptInsecureCerts: false, browserName: chrome, browserVersion: 120.0.6099.109, chrome: {chromedriverVersion: 120.0.6099.109 (3419140ab66..., userDataDir: /tmp/.org.chromium.Chromium...}, fedcm:accounts: true, goog:chromeOptions: {debuggerAddress: localhost:45519}, networkConnectionEnabled: false, pageLoadStrategy: normal, platformName: linux, proxy: Proxy(), se:bidiEnabled: false, se:cdp: ws://172.18.0.4:4444/sessio..., se:cdpVersion: 120.0.6099.109, se:vnc: ws://172.18.0.4:4444/sessio..., se:vncEnabled: true, se:vncLocalAddress: ws://172.18.0.4:7900, setWindowRect: true, strictFileInteractability: false, timeouts: {implicit: 0, pageLoad: 300000, script: 30000}, unhandledPromptBehavior: dismiss and notify, webauthn:extension:credBlob: true, webauthn:extension:largeBlob: true, webauthn:extension:minPinLength: true, webauthn:extension:prf: true, webauthn:virtualAuthenticators: true}\nSession ID: a9aea9a6899e44ecb4fe949ec70469c6\n\tat org.openqa.selenium.support.ui.WebDriverWait.timeoutException(WebDriverWait.java:84)\n\tat org.openqa.selenium.support.ui.FluentWait.until(FluentWait.java:229)\n\tat com.qa.PageObjects.SchoolWebPage.GeneralObjectSchool.waitElementsNotDisplay(GeneralObjectSchool.java:28)\n\tat com.qa.PageObjects.SchoolWebPage.ForgotPasswordSchoolPage.resetPasswordTextInvisible(ForgotPasswordSchoolPage.java:108)\n\tat com.test.TestCases.ForgotPassword.ForgotPasswordAdmin.forgotPasswordSchool(ForgotPasswordAdmin.java:42)\n\tat java.base/jdk.internal.reflect.NativeMethodAccessorImpl.invoke0(Native Method)\n\tat java.base/jdk.internal.reflect.NativeMethodAccessorImpl.invoke(NativeMethodAccessorImpl.java:62)\n\tat java.base/jdk.internal.reflect.DelegatingMethodAccessorImpl.invoke(DelegatingMethodAccessorImpl.java:43)\n\tat java.base/java.lang.reflect.Method.invoke(Method.java:566)\n\tat org.testng.internal.invokers.MethodInvocationHelper.invokeMethod(MethodInvocationHelper.java:139)\n\tat org.testng.internal.invokers.TestInvoker.invokeMethod(TestInvoker.java:664)\n\tat org.testng.internal.invokers.TestInvoker.invokeTestMethod(TestInvoker.java:227)\n\tat org.testng.internal.invokers.MethodRunner.runInSequence(MethodRunner.java:50)\n\tat org.testng.internal.invokers.TestInvoker$MethodInvocationAgent.invoke(TestInvoker.java:957)\n\tat org.testng.internal.invokers.TestInvoker.invokeTestMethods(TestInvoker.java:200)\n\tat org.testng.internal.invokers.TestMethodWorker.invokeTestMethods(TestMethodWorker.java:148)\n\tat org.testng.internal.invokers.TestMethodWorker.run(TestMethodWorker.java:128)\n\tat java.base/java.util.ArrayList.forEach(ArrayList.java:1541)\n\tat org.testng.TestRunner.privateRun(TestRunner.java:848)\n\tat org.testng.TestRunner.run(TestRunner.java:621)\n\tat org.testng.SuiteRunner.runTest(SuiteRunner.java:443)\n\tat org.testng.SuiteRunner$SuiteWorker.run(SuiteRunner.java:481)\n\tat org.testng.internal.thread.ThreadUtil.lambda$execute$0(ThreadUtil.java:58)\n\tat java.base/java.util.concurrent.FutureTask.run(FutureTask.java:264)\n\tat java.base/java.util.concurrent.ThreadPoolExecutor.runWorker(ThreadPoolExecutor.java:1128)\n\tat java.base/java.util.concurrent.ThreadPoolExecutor$Worker.run(ThreadPoolExecutor.java:628)\n\tat java.base/java.lang.Thread.run(Thread.java:829)\n","steps":[{"name":"clickLoginButton","time":{"start":1703158172552,"stop":1703158172838,"duration":286},"status":"passed","steps":[{"name":"waitElementsDisplay","time":{"start":1703158172649,"stop":1703158172742,"duration":93},"status":"passed","steps":[],"attachments":[],"parameters":[{"name":"findBy","value":"[[RemoteWebDriver: chrome on linux (a9aea9a6899e44ecb4fe949ec70469c6)] -> xpath: //a[.='Log in']]"}],"shouldDisplayMessage":false,"stepsCount":0,"attachmentsCount":0,"hasContent":true,"attachmentStep":false}],"attachments":[],"parameters":[],"shouldDisplayMessage":false,"stepsCount":1,"attachmentsCount":0,"hasContent":true,"attachmentStep":false},{"name":"clickGoToForgotPassword","time":{"start":1703158172838,"stop":1703158173212,"duration":374},"status":"passed","steps":[{"name":"waitElementsDisplay","time":{"start":1703158173054,"stop":1703158173124,"duration":70},"status":"passed","steps":[],"attachments":[],"parameters":[{"name":"findBy","value":"[[RemoteWebDriver: chrome on linux (a9aea9a6899e44ecb4fe949ec70469c6)] -> xpath: //a[.='Forgot Password?']]"}],"shouldDisplayMessage":false,"stepsCount":0,"attachmentsCount":0,"hasContent":true,"attachmentStep":false}],"attachments":[],"parameters":[],"shouldDisplayMessage":false,"stepsCount":1,"attachmentsCount":0,"hasContent":true,"attachmentStep":false},{"name":"inputEmailField","time":{"start":1703158173214,"stop":1703158173506,"duration":292},"status":"passed","steps":[{"name":"waitElementsDisplay","time":{"start":1703158173245,"stop":1703158173297,"duration":52},"status":"passed","steps":[],"attachments":[],"parameters":[{"name":"findBy","value":"[[RemoteWebDriver: chrome on linux (a9aea9a6899e44ecb4fe949ec70469c6)] -> xpath: //input[@id='email']]"}],"shouldDisplayMessage":false,"stepsCount":0,"attachmentsCount":0,"hasContent":true,"attachmentStep":false}],"attachments":[],"parameters":[{"name":"email","value":"qe81hb1172asdc@mailsac.com"}],"shouldDisplayMessage":false,"stepsCount":1,"attachmentsCount":0,"hasContent":true,"attachmentStep":false},{"name":"clickResetButton","time":{"start":1703158173506,"stop":1703158173686,"duration":180},"status":"passed","steps":[{"name":"waitElementsDisplay","time":{"start":1703158173540,"stop":1703158173602,"duration":62},"status":"passed","steps":[],"attachments":[],"parameters":[{"name":"findBy","value":"[[RemoteWebDriver: chrome on linux (a9aea9a6899e44ecb4fe949ec70469c6)] -> css selector: .submit-btn]"}],"shouldDisplayMessage":false,"stepsCount":0,"attachmentsCount":0,"hasContent":true,"attachmentStep":false}],"attachments":[],"parameters":[],"shouldDisplayMessage":false,"stepsCount":1,"attachmentsCount":0,"hasContent":true,"attachmentStep":false},{"name":"goToLoginPage","time":{"start":1703158173821,"stop":1703158175676,"duration":1855},"status":"passed","steps":[],"attachments":[],"parameters":[],"shouldDisplayMessage":false,"stepsCount":0,"attachmentsCount":0,"hasContent":false,"attachmentStep":false},{"name":"inputEmailField","time":{"start":1703158175676,"stop":1703158175854,"duration":178},"status":"passed","steps":[],"attachments":[],"parameters":[{"name":"email","value":"eduqatautomationtesting@gmail.com"}],"shouldDisplayMessage":false,"stepsCount":0,"attachmentsCount":0,"hasContent":true,"attachmentStep":false},{"name":"inputPasswordField","time":{"start":1703158175854,"stop":1703158176019,"duration":165},"status":"passed","steps":[],"attachments":[],"parameters":[],"shouldDisplayMessage":false,"stepsCount":0,"attachmentsCount":0,"hasContent":false,"attachmentStep":false},{"name":"clickLoginButton","time":{"start":1703158176019,"stop":1703158176178,"duration":159},"status":"passed","steps":[],"attachments":[],"parameters":[],"shouldDisplayMessage":false,"stepsCount":0,"attachmentsCount":0,"hasContent":false,"attachmentStep":false},{"name":"inputEmailInboxField","time":{"start":1703158176178,"stop":1703158177182,"duration":1004},"status":"passed","steps":[],"attachments":[],"parameters":[{"name":"email","value":"qe81hb1172asdc@mailsac.com"}],"shouldDisplayMessage":false,"stepsCount":0,"attachmentsCount":0,"hasContent":true,"attachmentStep":false},{"name":"clickCheckEmailButton","time":{"start":1703158177182,"stop":1703158177603,"duration":421},"status":"passed","steps":[],"attachments":[],"parameters":[],"shouldDisplayMessage":false,"stepsCount":0,"attachmentsCount":0,"hasContent":false,"attachmentStep":false},{"name":"clickEmail","time":{"start":1703158177603,"stop":1703158177739,"duration":136},"status":"passed","steps":[],"attachments":[],"parameters":[],"shouldDisplayMessage":false,"stepsCount":0,"attachmentsCount":0,"hasContent":false,"attachmentStep":false},{"name":"clickUnblockLinkButton","time":{"start":1703158177739,"stop":1703158177861,"duration":122},"status":"passed","steps":[],"attachments":[],"parameters":[],"shouldDisplayMessage":false,"stepsCount":0,"attachmentsCount":0,"hasContent":false,"attachmentStep":false},{"name":"getCodeVerifyForgotPasswordText","time":{"start":1703158177983,"stop":1703158178258,"duration":275},"status":"passed","steps":[],"attachments":[],"parameters":[],"shouldDisplayMessage":false,"stepsCount":0,"attachmentsCount":0,"hasContent":false,"attachmentStep":false},{"name":"inputCodeForgotEmailField","time":{"start":1703158178276,"stop":1703158178430,"duration":154},"status":"passed","steps":[{"name":"waitElementsDisplay","time":{"start":1703158178300,"stop":1703158178331,"duration":31},"status":"passed","steps":[],"attachments":[],"parameters":[{"name":"findBy","value":"[[RemoteWebDriver: chrome on linux (a9aea9a6899e44ecb4fe949ec70469c6)] -> xpath: //input[@id='code']]"}],"shouldDisplayMessage":false,"stepsCount":0,"attachmentsCount":0,"hasContent":true,"attachmentStep":false}],"attachments":[],"parameters":[{"name":"code","value":"484713"}],"shouldDisplayMessage":false,"stepsCount":1,"attachmentsCount":0,"hasContent":true,"attachmentStep":false},{"name":"inputNewPasswordField","time":{"start":1703158178431,"stop":1703158178627,"duration":196},"status":"passed","steps":[{"name":"waitElementsDisplay","time":{"start":1703158178453,"stop":1703158178499,"duration":46},"status":"passed","steps":[],"attachments":[],"parameters":[{"name":"findBy","value":"[[RemoteWebDriver: chrome on linux (a9aea9a6899e44ecb4fe949ec70469c6)] -> xpath: //input[@id='password']]"}],"shouldDisplayMessage":false,"stepsCount":0,"attachmentsCount":0,"hasContent":true,"attachmentStep":false}],"attachments":[],"parameters":[{"name":"pass","value":"testing123"}],"shouldDisplayMessage":false,"stepsCount":1,"attachmentsCount":0,"hasContent":true,"attachmentStep":false},{"name":"inputReEnterNewPasswordField","time":{"start":1703158178627,"stop":1703158178807,"duration":180},"status":"passed","steps":[{"name":"waitElementsDisplay","time":{"start":1703158178648,"stop":1703158178691,"duration":43},"status":"passed","steps":[],"attachments":[],"parameters":[{"name":"findBy","value":"[[RemoteWebDriver: chrome on linux (a9aea9a6899e44ecb4fe949ec70469c6)] -> xpath: //input[@id='re_password']]"}],"shouldDisplayMessage":false,"stepsCount":0,"attachmentsCount":0,"hasContent":true,"attachmentStep":false}],"attachments":[],"parameters":[{"name":"reEnter","value":"testing123"}],"shouldDisplayMessage":false,"stepsCount":1,"attachmentsCount":0,"hasContent":true,"attachmentStep":false},{"name":"clickConfirmReset","time":{"start":1703158178807,"stop":1703158178960,"duration":153},"status":"passed","steps":[{"name":"waitElementsDisplay","time":{"start":1703158178832,"stop":1703158178875,"duration":43},"status":"passed","steps":[],"attachments":[],"parameters":[{"name":"findBy","value":"[[RemoteWebDriver: chrome on linux (a9aea9a6899e44ecb4fe949ec70469c6)] -> css selector: .Button2-sc-12miqch-0]"}],"shouldDisplayMessage":false,"stepsCount":0,"attachmentsCount":0,"hasContent":true,"attachmentStep":false}],"attachments":[],"parameters":[],"shouldDisplayMessage":false,"stepsCount":1,"attachmentsCount":0,"hasContent":true,"attachmentStep":false},{"name":"resetPasswordTextInvisible","time":{"start":1703158178961,"stop":1703158239369,"duration":60408},"status":"broken","statusMessage":"Expected condition failed: waiting for invisibility of [[RemoteWebDriver: chrome on linux (a9aea9a6899e44ecb4fe949ec70469c6)] -> xpath: //h2[contains(text(),'Reset Password')]] (tried for 60 second(s) with 500 milliseconds interval)\nBuild info: version: '4.15.0', revision: '1d14b5521b'\nSystem info: os.name: 'Linux', os.arch: 'amd64', os.version: '6.2.0-1018-azure', java.version: '11.0.21'\nDriver info: org.openqa.selenium.remote.RemoteWebDriver\nCapabilities {acceptInsecureCerts: false, browserName: chrome, browserVersion: 120.0.6099.109, chrome: {chromedriverVersion: 120.0.6099.109 (3419140ab66..., userDataDir: /tmp/.org.chromium.Chromium...}, fedcm:accounts: true, goog:chromeOptions: {debuggerAddress: localhost:45519}, networkConnectionEnabled: false, pageLoadStrategy: normal, platformName: linux, proxy: Proxy(), se:bidiEnabled: false, se:cdp: ws://172.18.0.4:4444/sessio..., se:cdpVersion: 120.0.6099.109, se:vnc: ws://172.18.0.4:4444/sessio..., se:vncEnabled: true, se:vncLocalAddress: ws://172.18.0.4:7900, setWindowRect: true, strictFileInteractability: false, timeouts: {implicit: 0, pageLoad: 300000, script: 30000}, unhandledPromptBehavior: dismiss and notify, webauthn:extension:credBlob: true, webauthn:extension:largeBlob: true, webauthn:extension:minPinLength: true, webauthn:extension:prf: true, webauthn:virtualAuthenticators: true}\nSession ID: a9aea9a6899e44ecb4fe949ec70469c6","statusTrace":"org.openqa.selenium.TimeoutException: Expected condition failed: waiting for invisibility of [[RemoteWebDriver: chrome on linux (a9aea9a6899e44ecb4fe949ec70469c6)] -> xpath: //h2[contains(text(),'Reset Password')]] (tried for 60 second(s) with 500 milliseconds interval)\nBuild info: version: '4.15.0', revision: '1d14b5521b'\nSystem info: os.name: 'Linux', os.arch: 'amd64', os.version: '6.2.0-1018-azure', java.version: '11.0.21'\nDriver info: org.openqa.selenium.remote.RemoteWebDriver\nCapabilities {acceptInsecureCerts: false, browserName: chrome, browserVersion: 120.0.6099.109, chrome: {chromedriverVersion: 120.0.6099.109 (3419140ab66..., userDataDir: /tmp/.org.chromium.Chromium...}, fedcm:accounts: true, goog:chromeOptions: {debuggerAddress: localhost:45519}, networkConnectionEnabled: false, pageLoadStrategy: normal, platformName: linux, proxy: Proxy(), se:bidiEnabled: false, se:cdp: ws://172.18.0.4:4444/sessio..., se:cdpVersion: 120.0.6099.109, se:vnc: ws://172.18.0.4:4444/sessio..., se:vncEnabled: true, se:vncLocalAddress: ws://172.18.0.4:7900, setWindowRect: true, strictFileInteractability: false, timeouts: {implicit: 0, pageLoad: 300000, script: 30000}, unhandledPromptBehavior: dismiss and notify, webauthn:extension:credBlob: true, webauthn:extension:largeBlob: true, webauthn:extension:minPinLength: true, webauthn:extension:prf: true, webauthn:virtualAuthenticators: true}\nSession ID: a9aea9a6899e44ecb4fe949ec70469c6\n\tat org.openqa.selenium.support.ui.WebDriverWait.timeoutException(WebDriverWait.java:84)\n\tat org.openqa.selenium.support.ui.FluentWait.until(FluentWait.java:229)\n\tat com.qa.PageObjects.SchoolWebPage.GeneralObjectSchool.waitElementsNotDisplay(GeneralObjectSchool.java:28)\n\tat com.qa.PageObjects.SchoolWebPage.ForgotPasswordSchoolPage.resetPasswordTextInvisible(ForgotPasswordSchoolPage.java:108)\n\tat com.test.TestCases.ForgotPassword.ForgotPasswordAdmin.forgotPasswordSchool(ForgotPasswordAdmin.java:42)\n\tat java.base/jdk.internal.reflect.NativeMethodAccessorImpl.invoke0(Native Method)\n\tat java.base/jdk.internal.reflect.NativeMethodAccessorImpl.invoke(NativeMethodAccessorImpl.java:62)\n\tat java.base/jdk.internal.reflect.DelegatingMethodAccessorImpl.invoke(DelegatingMethodAccessorImpl.java:43)\n\tat java.base/java.lang.reflect.Method.invoke(Method.java:566)\n\tat org.testng.internal.invokers.MethodInvocationHelper.invokeMethod(MethodInvocationHelper.java:139)\n\tat org.testng.internal.invokers.TestInvoker.invokeMethod(TestInvoker.java:664)\n\tat org.testng.internal.invokers.TestInvoker.invokeTestMethod(TestInvoker.java:227)\n\tat org.testng.internal.invokers.MethodRunner.runInSequence(MethodRunner.java:50)\n\tat org.testng.internal.invokers.TestInvoker$MethodInvocationAgent.invoke(TestInvoker.java:957)\n\tat org.testng.internal.invokers.TestInvoker.invokeTestMethods(TestInvoker.java:200)\n\tat org.testng.internal.invokers.TestMethodWorker.invokeTestMethods(TestMethodWorker.java:148)\n\tat org.testng.internal.invokers.TestMethodWorker.run(TestMethodWorker.java:128)\n\tat java.base/java.util.ArrayList.forEach(ArrayList.java:1541)\n\tat org.testng.TestRunner.privateRun(TestRunner.java:848)\n\tat org.testng.TestRunner.run(TestRunner.java:621)\n\tat org.testng.SuiteRunner.runTest(SuiteRunner.java:443)\n\tat org.testng.SuiteRunner$SuiteWorker.run(SuiteRunner.java:481)\n\tat org.testng.internal.thread.ThreadUtil.lambda$execute$0(ThreadUtil.java:58)\n\tat java.base/java.util.concurrent.FutureTask.run(FutureTask.java:264)\n\tat java.base/java.util.concurrent.ThreadPoolExecutor.runWorker(ThreadPoolExecutor.java:1128)\n\tat java.base/java.util.concurrent.ThreadPoolExecutor$Worker.run(ThreadPoolExecutor.java:628)\n\tat java.base/java.lang.Thread.run(Thread.java:829)\n","steps":[{"name":"waitElementsNotDisplay","time":{"start":1703158178996,"stop":1703158239369,"duration":60373},"status":"broken","statusMessage":"Expected condition failed: waiting for invisibility of [[RemoteWebDriver: chrome on linux (a9aea9a6899e44ecb4fe949ec70469c6)] -> xpath: //h2[contains(text(),'Reset Password')]] (tried for 60 second(s) with 500 milliseconds interval)\nBuild info: version: '4.15.0', revision: '1d14b5521b'\nSystem info: os.name: 'Linux', os.arch: 'amd64', os.version: '6.2.0-1018-azure', java.version: '11.0.21'\nDriver info: org.openqa.selenium.remote.RemoteWebDriver\nCapabilities {acceptInsecureCerts: false, browserName: chrome, browserVersion: 120.0.6099.109, chrome: {chromedriverVersion: 120.0.6099.109 (3419140ab66..., userDataDir: /tmp/.org.chromium.Chromium...}, fedcm:accounts: true, goog:chromeOptions: {debuggerAddress: localhost:45519}, networkConnectionEnabled: false, pageLoadStrategy: normal, platformName: linux, proxy: Proxy(), se:bidiEnabled: false, se:cdp: ws://172.18.0.4:4444/sessio..., se:cdpVersion: 120.0.6099.109, se:vnc: ws://172.18.0.4:4444/sessio..., se:vncEnabled: true, se:vncLocalAddress: ws://172.18.0.4:7900, setWindowRect: true, strictFileInteractability: false, timeouts: {implicit: 0, pageLoad: 300000, script: 30000}, unhandledPromptBehavior: dismiss and notify, webauthn:extension:credBlob: true, webauthn:extension:largeBlob: true, webauthn:extension:minPinLength: true, webauthn:extension:prf: true, webauthn:virtualAuthenticators: true}\nSession ID: a9aea9a6899e44ecb4fe949ec70469c6","statusTrace":"org.openqa.selenium.TimeoutException: Expected condition failed: waiting for invisibility of [[RemoteWebDriver: chrome on linux (a9aea9a6899e44ecb4fe949ec70469c6)] -> xpath: //h2[contains(text(),'Reset Password')]] (tried for 60 second(s) with 500 milliseconds interval)\nBuild info: version: '4.15.0', revision: '1d14b5521b'\nSystem info: os.name: 'Linux', os.arch: 'amd64', os.version: '6.2.0-1018-azure', java.version: '11.0.21'\nDriver info: org.openqa.selenium.remote.RemoteWebDriver\nCapabilities {acceptInsecureCerts: false, browserName: chrome, browserVersion: 120.0.6099.109, chrome: {chromedriverVersion: 120.0.6099.109 (3419140ab66..., userDataDir: /tmp/.org.chromium.Chromium...}, fedcm:accounts: true, goog:chromeOptions: {debuggerAddress: localhost:45519}, networkConnectionEnabled: false, pageLoadStrategy: normal, platformName: linux, proxy: Proxy(), se:bidiEnabled: false, se:cdp: ws://172.18.0.4:4444/sessio..., se:cdpVersion: 120.0.6099.109, se:vnc: ws://172.18.0.4:4444/sessio..., se:vncEnabled: true, se:vncLocalAddress: ws://172.18.0.4:7900, setWindowRect: true, strictFileInteractability: false, timeouts: {implicit: 0, pageLoad: 300000, script: 30000}, unhandledPromptBehavior: dismiss and notify, webauthn:extension:credBlob: true, webauthn:extension:largeBlob: true, webauthn:extension:minPinLength: true, webauthn:extension:prf: true, webauthn:virtualAuthenticators: true}\nSession ID: a9aea9a6899e44ecb4fe949ec70469c6\n\tat org.openqa.selenium.support.ui.WebDriverWait.timeoutException(WebDriverWait.java:84)\n\tat org.openqa.selenium.support.ui.FluentWait.until(FluentWait.java:229)\n\tat com.qa.PageObjects.SchoolWebPage.GeneralObjectSchool.waitElementsNotDisplay(GeneralObjectSchool.java:28)\n\tat com.qa.PageObjects.SchoolWebPage.ForgotPasswordSchoolPage.resetPasswordTextInvisible(ForgotPasswordSchoolPage.java:108)\n\tat com.test.TestCases.ForgotPassword.ForgotPasswordAdmin.forgotPasswordSchool(ForgotPasswordAdmin.java:42)\n\tat java.base/jdk.internal.reflect.NativeMethodAccessorImpl.invoke0(Native Method)\n\tat java.base/jdk.internal.reflect.NativeMethodAccessorImpl.invoke(NativeMethodAccessorImpl.java:62)\n\tat java.base/jdk.internal.reflect.DelegatingMethodAccessorImpl.invoke(DelegatingMethodAccessorImpl.java:43)\n\tat java.base/java.lang.reflect.Method.invoke(Method.java:566)\n\tat org.testng.internal.invokers.MethodInvocationHelper.invokeMethod(MethodInvocationHelper.java:139)\n\tat org.testng.internal.invokers.TestInvoker.invokeMethod(TestInvoker.java:664)\n\tat org.testng.internal.invokers.TestInvoker.invokeTestMethod(TestInvoker.java:227)\n\tat org.testng.internal.invokers.MethodRunner.runInSequence(MethodRunner.java:50)\n\tat org.testng.internal.invokers.TestInvoker$MethodInvocationAgent.invoke(TestInvoker.java:957)\n\tat org.testng.internal.invokers.TestInvoker.invokeTestMethods(TestInvoker.java:200)\n\tat org.testng.internal.invokers.TestMethodWorker.invokeTestMethods(TestMethodWorker.java:148)\n\tat org.testng.internal.invokers.TestMethodWorker.run(TestMethodWorker.java:128)\n\tat java.base/java.util.ArrayList.forEach(ArrayList.java:1541)\n\tat org.testng.TestRunner.privateRun(TestRunner.java:848)\n\tat org.testng.TestRunner.run(TestRunner.java:621)\n\tat org.testng.SuiteRunner.runTest(SuiteRunner.java:443)\n\tat org.testng.SuiteRunner$SuiteWorker.run(SuiteRunner.java:481)\n\tat org.testng.internal.thread.ThreadUtil.lambda$execute$0(ThreadUtil.java:58)\n\tat java.base/java.util.concurrent.FutureTask.run(FutureTask.java:264)\n\tat java.base/java.util.concurrent.ThreadPoolExecutor.runWorker(ThreadPoolExecutor.java:1128)\n\tat java.base/java.util.concurrent.ThreadPoolExecutor$Worker.run(ThreadPoolExecutor.java:628)\n\tat java.base/java.lang.Thread.run(Thread.java:829)\n","steps":[],"attachments":[],"parameters":[{"name":"findBy","value":"[[RemoteWebDriver: chrome on linux (a9aea9a6899e44ecb4fe949ec70469c6)] -> xpath: //h2[contains(text(),'Reset Password')]]"}],"shouldDisplayMessage":true,"stepsCount":0,"attachmentsCount":0,"hasContent":true,"attachmentStep":false}],"attachments":[],"parameters":[],"shouldDisplayMessage":false,"stepsCount":1,"attachmentsCount":0,"hasContent":true,"attachmentStep":false}],"attachments":[],"parameters":[],"shouldDisplayMessage":false,"stepsCount":27,"attachmentsCount":0,"hasContent":true,"attachmentStep":false},"afterStages":[{"name":"tearDown","time":{"start":1703158239392,"stop":1703158239496,"duration":104},"description":"","status":"passed","steps":[],"attachments":[],"parameters":[],"shouldDisplayMessage":false,"stepsCount":0,"attachmentsCount":0,"hasContent":false,"attachmentStep":false}],"labels":[{"name":"package","value":"com.test.TestCases.ForgotPassword.ForgotPasswordAdmin"},{"name":"testClass","value":"com.test.TestCases.ForgotPassword.ForgotPasswordAdmin"},{"name":"testMethod","value":"forgotPasswordSchool"},{"name":"parentSuite","value":"Suite"},{"name":"suite","value":"Forgot password Admin"},{"name":"subSuite","value":"com.test.TestCases.ForgotPassword.ForgotPasswordAdmin"},{"name":"host","value":"fv-az915-713"},{"name":"thread","value":"5102@fv-az915-713.TestNG-tests-2(19)"},{"name":"framework","value":"testng"},{"name":"language","value":"java"},{"name":"story","value":"Forgot Password Admin"},{"name":"epic","value":"Forgot Password Admin"},{"name":"feature","value":"Forgot Password"},{"name":"resultFormat","value":"allure2"}],"parameters":[{"name":"url","value":"https://untukautomationtest.eduqat.com/"}],"links":[{"name":"allure","url":"https://example.org/mylink/allure","type":"mylink"},{"name":"TMS Link","url":"https://example.org/tms/TMS Link","type":"tms"}],"hidden":true,"retry":true,"extra":{"categories":[],"tags":[]},"source":"372f70eebc52fea.json","parameterValues":["https://untukautomationtest.eduqat.com/"]}