{"uid":"d12df6ef6b2a6737","name":"Accept Invitation Learner Self-paced","fullName":"com.test.TestCases.InvitationUser.AcceptInvitationNewLearner.acceptLearnerSelfPaced","historyId":"418bcd66dedb2eac917a72530c78e9b","time":{"start":1702921005088,"stop":1702921078903,"duration":73815},"description":"Accept Invitation Learner Self-paced","descriptionHtml":"<p>Accept Invitation Learner Self-paced</p>\n","status":"broken","statusMessage":"Expected condition failed: waiting for visibility of Proxy element for: DefaultElementLocator 'By.cssSelector: [placeholder='anything']' (tried for 60 second(s) with 500 milliseconds interval)","statusTrace":"org.openqa.selenium.TimeoutException: Expected condition failed: waiting for visibility of Proxy element for: DefaultElementLocator 'By.cssSelector: [placeholder='anything']' (tried for 60 second(s) with 500 milliseconds interval)\n\tat org.openqa.selenium.support.ui.WebDriverWait.timeoutException(WebDriverWait.java:84)\n\tat org.openqa.selenium.support.ui.FluentWait.until(FluentWait.java:229)\n\tat com.qa.Components.GeneralObject.waitElementsDisplay(GeneralObject.java:61)\n\tat com.qa.PageObjects.EmailPage.EmailInbox.inputEmailInboxField(EmailInbox.java:65)\n\tat com.test.TestCases.InvitationUser.AcceptInvitationNewLearner.acceptLearnerSelfPaced(AcceptInvitationNewLearner.java:26)\n\tat java.base/jdk.internal.reflect.NativeMethodAccessorImpl.invoke0(Native Method)\n\tat java.base/jdk.internal.reflect.NativeMethodAccessorImpl.invoke(NativeMethodAccessorImpl.java:62)\n\tat java.base/jdk.internal.reflect.DelegatingMethodAccessorImpl.invoke(DelegatingMethodAccessorImpl.java:43)\n\tat java.base/java.lang.reflect.Method.invoke(Method.java:566)\n\tat org.testng.internal.invokers.MethodInvocationHelper.invokeMethod(MethodInvocationHelper.java:139)\n\tat org.testng.internal.invokers.TestInvoker.invokeMethod(TestInvoker.java:664)\n\tat org.testng.internal.invokers.TestInvoker.retryFailed(TestInvoker.java:248)\n\tat org.testng.internal.invokers.MethodRunner.runInSequence(MethodRunner.java:62)\n\tat org.testng.internal.invokers.TestInvoker$MethodInvocationAgent.invoke(TestInvoker.java:957)\n\tat org.testng.internal.invokers.TestInvoker.invokeTestMethods(TestInvoker.java:200)\n\tat org.testng.internal.invokers.TestMethodWorker.invokeTestMethods(TestMethodWorker.java:148)\n\tat org.testng.internal.invokers.TestMethodWorker.run(TestMethodWorker.java:128)\n\tat java.base/java.util.ArrayList.forEach(ArrayList.java:1541)\n\tat org.testng.TestRunner.privateRun(TestRunner.java:848)\n\tat org.testng.TestRunner.run(TestRunner.java:621)\n\tat org.testng.SuiteRunner.runTest(SuiteRunner.java:443)\n\tat org.testng.SuiteRunner$SuiteWorker.run(SuiteRunner.java:481)\n\tat org.testng.internal.thread.ThreadUtil.lambda$execute$0(ThreadUtil.java:58)\n\tat java.base/java.util.concurrent.FutureTask.run(FutureTask.java:264)\n\tat java.base/java.util.concurrent.ThreadPoolExecutor.runWorker(ThreadPoolExecutor.java:1128)\n\tat java.base/java.util.concurrent.ThreadPoolExecutor$Worker.run(ThreadPoolExecutor.java:628)\n\tat java.base/java.lang.Thread.run(Thread.java:829)\nCaused by: org.openqa.selenium.NoSuchElementException: no such element: Unable to locate element: {\"method\":\"css selector\",\"selector\":\"[placeholder='anything']\"}\n  (Session info: chrome=120.0.6099.71)\nFor documentation on this error, please visit: https://www.selenium.dev/documentation/webdriver/troubleshooting/errors#no-such-element-exception\nBuild info: version: '4.15.0', revision: '1d14b5521b'\nSystem info: os.name: 'Linux', os.arch: 'amd64', os.version: '6.2.0-1018-azure', java.version: '11.0.21'\nDriver info: org.openqa.selenium.remote.RemoteWebDriver\nCommand: [2f714483be3b47db70c6ece675ff9568, findElement {using=css selector, value=[placeholder='anything']}]\nCapabilities {acceptInsecureCerts: false, browserName: chrome, browserVersion: 120.0.6099.71, chrome: {chromedriverVersion: 120.0.6099.71 (9729082fe617..., userDataDir: /tmp/.org.chromium.Chromium...}, fedcm:accounts: true, goog:chromeOptions: {debuggerAddress: localhost:43065}, networkConnectionEnabled: false, pageLoadStrategy: normal, platformName: linux, proxy: Proxy(), se:bidiEnabled: false, se:cdp: ws://172.18.0.3:4444/sessio..., se:cdpVersion: 120.0.6099.71, se:vnc: ws://172.18.0.3:4444/sessio..., se:vncEnabled: true, se:vncLocalAddress: ws://172.18.0.3:7900, setWindowRect: true, strictFileInteractability: false, timeouts: {implicit: 0, pageLoad: 300000, script: 30000}, unhandledPromptBehavior: dismiss and notify, webauthn:extension:credBlob: true, webauthn:extension:largeBlob: true, webauthn:extension:minPinLength: true, webauthn:extension:prf: true, webauthn:virtualAuthenticators: true}\nSession ID: 2f714483be3b47db70c6ece675ff9568\n\tat jdk.internal.reflect.GeneratedConstructorAccessor60.newInstance(Unknown Source)\n\tat java.base/jdk.internal.reflect.DelegatingConstructorAccessorImpl.newInstance(DelegatingConstructorAccessorImpl.java:45)\n\tat java.base/java.lang.reflect.Constructor.newInstance(Constructor.java:490)\n\tat org.openqa.selenium.remote.codec.w3c.W3CHttpResponseCodec.createException(W3CHttpResponseCodec.java:200)\n\tat org.openqa.selenium.remote.codec.w3c.W3CHttpResponseCodec.decode(W3CHttpResponseCodec.java:133)\n\tat org.openqa.selenium.remote.codec.w3c.W3CHttpResponseCodec.decode(W3CHttpResponseCodec.java:52)\n\tat org.openqa.selenium.remote.HttpCommandExecutor.execute(HttpCommandExecutor.java:191)\n\tat org.openqa.selenium.remote.TracedCommandExecutor.execute(TracedCommandExecutor.java:51)\n\tat org.openqa.selenium.remote.RemoteWebDriver.execute(RemoteWebDriver.java:607)\n\tat org.openqa.selenium.remote.ElementLocation$ElementFinder$2.findElement(ElementLocation.java:165)\n\tat org.openqa.selenium.remote.ElementLocation.findElement(ElementLocation.java:59)\n\tat org.openqa.selenium.remote.RemoteWebDriver.findElement(RemoteWebDriver.java:364)\n\tat org.openqa.selenium.remote.RemoteWebDriver.findElement(RemoteWebDriver.java:358)\n\tat org.openqa.selenium.support.pagefactory.DefaultElementLocator.findElement(DefaultElementLocator.java:68)\n\tat org.openqa.selenium.support.pagefactory.internal.LocatingElementHandler.invoke(LocatingElementHandler.java:38)\n\tat com.sun.proxy.$Proxy19.isDisplayed(Unknown Source)\n\tat org.openqa.selenium.support.ui.ExpectedConditions.elementIfVisible(ExpectedConditions.java:304)\n\tat org.openqa.selenium.support.ui.ExpectedConditions$10.apply(ExpectedConditions.java:290)\n\tat org.openqa.selenium.support.ui.ExpectedConditions$10.apply(ExpectedConditions.java:287)\n\tat org.openqa.selenium.support.ui.FluentWait.until(FluentWait.java:204)\n\t... 25 more\n","flaky":false,"newFailed":false,"newBroken":false,"newPassed":false,"retriesCount":2,"retriesStatusChange":true,"beforeStages":[{"name":"launchApp","time":{"start":1702921003375,"stop":1702921005087,"duration":1712},"description":"","status":"passed","steps":[],"attachments":[],"parameters":[],"shouldDisplayMessage":false,"stepsCount":0,"attachmentsCount":0,"hasContent":false,"attachmentStep":false}],"testStage":{"description":"Accept Invitation Learner Self-paced","status":"broken","statusMessage":"Expected condition failed: waiting for visibility of Proxy element for: DefaultElementLocator 'By.cssSelector: [placeholder='anything']' (tried for 60 second(s) with 500 milliseconds interval)","statusTrace":"org.openqa.selenium.TimeoutException: Expected condition failed: waiting for visibility of Proxy element for: DefaultElementLocator 'By.cssSelector: [placeholder='anything']' (tried for 60 second(s) with 500 milliseconds interval)\n\tat org.openqa.selenium.support.ui.WebDriverWait.timeoutException(WebDriverWait.java:84)\n\tat org.openqa.selenium.support.ui.FluentWait.until(FluentWait.java:229)\n\tat com.qa.Components.GeneralObject.waitElementsDisplay(GeneralObject.java:61)\n\tat com.qa.PageObjects.EmailPage.EmailInbox.inputEmailInboxField(EmailInbox.java:65)\n\tat com.test.TestCases.InvitationUser.AcceptInvitationNewLearner.acceptLearnerSelfPaced(AcceptInvitationNewLearner.java:26)\n\tat java.base/jdk.internal.reflect.NativeMethodAccessorImpl.invoke0(Native Method)\n\tat java.base/jdk.internal.reflect.NativeMethodAccessorImpl.invoke(NativeMethodAccessorImpl.java:62)\n\tat java.base/jdk.internal.reflect.DelegatingMethodAccessorImpl.invoke(DelegatingMethodAccessorImpl.java:43)\n\tat java.base/java.lang.reflect.Method.invoke(Method.java:566)\n\tat org.testng.internal.invokers.MethodInvocationHelper.invokeMethod(MethodInvocationHelper.java:139)\n\tat org.testng.internal.invokers.TestInvoker.invokeMethod(TestInvoker.java:664)\n\tat org.testng.internal.invokers.TestInvoker.retryFailed(TestInvoker.java:248)\n\tat org.testng.internal.invokers.MethodRunner.runInSequence(MethodRunner.java:62)\n\tat org.testng.internal.invokers.TestInvoker$MethodInvocationAgent.invoke(TestInvoker.java:957)\n\tat org.testng.internal.invokers.TestInvoker.invokeTestMethods(TestInvoker.java:200)\n\tat org.testng.internal.invokers.TestMethodWorker.invokeTestMethods(TestMethodWorker.java:148)\n\tat org.testng.internal.invokers.TestMethodWorker.run(TestMethodWorker.java:128)\n\tat java.base/java.util.ArrayList.forEach(ArrayList.java:1541)\n\tat org.testng.TestRunner.privateRun(TestRunner.java:848)\n\tat org.testng.TestRunner.run(TestRunner.java:621)\n\tat org.testng.SuiteRunner.runTest(SuiteRunner.java:443)\n\tat org.testng.SuiteRunner$SuiteWorker.run(SuiteRunner.java:481)\n\tat org.testng.internal.thread.ThreadUtil.lambda$execute$0(ThreadUtil.java:58)\n\tat java.base/java.util.concurrent.FutureTask.run(FutureTask.java:264)\n\tat java.base/java.util.concurrent.ThreadPoolExecutor.runWorker(ThreadPoolExecutor.java:1128)\n\tat java.base/java.util.concurrent.ThreadPoolExecutor$Worker.run(ThreadPoolExecutor.java:628)\n\tat java.base/java.lang.Thread.run(Thread.java:829)\nCaused by: org.openqa.selenium.NoSuchElementException: no such element: Unable to locate element: {\"method\":\"css selector\",\"selector\":\"[placeholder='anything']\"}\n  (Session info: chrome=120.0.6099.71)\nFor documentation on this error, please visit: https://www.selenium.dev/documentation/webdriver/troubleshooting/errors#no-such-element-exception\nBuild info: version: '4.15.0', revision: '1d14b5521b'\nSystem info: os.name: 'Linux', os.arch: 'amd64', os.version: '6.2.0-1018-azure', java.version: '11.0.21'\nDriver info: org.openqa.selenium.remote.RemoteWebDriver\nCommand: [2f714483be3b47db70c6ece675ff9568, findElement {using=css selector, value=[placeholder='anything']}]\nCapabilities {acceptInsecureCerts: false, browserName: chrome, browserVersion: 120.0.6099.71, chrome: {chromedriverVersion: 120.0.6099.71 (9729082fe617..., userDataDir: /tmp/.org.chromium.Chromium...}, fedcm:accounts: true, goog:chromeOptions: {debuggerAddress: localhost:43065}, networkConnectionEnabled: false, pageLoadStrategy: normal, platformName: linux, proxy: Proxy(), se:bidiEnabled: false, se:cdp: ws://172.18.0.3:4444/sessio..., se:cdpVersion: 120.0.6099.71, se:vnc: ws://172.18.0.3:4444/sessio..., se:vncEnabled: true, se:vncLocalAddress: ws://172.18.0.3:7900, setWindowRect: true, strictFileInteractability: false, timeouts: {implicit: 0, pageLoad: 300000, script: 30000}, unhandledPromptBehavior: dismiss and notify, webauthn:extension:credBlob: true, webauthn:extension:largeBlob: true, webauthn:extension:minPinLength: true, webauthn:extension:prf: true, webauthn:virtualAuthenticators: true}\nSession ID: 2f714483be3b47db70c6ece675ff9568\n\tat jdk.internal.reflect.GeneratedConstructorAccessor60.newInstance(Unknown Source)\n\tat java.base/jdk.internal.reflect.DelegatingConstructorAccessorImpl.newInstance(DelegatingConstructorAccessorImpl.java:45)\n\tat java.base/java.lang.reflect.Constructor.newInstance(Constructor.java:490)\n\tat org.openqa.selenium.remote.codec.w3c.W3CHttpResponseCodec.createException(W3CHttpResponseCodec.java:200)\n\tat org.openqa.selenium.remote.codec.w3c.W3CHttpResponseCodec.decode(W3CHttpResponseCodec.java:133)\n\tat org.openqa.selenium.remote.codec.w3c.W3CHttpResponseCodec.decode(W3CHttpResponseCodec.java:52)\n\tat org.openqa.selenium.remote.HttpCommandExecutor.execute(HttpCommandExecutor.java:191)\n\tat org.openqa.selenium.remote.TracedCommandExecutor.execute(TracedCommandExecutor.java:51)\n\tat org.openqa.selenium.remote.RemoteWebDriver.execute(RemoteWebDriver.java:607)\n\tat org.openqa.selenium.remote.ElementLocation$ElementFinder$2.findElement(ElementLocation.java:165)\n\tat org.openqa.selenium.remote.ElementLocation.findElement(ElementLocation.java:59)\n\tat org.openqa.selenium.remote.RemoteWebDriver.findElement(RemoteWebDriver.java:364)\n\tat org.openqa.selenium.remote.RemoteWebDriver.findElement(RemoteWebDriver.java:358)\n\tat org.openqa.selenium.support.pagefactory.DefaultElementLocator.findElement(DefaultElementLocator.java:68)\n\tat org.openqa.selenium.support.pagefactory.internal.LocatingElementHandler.invoke(LocatingElementHandler.java:38)\n\tat com.sun.proxy.$Proxy19.isDisplayed(Unknown Source)\n\tat org.openqa.selenium.support.ui.ExpectedConditions.elementIfVisible(ExpectedConditions.java:304)\n\tat org.openqa.selenium.support.ui.ExpectedConditions$10.apply(ExpectedConditions.java:290)\n\tat org.openqa.selenium.support.ui.ExpectedConditions$10.apply(ExpectedConditions.java:287)\n\tat org.openqa.selenium.support.ui.FluentWait.until(FluentWait.java:204)\n\t... 25 more\n","steps":[{"name":"goToLoginPage","time":{"start":1702921005088,"stop":1702921005820,"duration":732},"status":"passed","steps":[],"attachments":[],"parameters":[],"shouldDisplayMessage":false,"stepsCount":0,"attachmentsCount":0,"hasContent":false,"attachmentStep":false},{"name":"inputEmailField","time":{"start":1702921005820,"stop":1702921005895,"duration":75},"status":"passed","steps":[],"attachments":[],"parameters":[{"name":"email","value":"dasca4232@mailsac.com"}],"shouldDisplayMessage":false,"stepsCount":0,"attachmentsCount":0,"hasContent":true,"attachmentStep":false},{"name":"inputPasswordField","time":{"start":1702921005895,"stop":1702921005967,"duration":72},"status":"passed","steps":[],"attachments":[],"parameters":[],"shouldDisplayMessage":false,"stepsCount":0,"attachmentsCount":0,"hasContent":false,"attachmentStep":false},{"name":"clickLoginButton","time":{"start":1702921005967,"stop":1702921006031,"duration":64},"status":"passed","steps":[],"attachments":[],"parameters":[],"shouldDisplayMessage":false,"stepsCount":0,"attachmentsCount":0,"hasContent":false,"attachmentStep":false},{"name":"inputEmailInboxField","time":{"start":1702921006031,"stop":1702921078771,"duration":72740},"status":"broken","statusMessage":"Expected condition failed: waiting for visibility of Proxy element for: DefaultElementLocator 'By.cssSelector: [placeholder='anything']' (tried for 60 second(s) with 500 milliseconds interval)","statusTrace":"org.openqa.selenium.TimeoutException: Expected condition failed: waiting for visibility of Proxy element for: DefaultElementLocator 'By.cssSelector: [placeholder='anything']' (tried for 60 second(s) with 500 milliseconds interval)\n\tat org.openqa.selenium.support.ui.WebDriverWait.timeoutException(WebDriverWait.java:84)\n\tat org.openqa.selenium.support.ui.FluentWait.until(FluentWait.java:229)\n\tat com.qa.Components.GeneralObject.waitElementsDisplay(GeneralObject.java:61)\n\tat com.qa.PageObjects.EmailPage.EmailInbox.inputEmailInboxField(EmailInbox.java:65)\n\tat com.test.TestCases.InvitationUser.AcceptInvitationNewLearner.acceptLearnerSelfPaced(AcceptInvitationNewLearner.java:26)\n\tat java.base/jdk.internal.reflect.NativeMethodAccessorImpl.invoke0(Native Method)\n\tat java.base/jdk.internal.reflect.NativeMethodAccessorImpl.invoke(NativeMethodAccessorImpl.java:62)\n\tat java.base/jdk.internal.reflect.DelegatingMethodAccessorImpl.invoke(DelegatingMethodAccessorImpl.java:43)\n\tat java.base/java.lang.reflect.Method.invoke(Method.java:566)\n\tat org.testng.internal.invokers.MethodInvocationHelper.invokeMethod(MethodInvocationHelper.java:139)\n\tat org.testng.internal.invokers.TestInvoker.invokeMethod(TestInvoker.java:664)\n\tat org.testng.internal.invokers.TestInvoker.retryFailed(TestInvoker.java:248)\n\tat org.testng.internal.invokers.MethodRunner.runInSequence(MethodRunner.java:62)\n\tat org.testng.internal.invokers.TestInvoker$MethodInvocationAgent.invoke(TestInvoker.java:957)\n\tat org.testng.internal.invokers.TestInvoker.invokeTestMethods(TestInvoker.java:200)\n\tat org.testng.internal.invokers.TestMethodWorker.invokeTestMethods(TestMethodWorker.java:148)\n\tat org.testng.internal.invokers.TestMethodWorker.run(TestMethodWorker.java:128)\n\tat java.base/java.util.ArrayList.forEach(ArrayList.java:1541)\n\tat org.testng.TestRunner.privateRun(TestRunner.java:848)\n\tat org.testng.TestRunner.run(TestRunner.java:621)\n\tat org.testng.SuiteRunner.runTest(SuiteRunner.java:443)\n\tat org.testng.SuiteRunner$SuiteWorker.run(SuiteRunner.java:481)\n\tat org.testng.internal.thread.ThreadUtil.lambda$execute$0(ThreadUtil.java:58)\n\tat java.base/java.util.concurrent.FutureTask.run(FutureTask.java:264)\n\tat java.base/java.util.concurrent.ThreadPoolExecutor.runWorker(ThreadPoolExecutor.java:1128)\n\tat java.base/java.util.concurrent.ThreadPoolExecutor$Worker.run(ThreadPoolExecutor.java:628)\n\tat java.base/java.lang.Thread.run(Thread.java:829)\nCaused by: org.openqa.selenium.NoSuchElementException: no such element: Unable to locate element: {\"method\":\"css selector\",\"selector\":\"[placeholder='anything']\"}\n  (Session info: chrome=120.0.6099.71)\nFor documentation on this error, please visit: https://www.selenium.dev/documentation/webdriver/troubleshooting/errors#no-such-element-exception\nBuild info: version: '4.15.0', revision: '1d14b5521b'\nSystem info: os.name: 'Linux', os.arch: 'amd64', os.version: '6.2.0-1018-azure', java.version: '11.0.21'\nDriver info: org.openqa.selenium.remote.RemoteWebDriver\nCommand: [2f714483be3b47db70c6ece675ff9568, findElement {using=css selector, value=[placeholder='anything']}]\nCapabilities {acceptInsecureCerts: false, browserName: chrome, browserVersion: 120.0.6099.71, chrome: {chromedriverVersion: 120.0.6099.71 (9729082fe617..., userDataDir: /tmp/.org.chromium.Chromium...}, fedcm:accounts: true, goog:chromeOptions: {debuggerAddress: localhost:43065}, networkConnectionEnabled: false, pageLoadStrategy: normal, platformName: linux, proxy: Proxy(), se:bidiEnabled: false, se:cdp: ws://172.18.0.3:4444/sessio..., se:cdpVersion: 120.0.6099.71, se:vnc: ws://172.18.0.3:4444/sessio..., se:vncEnabled: true, se:vncLocalAddress: ws://172.18.0.3:7900, setWindowRect: true, strictFileInteractability: false, timeouts: {implicit: 0, pageLoad: 300000, script: 30000}, unhandledPromptBehavior: dismiss and notify, webauthn:extension:credBlob: true, webauthn:extension:largeBlob: true, webauthn:extension:minPinLength: true, webauthn:extension:prf: true, webauthn:virtualAuthenticators: true}\nSession ID: 2f714483be3b47db70c6ece675ff9568\n\tat jdk.internal.reflect.GeneratedConstructorAccessor60.newInstance(Unknown Source)\n\tat java.base/jdk.internal.reflect.DelegatingConstructorAccessorImpl.newInstance(DelegatingConstructorAccessorImpl.java:45)\n\tat java.base/java.lang.reflect.Constructor.newInstance(Constructor.java:490)\n\tat org.openqa.selenium.remote.codec.w3c.W3CHttpResponseCodec.createException(W3CHttpResponseCodec.java:200)\n\tat org.openqa.selenium.remote.codec.w3c.W3CHttpResponseCodec.decode(W3CHttpResponseCodec.java:133)\n\tat org.openqa.selenium.remote.codec.w3c.W3CHttpResponseCodec.decode(W3CHttpResponseCodec.java:52)\n\tat org.openqa.selenium.remote.HttpCommandExecutor.execute(HttpCommandExecutor.java:191)\n\tat org.openqa.selenium.remote.TracedCommandExecutor.execute(TracedCommandExecutor.java:51)\n\tat org.openqa.selenium.remote.RemoteWebDriver.execute(RemoteWebDriver.java:607)\n\tat org.openqa.selenium.remote.ElementLocation$ElementFinder$2.findElement(ElementLocation.java:165)\n\tat org.openqa.selenium.remote.ElementLocation.findElement(ElementLocation.java:59)\n\tat org.openqa.selenium.remote.RemoteWebDriver.findElement(RemoteWebDriver.java:364)\n\tat org.openqa.selenium.remote.RemoteWebDriver.findElement(RemoteWebDriver.java:358)\n\tat org.openqa.selenium.support.pagefactory.DefaultElementLocator.findElement(DefaultElementLocator.java:68)\n\tat org.openqa.selenium.support.pagefactory.internal.LocatingElementHandler.invoke(LocatingElementHandler.java:38)\n\tat com.sun.proxy.$Proxy19.isDisplayed(Unknown Source)\n\tat org.openqa.selenium.support.ui.ExpectedConditions.elementIfVisible(ExpectedConditions.java:304)\n\tat org.openqa.selenium.support.ui.ExpectedConditions$10.apply(ExpectedConditions.java:290)\n\tat org.openqa.selenium.support.ui.ExpectedConditions$10.apply(ExpectedConditions.java:287)\n\tat org.openqa.selenium.support.ui.FluentWait.until(FluentWait.java:204)\n\t... 25 more\n","steps":[],"attachments":[],"parameters":[{"name":"email","value":"dasca4232"}],"shouldDisplayMessage":true,"stepsCount":0,"attachmentsCount":0,"hasContent":true,"attachmentStep":false}],"attachments":[{"uid":"2c7a0b2bd1984a81","name":"Page screenshot","source":"2c7a0b2bd1984a81.png","type":"image/png","size":69680},{"uid":"a010d5228d4bdd38","name":"acceptLearnerSelfPaced failed and screenshot taken!","source":"a010d5228d4bdd38.txt","type":"text/plain","size":51}],"parameters":[],"shouldDisplayMessage":false,"stepsCount":5,"attachmentsCount":2,"hasContent":true,"attachmentStep":false},"afterStages":[{"name":"tearDown","time":{"start":1702921078903,"stop":1702921079016,"duration":113},"description":"","status":"passed","steps":[],"attachments":[],"parameters":[],"shouldDisplayMessage":false,"stepsCount":0,"attachmentsCount":0,"hasContent":false,"attachmentStep":false}],"labels":[{"name":"package","value":"com.test.TestCases.InvitationUser.AcceptInvitationNewLearner"},{"name":"testClass","value":"com.test.TestCases.InvitationUser.AcceptInvitationNewLearner"},{"name":"testMethod","value":"acceptLearnerSelfPaced"},{"name":"parentSuite","value":"Suite"},{"name":"suite","value":"Accept Invitation Learner"},{"name":"subSuite","value":"com.test.TestCases.InvitationUser.AcceptInvitationNewLearner"},{"name":"host","value":"fv-az714-871"},{"name":"thread","value":"5137@fv-az714-871.TestNG-tests-3(20)"},{"name":"framework","value":"testng"},{"name":"language","value":"java"},{"name":"story","value":"Accept Invitation User"},{"name":"feature","value":"Accept Invitation Learner"},{"name":"epic","value":"Accept Invitation New Learner"},{"name":"resultFormat","value":"allure2"}],"parameters":[{"name":"emailCohort","value":"das4426gsd@mailsac.com"},{"name":"emailCohort2","value":"das4426gsd"},{"name":"emailEvent","value":"asds231dads@mailsac.com"},{"name":"emailEvent2","value":"asds231dads"},{"name":"emailSelfpaced","value":"dasca4232@mailsac.com"},{"name":"emailSelfpaced2","value":"dasca4232"},{"name":"url","value":"https://mailsac.com/"}],"links":[{"name":"allure","url":"https://example.org/mylink/allure","type":"mylink"},{"name":"TMS Link","url":"https://example.org/tms/TMS Link","type":"tms"}],"hidden":false,"retry":false,"extra":{"severity":"normal","retries":[{"uid":"71949490d57e4c4e","status":"skipped","statusDetails":"Expected condition failed: waiting for visibility of Proxy element for: DefaultElementLocator 'By.cssSelector: [placeholder='anything']' (tried for 60 second(s) with 500 milliseconds interval)","time":{"start":1702920929707,"stop":1702921003258,"duration":73551}},{"uid":"3847116a6ea12335","status":"skipped","statusDetails":"Expected condition failed: waiting for visibility of Proxy element for: DefaultElementLocator 'By.cssSelector: [placeholder='anything']' (tried for 60 second(s) with 500 milliseconds interval)","time":{"start":1702920854277,"stop":1702920928023,"duration":73746}}],"categories":[{"name":"Test defects","matchedStatuses":[],"flaky":false}],"history":{"statistic":{"failed":0,"broken":3,"skipped":0,"passed":0,"unknown":0,"total":3},"items":[{"uid":"d5e3707bcb1e6b5c","reportUrl":"https://dlouistandio.github.io/EDQ-AUTOMATION/89//#testresult/d5e3707bcb1e6b5c","status":"broken","statusDetails":"Expected condition failed: waiting for visibility of Proxy element for: DefaultElementLocator 'By.cssSelector: [placeholder='anything']' (tried for 60 second(s) with 500 milliseconds interval)","time":{"start":1702893232026,"stop":1702893305882,"duration":73856}},{"uid":"dc532392ebe75b79","reportUrl":"https://dlouistandio.github.io/EDQ-AUTOMATION/88//#testresult/dc532392ebe75b79","status":"broken","statusDetails":"Expected condition failed: waiting for visibility of Proxy element for: DefaultElementLocator 'By.cssSelector: [placeholder='anything']' (tried for 60 second(s) with 500 milliseconds interval)","time":{"start":1702891122928,"stop":1702891196692,"duration":73764}}]},"tags":[]},"source":"d12df6ef6b2a6737.json","parameterValues":["das4426gsd@mailsac.com","das4426gsd","asds231dads@mailsac.com","asds231dads","dasca4232@mailsac.com","dasca4232","https://mailsac.com/"]}