{"uuid":"257aec38-03e2-4d1e-bdac-db82e0ca9b1d","historyId":"e6cee4ba2d448cbd7b7c53100594f17d","fullName":"com.test.TestCases.InvitationUser.AcceptInvitationUser.acceptUserAdmin","labels":[{"name":"package","value":"com.test.TestCases.InvitationUser.AcceptInvitationUser"},{"name":"testClass","value":"com.test.TestCases.InvitationUser.AcceptInvitationUser"},{"name":"testMethod","value":"acceptUserAdmin"},{"name":"parentSuite","value":"Suite"},{"name":"suite","value":"Accept Invitation Admin"},{"name":"subSuite","value":"com.test.TestCases.InvitationUser.AcceptInvitationUser"},{"name":"host","value":"DESKTOP-8G0J9BJ"},{"name":"thread","value":"20044@DESKTOP-8G0J9BJ.main(1)"},{"name":"framework","value":"testng"},{"name":"language","value":"java"},{"name":"story","value":"Accept Invitation User"},{"name":"feature","value":"Accept Invitation User"},{"name":"epic","value":"Accept Invitation User"}],"links":[{"name":"allure","url":"https://example.org/mylink/allure","type":"mylink"},{"name":"TMS Link","url":"https://example.org/tms/TMS Link","type":"tms"}],"name":"Accept Invitation User Admin","status":"skipped","statusDetails":{"known":false,"muted":false,"flaky":false,"message":"element click intercepted: Element <button class=\"elementor-button elementor-button-link elementor-size-lg\" type=\"submit\">...</button> is not clickable at point (358, 655). Other element would receive the click: <section class=\"elementor-section elementor-inner-section elementor-element elementor-element-824bc6d elementor-section-boxed elementor-section-height-default elementor-section-height-default\" data-id=\"824bc6d\" data-element_type=\"section\" id=\"offer\">...</section>\n  (Session info: chrome=120.0.6099.130)\nBuild info: version: '4.15.0', revision: '1d14b5521b'\nSystem info: os.name: 'Windows 11', os.arch: 'amd64', os.version: '10.0', java.version: '11.0.17'\nDriver info: org.openqa.selenium.chrome.ChromeDriver\nCommand: [0ebc4959dbcfbb71cf2f0793292a33de, clickElement {id=3D9A0E37F64D4ABA1B9894BFE6A3316A_element_40}]\nCapabilities {acceptInsecureCerts: false, browserName: chrome, browserVersion: 120.0.6099.130, chrome: {chromedriverVersion: 120.0.6099.109 (3419140ab66..., userDataDir: C:\\Users\\Acer\\AppData\\Local...}, fedcm:accounts: true, goog:chromeOptions: {debuggerAddress: localhost:63093}, networkConnectionEnabled: false, pageLoadStrategy: normal, platformName: windows, proxy: Proxy(), se:cdp: ws://localhost:63093/devtoo..., se:cdpVersion: 120.0.6099.130, setWindowRect: true, strictFileInteractability: false, timeouts: {implicit: 0, pageLoad: 300000, script: 30000}, unhandledPromptBehavior: dismiss and notify, webauthn:extension:credBlob: true, webauthn:extension:largeBlob: true, webauthn:extension:minPinLength: true, webauthn:extension:prf: true, webauthn:virtualAuthenticators: true}\nElement: [[ChromeDriver: chrome on windows (0ebc4959dbcfbb71cf2f0793292a33de)] -> css selector: button]\nSession ID: 0ebc4959dbcfbb71cf2f0793292a33de","trace":"org.openqa.selenium.ElementClickInterceptedException: element click intercepted: Element <button class=\"elementor-button elementor-button-link elementor-size-lg\" type=\"submit\">...</button> is not clickable at point (358, 655). Other element would receive the click: <section class=\"elementor-section elementor-inner-section elementor-element elementor-element-824bc6d elementor-section-boxed elementor-section-height-default elementor-section-height-default\" data-id=\"824bc6d\" data-element_type=\"section\" id=\"offer\">...</section>\n  (Session info: chrome=120.0.6099.130)\nBuild info: version: '4.15.0', revision: '1d14b5521b'\nSystem info: os.name: 'Windows 11', os.arch: 'amd64', os.version: '10.0', java.version: '11.0.17'\nDriver info: org.openqa.selenium.chrome.ChromeDriver\nCommand: [0ebc4959dbcfbb71cf2f0793292a33de, clickElement {id=3D9A0E37F64D4ABA1B9894BFE6A3316A_element_40}]\nCapabilities {acceptInsecureCerts: false, browserName: chrome, browserVersion: 120.0.6099.130, chrome: {chromedriverVersion: 120.0.6099.109 (3419140ab66..., userDataDir: C:\\Users\\Acer\\AppData\\Local...}, fedcm:accounts: true, goog:chromeOptions: {debuggerAddress: localhost:63093}, networkConnectionEnabled: false, pageLoadStrategy: normal, platformName: windows, proxy: Proxy(), se:cdp: ws://localhost:63093/devtoo..., se:cdpVersion: 120.0.6099.130, setWindowRect: true, strictFileInteractability: false, timeouts: {implicit: 0, pageLoad: 300000, script: 30000}, unhandledPromptBehavior: dismiss and notify, webauthn:extension:credBlob: true, webauthn:extension:largeBlob: true, webauthn:extension:minPinLength: true, webauthn:extension:prf: true, webauthn:virtualAuthenticators: true}\nElement: [[ChromeDriver: chrome on windows (0ebc4959dbcfbb71cf2f0793292a33de)] -> css selector: button]\nSession ID: 0ebc4959dbcfbb71cf2f0793292a33de\r\n\tat java.base/jdk.internal.reflect.NativeConstructorAccessorImpl.newInstance0(Native Method)\r\n\tat java.base/jdk.internal.reflect.NativeConstructorAccessorImpl.newInstance(NativeConstructorAccessorImpl.java:62)\r\n\tat java.base/jdk.internal.reflect.DelegatingConstructorAccessorImpl.newInstance(DelegatingConstructorAccessorImpl.java:45)\r\n\tat java.base/java.lang.reflect.Constructor.newInstance(Constructor.java:490)\r\n\tat org.openqa.selenium.remote.codec.w3c.W3CHttpResponseCodec.createException(W3CHttpResponseCodec.java:200)\r\n\tat org.openqa.selenium.remote.codec.w3c.W3CHttpResponseCodec.decode(W3CHttpResponseCodec.java:133)\r\n\tat org.openqa.selenium.remote.codec.w3c.W3CHttpResponseCodec.decode(W3CHttpResponseCodec.java:52)\r\n\tat org.openqa.selenium.remote.HttpCommandExecutor.execute(HttpCommandExecutor.java:191)\r\n\tat org.openqa.selenium.remote.service.DriverCommandExecutor.invokeExecute(DriverCommandExecutor.java:200)\r\n\tat org.openqa.selenium.remote.service.DriverCommandExecutor.execute(DriverCommandExecutor.java:175)\r\n\tat org.openqa.selenium.remote.RemoteWebDriver.execute(RemoteWebDriver.java:607)\r\n\tat org.openqa.selenium.remote.RemoteWebElement.execute(RemoteWebElement.java:224)\r\n\tat org.openqa.selenium.remote.RemoteWebElement.click(RemoteWebElement.java:77)\r\n\tat jdk.internal.reflect.GeneratedMethodAccessor2.invoke(Unknown Source)\r\n\tat java.base/jdk.internal.reflect.DelegatingMethodAccessorImpl.invoke(DelegatingMethodAccessorImpl.java:43)\r\n\tat java.base/java.lang.reflect.Method.invoke(Method.java:566)\r\n\tat org.openqa.selenium.support.pagefactory.internal.LocatingElementHandler.invoke(LocatingElementHandler.java:51)\r\n\tat com.sun.proxy.$Proxy17.click(Unknown Source)\r\n\tat com.qa.PageObjects.EmailPage.EmailInbox.clickCheckEmailOnHome(EmailInbox.java:81)\r\n\tat com.test.TestCases.InvitationUser.AcceptInvitationUser.acceptUserAdmin(AcceptInvitationUser.java:45)\r\n\tat java.base/jdk.internal.reflect.NativeMethodAccessorImpl.invoke0(Native Method)\r\n\tat java.base/jdk.internal.reflect.NativeMethodAccessorImpl.invoke(NativeMethodAccessorImpl.java:62)\r\n\tat java.base/jdk.internal.reflect.DelegatingMethodAccessorImpl.invoke(DelegatingMethodAccessorImpl.java:43)\r\n\tat java.base/java.lang.reflect.Method.invoke(Method.java:566)\r\n\tat org.testng.internal.invokers.MethodInvocationHelper.invokeMethod(MethodInvocationHelper.java:139)\r\n\tat org.testng.internal.invokers.TestInvoker.invokeMethod(TestInvoker.java:664)\r\n\tat org.testng.internal.invokers.TestInvoker.invokeTestMethod(TestInvoker.java:227)\r\n\tat org.testng.internal.invokers.MethodRunner.runInSequence(MethodRunner.java:50)\r\n\tat org.testng.internal.invokers.TestInvoker$MethodInvocationAgent.invoke(TestInvoker.java:957)\r\n\tat org.testng.internal.invokers.TestInvoker.invokeTestMethods(TestInvoker.java:200)\r\n\tat org.testng.internal.invokers.TestMethodWorker.invokeTestMethods(TestMethodWorker.java:148)\r\n\tat org.testng.internal.invokers.TestMethodWorker.run(TestMethodWorker.java:128)\r\n\tat java.base/java.util.ArrayList.forEach(ArrayList.java:1541)\r\n\tat org.testng.TestRunner.privateRun(TestRunner.java:848)\r\n\tat org.testng.TestRunner.run(TestRunner.java:621)\r\n\tat org.testng.SuiteRunner.runTest(SuiteRunner.java:443)\r\n\tat org.testng.SuiteRunner.runSequentially(SuiteRunner.java:437)\r\n\tat org.testng.SuiteRunner.privateRun(SuiteRunner.java:397)\r\n\tat org.testng.SuiteRunner.run(SuiteRunner.java:336)\r\n\tat org.testng.SuiteRunnerWorker.runSuite(SuiteRunnerWorker.java:52)\r\n\tat org.testng.SuiteRunnerWorker.run(SuiteRunnerWorker.java:95)\r\n\tat org.testng.TestNG.runSuitesSequentially(TestNG.java:1280)\r\n\tat org.testng.TestNG.runSuitesLocally(TestNG.java:1200)\r\n\tat org.testng.TestNG.runSuites(TestNG.java:1114)\r\n\tat org.testng.TestNG.run(TestNG.java:1082)\r\n\tat org.apache.maven.surefire.testng.TestNGExecutor.run(TestNGExecutor.java:308)\r\n\tat org.apache.maven.surefire.testng.TestNGXmlTestSuite.execute(TestNGXmlTestSuite.java:71)\r\n\tat org.apache.maven.surefire.testng.TestNGProvider.invoke(TestNGProvider.java:113)\r\n\tat org.apache.maven.surefire.booter.ForkedBooter.runSuitesInProcess(ForkedBooter.java:385)\r\n\tat org.apache.maven.surefire.booter.ForkedBooter.execute(ForkedBooter.java:162)\r\n\tat org.apache.maven.surefire.booter.ForkedBooter.run(ForkedBooter.java:507)\r\n\tat org.apache.maven.surefire.booter.ForkedBooter.main(ForkedBooter.java:495)\r\n"},"stage":"finished","description":"Accept Invitation User Admin","steps":[{"name":"goToLoginPage","status":"passed","stage":"finished","steps":[],"attachments":[],"parameters":[],"start":1704185371710,"stop":1704185374070},{"name":"inputEmailField","status":"passed","stage":"finished","steps":[],"attachments":[],"parameters":[{"name":"email","value":"eduqatautomationtest@gmail.com"}],"start":1704185374070,"stop":1704185374226},{"name":"inputPasswordField","status":"passed","stage":"finished","steps":[],"attachments":[],"parameters":[],"start":1704185374227,"stop":1704185374350},{"name":"clickLoginButton","status":"passed","stage":"finished","steps":[],"attachments":[],"parameters":[],"start":1704185374350,"stop":1704185374457},{"name":"inputEmailInboxField","status":"passed","stage":"finished","steps":[],"attachments":[],"parameters":[{"name":"email","value":"45743y453y5g@mailsac.com"}],"start":1704185374458,"stop":1704185376167},{"name":"clickCheckEmailButton","status":"passed","stage":"finished","steps":[],"attachments":[],"parameters":[],"start":1704185376167,"stop":1704185376838},{"name":"clickEmailInvitation","status":"passed","stage":"finished","steps":[],"attachments":[],"parameters":[{"name":"email","value":"Invitation to be an Admin at untukautomationtest"}],"start":1704185376838,"stop":1704185376935},{"name":"clickUnblockLinkButton","status":"passed","stage":"finished","steps":[],"attachments":[],"parameters":[],"start":1704185376935,"stop":1704185377074},{"name":"clickAcceptInvButton","status":"passed","stage":"finished","steps":[],"attachments":[],"parameters":[],"start":1704185377104,"stop":1704185379990},{"name":"getInvitationPageText","status":"passed","stage":"finished","steps":[],"attachments":[],"parameters":[],"start":1704185379990,"stop":1704185382307},{"name":"clickRegisterEmailButton","status":"passed","stage":"finished","steps":[],"attachments":[],"parameters":[],"start":1704185382307,"stop":1704185383123},{"name":"getRegisterPageText","status":"passed","stage":"finished","steps":[{"name":"waitElementsDisplay","status":"passed","stage":"finished","steps":[],"attachments":[],"parameters":[{"name":"findBy","value":"[[ChromeDriver: chrome on windows (0ebc4959dbcfbb71cf2f0793292a33de)] -> xpath: //h2[@class='label']]"}],"start":1704185383938,"stop":1704185383966}],"attachments":[],"parameters":[],"start":1704185383124,"stop":1704185383988},{"name":"inputNameField","status":"passed","stage":"finished","steps":[{"name":"waitElementsDisplay","status":"passed","stage":"finished","steps":[],"attachments":[],"parameters":[{"name":"findBy","value":"[[ChromeDriver: chrome on windows (0ebc4959dbcfbb71cf2f0793292a33de)] -> xpath: //input[@id='name']]"}],"start":1704185384007,"stop":1704185384031}],"attachments":[],"parameters":[{"name":"name","value":"Testing"}],"start":1704185383988,"stop":1704185384175},{"name":"inputPasswordField","status":"passed","stage":"finished","steps":[{"name":"waitElementsDisplay","status":"passed","stage":"finished","steps":[],"attachments":[],"parameters":[{"name":"findBy","value":"[[ChromeDriver: chrome on windows (0ebc4959dbcfbb71cf2f0793292a33de)] -> xpath: //input[@id='password']]"}],"start":1704185384190,"stop":1704185384215}],"attachments":[],"parameters":[{"name":"pass","value":"test123"}],"start":1704185384175,"stop":1704185384338},{"name":"clickAgrementPrivacy","status":"passed","stage":"finished","steps":[],"attachments":[],"parameters":[],"start":1704185384338,"stop":1704185384420},{"name":"clickAgrementSaas","status":"passed","stage":"finished","steps":[],"attachments":[],"parameters":[],"start":1704185384420,"stop":1704185384488},{"name":"clickSignUpButton","status":"passed","stage":"finished","steps":[{"name":"waitElementsDisplay","status":"passed","stage":"finished","steps":[],"attachments":[],"parameters":[{"name":"findBy","value":"[[ChromeDriver: chrome on windows (0ebc4959dbcfbb71cf2f0793292a33de)] -> css selector: .Button2-sc-12miqch-0]"}],"start":1704185384505,"stop":1704185384530}],"attachments":[],"parameters":[],"start":1704185384488,"stop":1704185384602},{"name":"clickEnterOTPCodeButton","status":"passed","stage":"finished","steps":[{"name":"waitElementsDisplay","status":"passed","stage":"finished","steps":[],"attachments":[],"parameters":[{"name":"findBy","value":"[[ChromeDriver: chrome on windows (0ebc4959dbcfbb71cf2f0793292a33de)] -> xpath: //button[.='Enter OTP Code']]"}],"start":1704185386991,"stop":1704185387023}],"attachments":[],"parameters":[],"start":1704185384603,"stop":1704185387112},{"name":"getOtpLabelText","status":"passed","stage":"finished","steps":[{"name":"waitElementsDisplay","status":"passed","stage":"finished","steps":[],"attachments":[],"parameters":[{"name":"findBy","value":"[[ChromeDriver: chrome on windows (0ebc4959dbcfbb71cf2f0793292a33de)] -> css selector: .otp-label]"}],"start":1704185387596,"stop":1704185387625}],"attachments":[],"parameters":[],"start":1704185387112,"stop":1704185387648},{"name":"inputEmailFieldOnHome","status":"passed","stage":"finished","steps":[],"attachments":[],"parameters":[{"name":"email","value":"45743y453y5g"}],"start":1704185387827,"stop":1704185388997},{"name":"clickCheckEmailOnHome","status":"broken","statusDetails":{"known":false,"muted":false,"flaky":false,"message":"element click intercepted: Element <button class=\"elementor-button elementor-button-link elementor-size-lg\" type=\"submit\">...</button> is not clickable at point (358, 655). Other element would receive the click: <section class=\"elementor-section elementor-inner-section elementor-element elementor-element-824bc6d elementor-section-boxed elementor-section-height-default elementor-section-height-default\" data-id=\"824bc6d\" data-element_type=\"section\" id=\"offer\">...</section>\n  (Session info: chrome=120.0.6099.130)\nBuild info: version: '4.15.0', revision: '1d14b5521b'\nSystem info: os.name: 'Windows 11', os.arch: 'amd64', os.version: '10.0', java.version: '11.0.17'\nDriver info: org.openqa.selenium.chrome.ChromeDriver\nCommand: [0ebc4959dbcfbb71cf2f0793292a33de, clickElement {id=3D9A0E37F64D4ABA1B9894BFE6A3316A_element_40}]\nCapabilities {acceptInsecureCerts: false, browserName: chrome, browserVersion: 120.0.6099.130, chrome: {chromedriverVersion: 120.0.6099.109 (3419140ab66..., userDataDir: C:\\Users\\Acer\\AppData\\Local...}, fedcm:accounts: true, goog:chromeOptions: {debuggerAddress: localhost:63093}, networkConnectionEnabled: false, pageLoadStrategy: normal, platformName: windows, proxy: Proxy(), se:cdp: ws://localhost:63093/devtoo..., se:cdpVersion: 120.0.6099.130, setWindowRect: true, strictFileInteractability: false, timeouts: {implicit: 0, pageLoad: 300000, script: 30000}, unhandledPromptBehavior: dismiss and notify, webauthn:extension:credBlob: true, webauthn:extension:largeBlob: true, webauthn:extension:minPinLength: true, webauthn:extension:prf: true, webauthn:virtualAuthenticators: true}\nElement: [[ChromeDriver: chrome on windows (0ebc4959dbcfbb71cf2f0793292a33de)] -> css selector: button]\nSession ID: 0ebc4959dbcfbb71cf2f0793292a33de","trace":"org.openqa.selenium.ElementClickInterceptedException: element click intercepted: Element <button class=\"elementor-button elementor-button-link elementor-size-lg\" type=\"submit\">...</button> is not clickable at point (358, 655). Other element would receive the click: <section class=\"elementor-section elementor-inner-section elementor-element elementor-element-824bc6d elementor-section-boxed elementor-section-height-default elementor-section-height-default\" data-id=\"824bc6d\" data-element_type=\"section\" id=\"offer\">...</section>\n  (Session info: chrome=120.0.6099.130)\nBuild info: version: '4.15.0', revision: '1d14b5521b'\nSystem info: os.name: 'Windows 11', os.arch: 'amd64', os.version: '10.0', java.version: '11.0.17'\nDriver info: org.openqa.selenium.chrome.ChromeDriver\nCommand: [0ebc4959dbcfbb71cf2f0793292a33de, clickElement {id=3D9A0E37F64D4ABA1B9894BFE6A3316A_element_40}]\nCapabilities {acceptInsecureCerts: false, browserName: chrome, browserVersion: 120.0.6099.130, chrome: {chromedriverVersion: 120.0.6099.109 (3419140ab66..., userDataDir: C:\\Users\\Acer\\AppData\\Local...}, fedcm:accounts: true, goog:chromeOptions: {debuggerAddress: localhost:63093}, networkConnectionEnabled: false, pageLoadStrategy: normal, platformName: windows, proxy: Proxy(), se:cdp: ws://localhost:63093/devtoo..., se:cdpVersion: 120.0.6099.130, setWindowRect: true, strictFileInteractability: false, timeouts: {implicit: 0, pageLoad: 300000, script: 30000}, unhandledPromptBehavior: dismiss and notify, webauthn:extension:credBlob: true, webauthn:extension:largeBlob: true, webauthn:extension:minPinLength: true, webauthn:extension:prf: true, webauthn:virtualAuthenticators: true}\nElement: [[ChromeDriver: chrome on windows (0ebc4959dbcfbb71cf2f0793292a33de)] -> css selector: button]\nSession ID: 0ebc4959dbcfbb71cf2f0793292a33de\r\n\tat java.base/jdk.internal.reflect.NativeConstructorAccessorImpl.newInstance0(Native Method)\r\n\tat java.base/jdk.internal.reflect.NativeConstructorAccessorImpl.newInstance(NativeConstructorAccessorImpl.java:62)\r\n\tat java.base/jdk.internal.reflect.DelegatingConstructorAccessorImpl.newInstance(DelegatingConstructorAccessorImpl.java:45)\r\n\tat java.base/java.lang.reflect.Constructor.newInstance(Constructor.java:490)\r\n\tat org.openqa.selenium.remote.codec.w3c.W3CHttpResponseCodec.createException(W3CHttpResponseCodec.java:200)\r\n\tat org.openqa.selenium.remote.codec.w3c.W3CHttpResponseCodec.decode(W3CHttpResponseCodec.java:133)\r\n\tat org.openqa.selenium.remote.codec.w3c.W3CHttpResponseCodec.decode(W3CHttpResponseCodec.java:52)\r\n\tat org.openqa.selenium.remote.HttpCommandExecutor.execute(HttpCommandExecutor.java:191)\r\n\tat org.openqa.selenium.remote.service.DriverCommandExecutor.invokeExecute(DriverCommandExecutor.java:200)\r\n\tat org.openqa.selenium.remote.service.DriverCommandExecutor.execute(DriverCommandExecutor.java:175)\r\n\tat org.openqa.selenium.remote.RemoteWebDriver.execute(RemoteWebDriver.java:607)\r\n\tat org.openqa.selenium.remote.RemoteWebElement.execute(RemoteWebElement.java:224)\r\n\tat org.openqa.selenium.remote.RemoteWebElement.click(RemoteWebElement.java:77)\r\n\tat jdk.internal.reflect.GeneratedMethodAccessor2.invoke(Unknown Source)\r\n\tat java.base/jdk.internal.reflect.DelegatingMethodAccessorImpl.invoke(DelegatingMethodAccessorImpl.java:43)\r\n\tat java.base/java.lang.reflect.Method.invoke(Method.java:566)\r\n\tat org.openqa.selenium.support.pagefactory.internal.LocatingElementHandler.invoke(LocatingElementHandler.java:51)\r\n\tat com.sun.proxy.$Proxy17.click(Unknown Source)\r\n\tat com.qa.PageObjects.EmailPage.EmailInbox.clickCheckEmailOnHome(EmailInbox.java:81)\r\n\tat com.test.TestCases.InvitationUser.AcceptInvitationUser.acceptUserAdmin(AcceptInvitationUser.java:45)\r\n\tat java.base/jdk.internal.reflect.NativeMethodAccessorImpl.invoke0(Native Method)\r\n\tat java.base/jdk.internal.reflect.NativeMethodAccessorImpl.invoke(NativeMethodAccessorImpl.java:62)\r\n\tat java.base/jdk.internal.reflect.DelegatingMethodAccessorImpl.invoke(DelegatingMethodAccessorImpl.java:43)\r\n\tat java.base/java.lang.reflect.Method.invoke(Method.java:566)\r\n\tat org.testng.internal.invokers.MethodInvocationHelper.invokeMethod(MethodInvocationHelper.java:139)\r\n\tat org.testng.internal.invokers.TestInvoker.invokeMethod(TestInvoker.java:664)\r\n\tat org.testng.internal.invokers.TestInvoker.invokeTestMethod(TestInvoker.java:227)\r\n\tat org.testng.internal.invokers.MethodRunner.runInSequence(MethodRunner.java:50)\r\n\tat org.testng.internal.invokers.TestInvoker$MethodInvocationAgent.invoke(TestInvoker.java:957)\r\n\tat org.testng.internal.invokers.TestInvoker.invokeTestMethods(TestInvoker.java:200)\r\n\tat org.testng.internal.invokers.TestMethodWorker.invokeTestMethods(TestMethodWorker.java:148)\r\n\tat org.testng.internal.invokers.TestMethodWorker.run(TestMethodWorker.java:128)\r\n\tat java.base/java.util.ArrayList.forEach(ArrayList.java:1541)\r\n\tat org.testng.TestRunner.privateRun(TestRunner.java:848)\r\n\tat org.testng.TestRunner.run(TestRunner.java:621)\r\n\tat org.testng.SuiteRunner.runTest(SuiteRunner.java:443)\r\n\tat org.testng.SuiteRunner.runSequentially(SuiteRunner.java:437)\r\n\tat org.testng.SuiteRunner.privateRun(SuiteRunner.java:397)\r\n\tat org.testng.SuiteRunner.run(SuiteRunner.java:336)\r\n\tat org.testng.SuiteRunnerWorker.runSuite(SuiteRunnerWorker.java:52)\r\n\tat org.testng.SuiteRunnerWorker.run(SuiteRunnerWorker.java:95)\r\n\tat org.testng.TestNG.runSuitesSequentially(TestNG.java:1280)\r\n\tat org.testng.TestNG.runSuitesLocally(TestNG.java:1200)\r\n\tat org.testng.TestNG.runSuites(TestNG.java:1114)\r\n\tat org.testng.TestNG.run(TestNG.java:1082)\r\n\tat org.apache.maven.surefire.testng.TestNGExecutor.run(TestNGExecutor.java:308)\r\n\tat org.apache.maven.surefire.testng.TestNGXmlTestSuite.execute(TestNGXmlTestSuite.java:71)\r\n\tat org.apache.maven.surefire.testng.TestNGProvider.invoke(TestNGProvider.java:113)\r\n\tat org.apache.maven.surefire.booter.ForkedBooter.runSuitesInProcess(ForkedBooter.java:385)\r\n\tat org.apache.maven.surefire.booter.ForkedBooter.execute(ForkedBooter.java:162)\r\n\tat org.apache.maven.surefire.booter.ForkedBooter.run(ForkedBooter.java:507)\r\n\tat org.apache.maven.surefire.booter.ForkedBooter.main(ForkedBooter.java:495)\r\n"},"stage":"finished","steps":[],"attachments":[],"parameters":[],"start":1704185388998,"stop":1704185390167}],"attachments":[],"parameters":[{"name":"emailAdm","value":"45743y453y5g@mailsac.com"},{"name":"url","value":"https://mailsac.com/"},{"name":"emailAdm2","value":"45743y453y5g"}],"start":1704185371710,"stop":1704185390168}