{"uuid":"d014d81f-5f7e-4fad-a7c1-0b3646acb364","historyId":"8009888890dd69fad153ef7bb2cbfb57","fullName":"com.test.TestCases.InvitationUser.AcceptInvitationUser.acceptUserAdmin","labels":[{"name":"package","value":"com.test.TestCases.InvitationUser.AcceptInvitationUser"},{"name":"testClass","value":"com.test.TestCases.InvitationUser.AcceptInvitationUser"},{"name":"testMethod","value":"acceptUserAdmin"},{"name":"parentSuite","value":"Suite"},{"name":"suite","value":"Accept Invitation Admin"},{"name":"subSuite","value":"com.test.TestCases.InvitationUser.AcceptInvitationUser"},{"name":"host","value":"DESKTOP-8G0J9BJ"},{"name":"thread","value":"22752@DESKTOP-8G0J9BJ.main(1)"},{"name":"framework","value":"testng"},{"name":"language","value":"java"},{"name":"story","value":"Accept Invitation User"},{"name":"feature","value":"Accept Invitation User"},{"name":"epic","value":"Accept Invitation User"}],"links":[{"name":"allure","url":"https://example.org/mylink/allure","type":"mylink"},{"name":"TMS Link","url":"https://example.org/tms/TMS Link","type":"tms"}],"name":"Accept Invitation User Admin","status":"broken","statusDetails":{"known":false,"muted":false,"flaky":false,"message":"element click intercepted: Element <button class=\"elementor-button elementor-button-link elementor-size-lg\" type=\"submit\">...</button> is not clickable at point (358, 658). Other element would receive the click: <section class=\"elementor-section elementor-inner-section elementor-element elementor-element-824bc6d elementor-section-boxed elementor-section-height-default elementor-section-height-default\" data-id=\"824bc6d\" data-element_type=\"section\" id=\"offer\">...</section>\n  (Session info: chrome=120.0.6099.130)\nBuild info: version: '4.15.0', revision: '1d14b5521b'\nSystem info: os.name: 'Windows 11', os.arch: 'amd64', os.version: '10.0', java.version: '11.0.17'\nDriver info: org.openqa.selenium.chrome.ChromeDriver\nCommand: [bf17ddf311117fa808335af126198c8c, clickElement {id=6A6DDDC294FD4BFF1669CF39B2B6DDD5_element_37}]\nCapabilities {acceptInsecureCerts: false, browserName: chrome, browserVersion: 120.0.6099.130, chrome: {chromedriverVersion: 120.0.6099.109 (3419140ab66..., userDataDir: C:\\Users\\Acer\\AppData\\Local...}, fedcm:accounts: true, goog:chromeOptions: {debuggerAddress: localhost:55897}, networkConnectionEnabled: false, pageLoadStrategy: normal, platformName: windows, proxy: Proxy(), se:cdp: ws://localhost:55897/devtoo..., se:cdpVersion: 120.0.6099.130, setWindowRect: true, strictFileInteractability: false, timeouts: {implicit: 0, pageLoad: 300000, script: 30000}, unhandledPromptBehavior: dismiss and notify, webauthn:extension:credBlob: true, webauthn:extension:largeBlob: true, webauthn:extension:minPinLength: true, webauthn:extension:prf: true, webauthn:virtualAuthenticators: true}\nElement: [[ChromeDriver: chrome on windows (bf17ddf311117fa808335af126198c8c)] -> css selector: button]\nSession ID: bf17ddf311117fa808335af126198c8c","trace":"org.openqa.selenium.ElementClickInterceptedException: element click intercepted: Element <button class=\"elementor-button elementor-button-link elementor-size-lg\" type=\"submit\">...</button> is not clickable at point (358, 658). Other element would receive the click: <section class=\"elementor-section elementor-inner-section elementor-element elementor-element-824bc6d elementor-section-boxed elementor-section-height-default elementor-section-height-default\" data-id=\"824bc6d\" data-element_type=\"section\" id=\"offer\">...</section>\n  (Session info: chrome=120.0.6099.130)\nBuild info: version: '4.15.0', revision: '1d14b5521b'\nSystem info: os.name: 'Windows 11', os.arch: 'amd64', os.version: '10.0', java.version: '11.0.17'\nDriver info: org.openqa.selenium.chrome.ChromeDriver\nCommand: [bf17ddf311117fa808335af126198c8c, clickElement {id=6A6DDDC294FD4BFF1669CF39B2B6DDD5_element_37}]\nCapabilities {acceptInsecureCerts: false, browserName: chrome, browserVersion: 120.0.6099.130, chrome: {chromedriverVersion: 120.0.6099.109 (3419140ab66..., userDataDir: C:\\Users\\Acer\\AppData\\Local...}, fedcm:accounts: true, goog:chromeOptions: {debuggerAddress: localhost:55897}, networkConnectionEnabled: false, pageLoadStrategy: normal, platformName: windows, proxy: Proxy(), se:cdp: ws://localhost:55897/devtoo..., se:cdpVersion: 120.0.6099.130, setWindowRect: true, strictFileInteractability: false, timeouts: {implicit: 0, pageLoad: 300000, script: 30000}, unhandledPromptBehavior: dismiss and notify, webauthn:extension:credBlob: true, webauthn:extension:largeBlob: true, webauthn:extension:minPinLength: true, webauthn:extension:prf: true, webauthn:virtualAuthenticators: true}\nElement: [[ChromeDriver: chrome on windows (bf17ddf311117fa808335af126198c8c)] -> css selector: button]\nSession ID: bf17ddf311117fa808335af126198c8c\r\n\tat java.base/jdk.internal.reflect.NativeConstructorAccessorImpl.newInstance0(Native Method)\r\n\tat java.base/jdk.internal.reflect.NativeConstructorAccessorImpl.newInstance(NativeConstructorAccessorImpl.java:62)\r\n\tat java.base/jdk.internal.reflect.DelegatingConstructorAccessorImpl.newInstance(DelegatingConstructorAccessorImpl.java:45)\r\n\tat java.base/java.lang.reflect.Constructor.newInstance(Constructor.java:490)\r\n\tat org.openqa.selenium.remote.codec.w3c.W3CHttpResponseCodec.createException(W3CHttpResponseCodec.java:200)\r\n\tat org.openqa.selenium.remote.codec.w3c.W3CHttpResponseCodec.decode(W3CHttpResponseCodec.java:133)\r\n\tat org.openqa.selenium.remote.codec.w3c.W3CHttpResponseCodec.decode(W3CHttpResponseCodec.java:52)\r\n\tat org.openqa.selenium.remote.HttpCommandExecutor.execute(HttpCommandExecutor.java:191)\r\n\tat org.openqa.selenium.remote.service.DriverCommandExecutor.invokeExecute(DriverCommandExecutor.java:200)\r\n\tat org.openqa.selenium.remote.service.DriverCommandExecutor.execute(DriverCommandExecutor.java:175)\r\n\tat org.openqa.selenium.remote.RemoteWebDriver.execute(RemoteWebDriver.java:607)\r\n\tat org.openqa.selenium.remote.RemoteWebElement.execute(RemoteWebElement.java:224)\r\n\tat org.openqa.selenium.remote.RemoteWebElement.click(RemoteWebElement.java:77)\r\n\tat jdk.internal.reflect.GeneratedMethodAccessor2.invoke(Unknown Source)\r\n\tat java.base/jdk.internal.reflect.DelegatingMethodAccessorImpl.invoke(DelegatingMethodAccessorImpl.java:43)\r\n\tat java.base/java.lang.reflect.Method.invoke(Method.java:566)\r\n\tat org.openqa.selenium.support.pagefactory.internal.LocatingElementHandler.invoke(LocatingElementHandler.java:51)\r\n\tat com.sun.proxy.$Proxy17.click(Unknown Source)\r\n\tat com.qa.PageObjects.EmailPage.EmailInbox.clickCheckEmailOnHome(EmailInbox.java:81)\r\n\tat com.test.TestCases.InvitationUser.AcceptInvitationUser.acceptUserAdmin(AcceptInvitationUser.java:45)\r\n\tat java.base/jdk.internal.reflect.NativeMethodAccessorImpl.invoke0(Native Method)\r\n\tat java.base/jdk.internal.reflect.NativeMethodAccessorImpl.invoke(NativeMethodAccessorImpl.java:62)\r\n\tat java.base/jdk.internal.reflect.DelegatingMethodAccessorImpl.invoke(DelegatingMethodAccessorImpl.java:43)\r\n\tat java.base/java.lang.reflect.Method.invoke(Method.java:566)\r\n\tat org.testng.internal.invokers.MethodInvocationHelper.invokeMethod(MethodInvocationHelper.java:139)\r\n\tat org.testng.internal.invokers.TestInvoker.invokeMethod(TestInvoker.java:664)\r\n\tat org.testng.internal.invokers.TestInvoker.invokeTestMethod(TestInvoker.java:227)\r\n\tat org.testng.internal.invokers.MethodRunner.runInSequence(MethodRunner.java:50)\r\n\tat org.testng.internal.invokers.TestInvoker$MethodInvocationAgent.invoke(TestInvoker.java:957)\r\n\tat org.testng.internal.invokers.TestInvoker.invokeTestMethods(TestInvoker.java:200)\r\n\tat org.testng.internal.invokers.TestMethodWorker.invokeTestMethods(TestMethodWorker.java:148)\r\n\tat org.testng.internal.invokers.TestMethodWorker.run(TestMethodWorker.java:128)\r\n\tat java.base/java.util.ArrayList.forEach(ArrayList.java:1541)\r\n\tat org.testng.TestRunner.privateRun(TestRunner.java:848)\r\n\tat org.testng.TestRunner.run(TestRunner.java:621)\r\n\tat org.testng.SuiteRunner.runTest(SuiteRunner.java:443)\r\n\tat org.testng.SuiteRunner.runSequentially(SuiteRunner.java:437)\r\n\tat org.testng.SuiteRunner.privateRun(SuiteRunner.java:397)\r\n\tat org.testng.SuiteRunner.run(SuiteRunner.java:336)\r\n\tat org.testng.SuiteRunnerWorker.runSuite(SuiteRunnerWorker.java:52)\r\n\tat org.testng.SuiteRunnerWorker.run(SuiteRunnerWorker.java:95)\r\n\tat org.testng.TestNG.runSuitesSequentially(TestNG.java:1280)\r\n\tat org.testng.TestNG.runSuitesLocally(TestNG.java:1200)\r\n\tat org.testng.TestNG.runSuites(TestNG.java:1114)\r\n\tat org.testng.TestNG.run(TestNG.java:1082)\r\n\tat org.apache.maven.surefire.testng.TestNGExecutor.run(TestNGExecutor.java:308)\r\n\tat org.apache.maven.surefire.testng.TestNGXmlTestSuite.execute(TestNGXmlTestSuite.java:71)\r\n\tat org.apache.maven.surefire.testng.TestNGProvider.invoke(TestNGProvider.java:113)\r\n\tat org.apache.maven.surefire.booter.ForkedBooter.runSuitesInProcess(ForkedBooter.java:385)\r\n\tat org.apache.maven.surefire.booter.ForkedBooter.execute(ForkedBooter.java:162)\r\n\tat org.apache.maven.surefire.booter.ForkedBooter.run(ForkedBooter.java:507)\r\n\tat org.apache.maven.surefire.booter.ForkedBooter.main(ForkedBooter.java:495)\r\n"},"stage":"finished","description":"Accept Invitation User Admin","steps":[{"name":"goToLoginPage","status":"passed","stage":"finished","steps":[],"attachments":[],"parameters":[],"start":1704255252617,"stop":1704255254870},{"name":"inputEmailField","status":"passed","stage":"finished","steps":[],"attachments":[],"parameters":[{"name":"email","value":"eduqatautomationtest@gmail.com"}],"start":1704255254871,"stop":1704255255033},{"name":"inputPasswordField","status":"passed","stage":"finished","steps":[],"attachments":[],"parameters":[],"start":1704255255033,"stop":1704255255149},{"name":"clickLoginButton","status":"passed","stage":"finished","steps":[],"attachments":[],"parameters":[],"start":1704255255149,"stop":1704255255262},{"name":"inputEmailInboxField","status":"passed","stage":"finished","steps":[],"attachments":[],"parameters":[{"name":"email","value":"asda25g4565@mailsac.com"}],"start":1704255255262,"stop":1704255257248},{"name":"clickCheckEmailButton","status":"passed","stage":"finished","steps":[],"attachments":[],"parameters":[],"start":1704255257248,"stop":1704255258094},{"name":"clickEmailInvitation","status":"passed","stage":"finished","steps":[],"attachments":[],"parameters":[{"name":"email","value":"Invitation to be an Admin at untukautomationtest"}],"start":1704255258094,"stop":1704255258202},{"name":"clickUnblockLinkButton","status":"passed","stage":"finished","steps":[],"attachments":[],"parameters":[],"start":1704255258202,"stop":1704255258341},{"name":"clickAcceptInvButton","status":"passed","stage":"finished","steps":[],"attachments":[],"parameters":[],"start":1704255258378,"stop":1704255262758},{"name":"getInvitationPageText","status":"passed","stage":"finished","steps":[],"attachments":[],"parameters":[],"start":1704255262759,"stop":1704255264928},{"name":"clickRegisterEmailButton","status":"passed","stage":"finished","steps":[],"attachments":[],"parameters":[],"start":1704255264928,"stop":1704255265839},{"name":"getRegisterPageText","status":"passed","stage":"finished","steps":[{"name":"waitElementsDisplay","status":"passed","stage":"finished","steps":[],"attachments":[],"parameters":[{"name":"findBy","value":"[[ChromeDriver: chrome on windows (bf17ddf311117fa808335af126198c8c)] -> xpath: //h2[@class='label']]"}],"start":1704255268720,"stop":1704255268749}],"attachments":[],"parameters":[],"start":1704255265839,"stop":1704255268773},{"name":"inputNameField","status":"passed","stage":"finished","steps":[{"name":"waitElementsDisplay","status":"passed","stage":"finished","steps":[],"attachments":[],"parameters":[{"name":"findBy","value":"[[ChromeDriver: chrome on windows (bf17ddf311117fa808335af126198c8c)] -> xpath: //input[@id='name']]"}],"start":1704255268793,"stop":1704255268817}],"attachments":[],"parameters":[{"name":"name","value":"Testing"}],"start":1704255268773,"stop":1704255268965},{"name":"inputPasswordField","status":"passed","stage":"finished","steps":[{"name":"waitElementsDisplay","status":"passed","stage":"finished","steps":[],"attachments":[],"parameters":[{"name":"findBy","value":"[[ChromeDriver: chrome on windows (bf17ddf311117fa808335af126198c8c)] -> xpath: //input[@id='password']]"}],"start":1704255269001,"stop":1704255269027}],"attachments":[],"parameters":[{"name":"pass","value":"test123"}],"start":1704255268966,"stop":1704255269174},{"name":"clickAgrementPrivacy","status":"passed","stage":"finished","steps":[],"attachments":[],"parameters":[],"start":1704255269174,"stop":1704255269249},{"name":"clickAgrementSaas","status":"passed","stage":"finished","steps":[],"attachments":[],"parameters":[],"start":1704255269249,"stop":1704255269326},{"name":"clickSignUpButton","status":"passed","stage":"finished","steps":[{"name":"waitElementsDisplay","status":"passed","stage":"finished","steps":[],"attachments":[],"parameters":[{"name":"findBy","value":"[[ChromeDriver: chrome on windows (bf17ddf311117fa808335af126198c8c)] -> css selector: .Button2-sc-12miqch-0]"}],"start":1704255269348,"stop":1704255269382}],"attachments":[],"parameters":[],"start":1704255269326,"stop":1704255269460},{"name":"clickEnterOTPCodeButton","status":"passed","stage":"finished","steps":[{"name":"waitElementsDisplay","status":"passed","stage":"finished","steps":[],"attachments":[],"parameters":[{"name":"findBy","value":"[[ChromeDriver: chrome on windows (bf17ddf311117fa808335af126198c8c)] -> xpath: //button[.='Enter OTP Code']]"}],"start":1704255271906,"stop":1704255272479}],"attachments":[],"parameters":[],"start":1704255269460,"stop":1704255272542},{"name":"getOtpLabelText","status":"passed","stage":"finished","steps":[{"name":"waitElementsDisplay","status":"passed","stage":"finished","steps":[],"attachments":[],"parameters":[{"name":"findBy","value":"[[ChromeDriver: chrome on windows (bf17ddf311117fa808335af126198c8c)] -> css selector: .otp-label]"}],"start":1704255273303,"stop":1704255273334}],"attachments":[],"parameters":[],"start":1704255272542,"stop":1704255273359},{"name":"inputEmailFieldOnHome","status":"passed","stage":"finished","steps":[],"attachments":[],"parameters":[{"name":"email","value":"asda25g4565"}],"start":1704255273504,"stop":1704255275233},{"name":"clickCheckEmailOnHome","status":"broken","statusDetails":{"known":false,"muted":false,"flaky":false,"message":"element click intercepted: Element <button class=\"elementor-button elementor-button-link elementor-size-lg\" type=\"submit\">...</button> is not clickable at point (358, 658). Other element would receive the click: <section class=\"elementor-section elementor-inner-section elementor-element elementor-element-824bc6d elementor-section-boxed elementor-section-height-default elementor-section-height-default\" data-id=\"824bc6d\" data-element_type=\"section\" id=\"offer\">...</section>\n  (Session info: chrome=120.0.6099.130)\nBuild info: version: '4.15.0', revision: '1d14b5521b'\nSystem info: os.name: 'Windows 11', os.arch: 'amd64', os.version: '10.0', java.version: '11.0.17'\nDriver info: org.openqa.selenium.chrome.ChromeDriver\nCommand: [bf17ddf311117fa808335af126198c8c, clickElement {id=6A6DDDC294FD4BFF1669CF39B2B6DDD5_element_37}]\nCapabilities {acceptInsecureCerts: false, browserName: chrome, browserVersion: 120.0.6099.130, chrome: {chromedriverVersion: 120.0.6099.109 (3419140ab66..., userDataDir: C:\\Users\\Acer\\AppData\\Local...}, fedcm:accounts: true, goog:chromeOptions: {debuggerAddress: localhost:55897}, networkConnectionEnabled: false, pageLoadStrategy: normal, platformName: windows, proxy: Proxy(), se:cdp: ws://localhost:55897/devtoo..., se:cdpVersion: 120.0.6099.130, setWindowRect: true, strictFileInteractability: false, timeouts: {implicit: 0, pageLoad: 300000, script: 30000}, unhandledPromptBehavior: dismiss and notify, webauthn:extension:credBlob: true, webauthn:extension:largeBlob: true, webauthn:extension:minPinLength: true, webauthn:extension:prf: true, webauthn:virtualAuthenticators: true}\nElement: [[ChromeDriver: chrome on windows (bf17ddf311117fa808335af126198c8c)] -> css selector: button]\nSession ID: bf17ddf311117fa808335af126198c8c","trace":"org.openqa.selenium.ElementClickInterceptedException: element click intercepted: Element <button class=\"elementor-button elementor-button-link elementor-size-lg\" type=\"submit\">...</button> is not clickable at point (358, 658). Other element would receive the click: <section class=\"elementor-section elementor-inner-section elementor-element elementor-element-824bc6d elementor-section-boxed elementor-section-height-default elementor-section-height-default\" data-id=\"824bc6d\" data-element_type=\"section\" id=\"offer\">...</section>\n  (Session info: chrome=120.0.6099.130)\nBuild info: version: '4.15.0', revision: '1d14b5521b'\nSystem info: os.name: 'Windows 11', os.arch: 'amd64', os.version: '10.0', java.version: '11.0.17'\nDriver info: org.openqa.selenium.chrome.ChromeDriver\nCommand: [bf17ddf311117fa808335af126198c8c, clickElement {id=6A6DDDC294FD4BFF1669CF39B2B6DDD5_element_37}]\nCapabilities {acceptInsecureCerts: false, browserName: chrome, browserVersion: 120.0.6099.130, chrome: {chromedriverVersion: 120.0.6099.109 (3419140ab66..., userDataDir: C:\\Users\\Acer\\AppData\\Local...}, fedcm:accounts: true, goog:chromeOptions: {debuggerAddress: localhost:55897}, networkConnectionEnabled: false, pageLoadStrategy: normal, platformName: windows, proxy: Proxy(), se:cdp: ws://localhost:55897/devtoo..., se:cdpVersion: 120.0.6099.130, setWindowRect: true, strictFileInteractability: false, timeouts: {implicit: 0, pageLoad: 300000, script: 30000}, unhandledPromptBehavior: dismiss and notify, webauthn:extension:credBlob: true, webauthn:extension:largeBlob: true, webauthn:extension:minPinLength: true, webauthn:extension:prf: true, webauthn:virtualAuthenticators: true}\nElement: [[ChromeDriver: chrome on windows (bf17ddf311117fa808335af126198c8c)] -> css selector: button]\nSession ID: bf17ddf311117fa808335af126198c8c\r\n\tat java.base/jdk.internal.reflect.NativeConstructorAccessorImpl.newInstance0(Native Method)\r\n\tat java.base/jdk.internal.reflect.NativeConstructorAccessorImpl.newInstance(NativeConstructorAccessorImpl.java:62)\r\n\tat java.base/jdk.internal.reflect.DelegatingConstructorAccessorImpl.newInstance(DelegatingConstructorAccessorImpl.java:45)\r\n\tat java.base/java.lang.reflect.Constructor.newInstance(Constructor.java:490)\r\n\tat org.openqa.selenium.remote.codec.w3c.W3CHttpResponseCodec.createException(W3CHttpResponseCodec.java:200)\r\n\tat org.openqa.selenium.remote.codec.w3c.W3CHttpResponseCodec.decode(W3CHttpResponseCodec.java:133)\r\n\tat org.openqa.selenium.remote.codec.w3c.W3CHttpResponseCodec.decode(W3CHttpResponseCodec.java:52)\r\n\tat org.openqa.selenium.remote.HttpCommandExecutor.execute(HttpCommandExecutor.java:191)\r\n\tat org.openqa.selenium.remote.service.DriverCommandExecutor.invokeExecute(DriverCommandExecutor.java:200)\r\n\tat org.openqa.selenium.remote.service.DriverCommandExecutor.execute(DriverCommandExecutor.java:175)\r\n\tat org.openqa.selenium.remote.RemoteWebDriver.execute(RemoteWebDriver.java:607)\r\n\tat org.openqa.selenium.remote.RemoteWebElement.execute(RemoteWebElement.java:224)\r\n\tat org.openqa.selenium.remote.RemoteWebElement.click(RemoteWebElement.java:77)\r\n\tat jdk.internal.reflect.GeneratedMethodAccessor2.invoke(Unknown Source)\r\n\tat java.base/jdk.internal.reflect.DelegatingMethodAccessorImpl.invoke(DelegatingMethodAccessorImpl.java:43)\r\n\tat java.base/java.lang.reflect.Method.invoke(Method.java:566)\r\n\tat org.openqa.selenium.support.pagefactory.internal.LocatingElementHandler.invoke(LocatingElementHandler.java:51)\r\n\tat com.sun.proxy.$Proxy17.click(Unknown Source)\r\n\tat com.qa.PageObjects.EmailPage.EmailInbox.clickCheckEmailOnHome(EmailInbox.java:81)\r\n\tat com.test.TestCases.InvitationUser.AcceptInvitationUser.acceptUserAdmin(AcceptInvitationUser.java:45)\r\n\tat java.base/jdk.internal.reflect.NativeMethodAccessorImpl.invoke0(Native Method)\r\n\tat java.base/jdk.internal.reflect.NativeMethodAccessorImpl.invoke(NativeMethodAccessorImpl.java:62)\r\n\tat java.base/jdk.internal.reflect.DelegatingMethodAccessorImpl.invoke(DelegatingMethodAccessorImpl.java:43)\r\n\tat java.base/java.lang.reflect.Method.invoke(Method.java:566)\r\n\tat org.testng.internal.invokers.MethodInvocationHelper.invokeMethod(MethodInvocationHelper.java:139)\r\n\tat org.testng.internal.invokers.TestInvoker.invokeMethod(TestInvoker.java:664)\r\n\tat org.testng.internal.invokers.TestInvoker.invokeTestMethod(TestInvoker.java:227)\r\n\tat org.testng.internal.invokers.MethodRunner.runInSequence(MethodRunner.java:50)\r\n\tat org.testng.internal.invokers.TestInvoker$MethodInvocationAgent.invoke(TestInvoker.java:957)\r\n\tat org.testng.internal.invokers.TestInvoker.invokeTestMethods(TestInvoker.java:200)\r\n\tat org.testng.internal.invokers.TestMethodWorker.invokeTestMethods(TestMethodWorker.java:148)\r\n\tat org.testng.internal.invokers.TestMethodWorker.run(TestMethodWorker.java:128)\r\n\tat java.base/java.util.ArrayList.forEach(ArrayList.java:1541)\r\n\tat org.testng.TestRunner.privateRun(TestRunner.java:848)\r\n\tat org.testng.TestRunner.run(TestRunner.java:621)\r\n\tat org.testng.SuiteRunner.runTest(SuiteRunner.java:443)\r\n\tat org.testng.SuiteRunner.runSequentially(SuiteRunner.java:437)\r\n\tat org.testng.SuiteRunner.privateRun(SuiteRunner.java:397)\r\n\tat org.testng.SuiteRunner.run(SuiteRunner.java:336)\r\n\tat org.testng.SuiteRunnerWorker.runSuite(SuiteRunnerWorker.java:52)\r\n\tat org.testng.SuiteRunnerWorker.run(SuiteRunnerWorker.java:95)\r\n\tat org.testng.TestNG.runSuitesSequentially(TestNG.java:1280)\r\n\tat org.testng.TestNG.runSuitesLocally(TestNG.java:1200)\r\n\tat org.testng.TestNG.runSuites(TestNG.java:1114)\r\n\tat org.testng.TestNG.run(TestNG.java:1082)\r\n\tat org.apache.maven.surefire.testng.TestNGExecutor.run(TestNGExecutor.java:308)\r\n\tat org.apache.maven.surefire.testng.TestNGXmlTestSuite.execute(TestNGXmlTestSuite.java:71)\r\n\tat org.apache.maven.surefire.testng.TestNGProvider.invoke(TestNGProvider.java:113)\r\n\tat org.apache.maven.surefire.booter.ForkedBooter.runSuitesInProcess(ForkedBooter.java:385)\r\n\tat org.apache.maven.surefire.booter.ForkedBooter.execute(ForkedBooter.java:162)\r\n\tat org.apache.maven.surefire.booter.ForkedBooter.run(ForkedBooter.java:507)\r\n\tat org.apache.maven.surefire.booter.ForkedBooter.main(ForkedBooter.java:495)\r\n"},"stage":"finished","steps":[],"attachments":[],"parameters":[],"start":1704255275233,"stop":1704255276370}],"attachments":[{"name":"Page screenshot","source":"716e4bf9-3ce8-475c-9aef-f90c753f41a1-attachment","type":"image/png"},{"name":"acceptUserAdmin failed and screenshot taken!","source":"3f8d06e3-90ae-4d11-af4e-d86ccacdf94a-attachment","type":"text/plain"}],"parameters":[{"name":"emailAdm","value":"asda25g4565@mailsac.com"},{"name":"url","value":"https://mailsac.com/"},{"name":"emailAdm2","value":"asda25g4565"}],"start":1704255252617,"stop":1704255276551}