{"uuid":"d5757e41-75f0-4ec8-ba0f-32e4e88a0003","historyId":"f5a16a1705dde5e98af549ed67430a3a","fullName":"com.test.TestCases.InvitationUser.AcceptInvitationUser.acceptUserAdmin","labels":[{"name":"package","value":"com.test.TestCases.InvitationUser.AcceptInvitationUser"},{"name":"testClass","value":"com.test.TestCases.InvitationUser.AcceptInvitationUser"},{"name":"testMethod","value":"acceptUserAdmin"},{"name":"parentSuite","value":"Suite"},{"name":"suite","value":"Accept Invitation Admin"},{"name":"subSuite","value":"com.test.TestCases.InvitationUser.AcceptInvitationUser"},{"name":"host","value":"DESKTOP-8G0J9BJ"},{"name":"thread","value":"21872@DESKTOP-8G0J9BJ.main(1)"},{"name":"framework","value":"testng"},{"name":"language","value":"java"},{"name":"story","value":"Accept Invitation User"},{"name":"feature","value":"Accept Invitation User"},{"name":"epic","value":"Accept Invitation User"}],"links":[{"name":"allure","url":"https://example.org/mylink/allure","type":"mylink"},{"name":"TMS Link","url":"https://example.org/tms/TMS Link","type":"tms"}],"name":"Accept Invitation User Admin","status":"broken","statusDetails":{"known":false,"muted":false,"flaky":false,"message":"Expected condition failed: waiting for visibility of Proxy element for: DefaultElementLocator 'By.xpath: //h1[@class='title']' (tried for 60 second(s) with 500 milliseconds interval)","trace":"org.openqa.selenium.TimeoutException: Expected condition failed: waiting for visibility of Proxy element for: DefaultElementLocator 'By.xpath: //h1[@class='title']' (tried for 60 second(s) with 500 milliseconds interval)\r\n\tat org.openqa.selenium.support.ui.WebDriverWait.timeoutException(WebDriverWait.java:84)\r\n\tat org.openqa.selenium.support.ui.FluentWait.until(FluentWait.java:229)\r\n\tat com.qa.Components.GeneralObject.waitElementsDisplay(GeneralObject.java:61)\r\n\tat com.qa.PageObjects.DashboardSchool.DashboardSchool.getSchoolText(DashboardSchool.java:125)\r\n\tat com.test.TestCases.InvitationUser.AcceptInvitationUser.acceptUserAdmin(AcceptInvitationUser.java:55)\r\n\tat java.base/jdk.internal.reflect.NativeMethodAccessorImpl.invoke0(Native Method)\r\n\tat java.base/jdk.internal.reflect.NativeMethodAccessorImpl.invoke(NativeMethodAccessorImpl.java:62)\r\n\tat java.base/jdk.internal.reflect.DelegatingMethodAccessorImpl.invoke(DelegatingMethodAccessorImpl.java:43)\r\n\tat java.base/java.lang.reflect.Method.invoke(Method.java:566)\r\n\tat org.testng.internal.invokers.MethodInvocationHelper.invokeMethod(MethodInvocationHelper.java:139)\r\n\tat org.testng.internal.invokers.TestInvoker.invokeMethod(TestInvoker.java:664)\r\n\tat org.testng.internal.invokers.TestInvoker.invokeTestMethod(TestInvoker.java:227)\r\n\tat org.testng.internal.invokers.MethodRunner.runInSequence(MethodRunner.java:50)\r\n\tat org.testng.internal.invokers.TestInvoker$MethodInvocationAgent.invoke(TestInvoker.java:957)\r\n\tat org.testng.internal.invokers.TestInvoker.invokeTestMethods(TestInvoker.java:200)\r\n\tat org.testng.internal.invokers.TestMethodWorker.invokeTestMethods(TestMethodWorker.java:148)\r\n\tat org.testng.internal.invokers.TestMethodWorker.run(TestMethodWorker.java:128)\r\n\tat java.base/java.util.ArrayList.forEach(ArrayList.java:1541)\r\n\tat org.testng.TestRunner.privateRun(TestRunner.java:848)\r\n\tat org.testng.TestRunner.run(TestRunner.java:621)\r\n\tat org.testng.SuiteRunner.runTest(SuiteRunner.java:443)\r\n\tat org.testng.SuiteRunner.runSequentially(SuiteRunner.java:437)\r\n\tat org.testng.SuiteRunner.privateRun(SuiteRunner.java:397)\r\n\tat org.testng.SuiteRunner.run(SuiteRunner.java:336)\r\n\tat org.testng.SuiteRunnerWorker.runSuite(SuiteRunnerWorker.java:52)\r\n\tat org.testng.SuiteRunnerWorker.run(SuiteRunnerWorker.java:95)\r\n\tat org.testng.TestNG.runSuitesSequentially(TestNG.java:1280)\r\n\tat org.testng.TestNG.runSuitesLocally(TestNG.java:1200)\r\n\tat org.testng.TestNG.runSuites(TestNG.java:1114)\r\n\tat org.testng.TestNG.run(TestNG.java:1082)\r\n\tat org.apache.maven.surefire.testng.TestNGExecutor.run(TestNGExecutor.java:308)\r\n\tat org.apache.maven.surefire.testng.TestNGXmlTestSuite.execute(TestNGXmlTestSuite.java:71)\r\n\tat org.apache.maven.surefire.testng.TestNGProvider.invoke(TestNGProvider.java:113)\r\n\tat org.apache.maven.surefire.booter.ForkedBooter.runSuitesInProcess(ForkedBooter.java:385)\r\n\tat org.apache.maven.surefire.booter.ForkedBooter.execute(ForkedBooter.java:162)\r\n\tat org.apache.maven.surefire.booter.ForkedBooter.run(ForkedBooter.java:507)\r\n\tat org.apache.maven.surefire.booter.ForkedBooter.main(ForkedBooter.java:495)\r\nCaused by: org.openqa.selenium.NoSuchElementException: no such element: Unable to locate element: {\"method\":\"xpath\",\"selector\":\"//h1[@class='title']\"}\n  (Session info: chrome=120.0.6099.130)\nFor documentation on this error, please visit: https://www.selenium.dev/documentation/webdriver/troubleshooting/errors#no-such-element-exception\nBuild info: version: '4.15.0', revision: '1d14b5521b'\nSystem info: os.name: 'Windows 11', os.arch: 'amd64', os.version: '10.0', java.version: '11.0.17'\nDriver info: org.openqa.selenium.chrome.ChromeDriver\nCommand: [b627bfa94ce225d7aa887c1475bd99a5, findElement {using=xpath, value=//h1[@class='title']}]\nCapabilities {acceptInsecureCerts: false, browserName: chrome, browserVersion: 120.0.6099.130, chrome: {chromedriverVersion: 120.0.6099.109 (3419140ab66..., userDataDir: C:\\Users\\Acer\\AppData\\Local...}, fedcm:accounts: true, goog:chromeOptions: {debuggerAddress: localhost:62380}, networkConnectionEnabled: false, pageLoadStrategy: normal, platformName: windows, proxy: Proxy(), se:cdp: ws://localhost:62380/devtoo..., se:cdpVersion: 120.0.6099.130, setWindowRect: true, strictFileInteractability: false, timeouts: {implicit: 0, pageLoad: 300000, script: 30000}, unhandledPromptBehavior: dismiss and notify, webauthn:extension:credBlob: true, webauthn:extension:largeBlob: true, webauthn:extension:minPinLength: true, webauthn:extension:prf: true, webauthn:virtualAuthenticators: true}\nSession ID: b627bfa94ce225d7aa887c1475bd99a5\r\n\tat java.base/jdk.internal.reflect.NativeConstructorAccessorImpl.newInstance0(Native Method)\r\n\tat java.base/jdk.internal.reflect.NativeConstructorAccessorImpl.newInstance(NativeConstructorAccessorImpl.java:62)\r\n\tat java.base/jdk.internal.reflect.DelegatingConstructorAccessorImpl.newInstance(DelegatingConstructorAccessorImpl.java:45)\r\n\tat java.base/java.lang.reflect.Constructor.newInstance(Constructor.java:490)\r\n\tat org.openqa.selenium.remote.codec.w3c.W3CHttpResponseCodec.createException(W3CHttpResponseCodec.java:200)\r\n\tat org.openqa.selenium.remote.codec.w3c.W3CHttpResponseCodec.decode(W3CHttpResponseCodec.java:133)\r\n\tat org.openqa.selenium.remote.codec.w3c.W3CHttpResponseCodec.decode(W3CHttpResponseCodec.java:52)\r\n\tat org.openqa.selenium.remote.HttpCommandExecutor.execute(HttpCommandExecutor.java:191)\r\n\tat org.openqa.selenium.remote.service.DriverCommandExecutor.invokeExecute(DriverCommandExecutor.java:200)\r\n\tat org.openqa.selenium.remote.service.DriverCommandExecutor.execute(DriverCommandExecutor.java:175)\r\n\tat org.openqa.selenium.remote.RemoteWebDriver.execute(RemoteWebDriver.java:607)\r\n\tat org.openqa.selenium.remote.ElementLocation$ElementFinder$2.findElement(ElementLocation.java:165)\r\n\tat org.openqa.selenium.remote.ElementLocation.findElement(ElementLocation.java:59)\r\n\tat org.openqa.selenium.remote.RemoteWebDriver.findElement(RemoteWebDriver.java:364)\r\n\tat org.openqa.selenium.remote.RemoteWebDriver.findElement(RemoteWebDriver.java:358)\r\n\tat org.openqa.selenium.support.pagefactory.DefaultElementLocator.findElement(DefaultElementLocator.java:68)\r\n\tat org.openqa.selenium.support.pagefactory.internal.LocatingElementHandler.invoke(LocatingElementHandler.java:38)\r\n\tat com.sun.proxy.$Proxy17.isDisplayed(Unknown Source)\r\n\tat org.openqa.selenium.support.ui.ExpectedConditions.elementIfVisible(ExpectedConditions.java:304)\r\n\tat org.openqa.selenium.support.ui.ExpectedConditions$10.apply(ExpectedConditions.java:290)\r\n\tat org.openqa.selenium.support.ui.ExpectedConditions$10.apply(ExpectedConditions.java:287)\r\n\tat org.openqa.selenium.support.ui.FluentWait.until(FluentWait.java:204)\r\n\t... 35 more\r\n"},"stage":"finished","description":"Accept Invitation User Admin","steps":[{"name":"goToLoginPage","status":"passed","stage":"finished","steps":[],"attachments":[],"parameters":[],"start":1704258295780,"stop":1704258299186},{"name":"inputEmailField","status":"passed","stage":"finished","steps":[],"attachments":[],"parameters":[{"name":"email","value":"eduqatautomationtest@gmail.com"}],"start":1704258299186,"stop":1704258299376},{"name":"inputPasswordField","status":"passed","stage":"finished","steps":[],"attachments":[],"parameters":[],"start":1704258299377,"stop":1704258299530},{"name":"clickLoginButton","status":"passed","stage":"finished","steps":[],"attachments":[],"parameters":[],"start":1704258299530,"stop":1704258299665},{"name":"inputEmailInboxField","status":"passed","stage":"finished","steps":[],"attachments":[],"parameters":[{"name":"email","value":"194bd913764@mailsac.com"}],"start":1704258299666,"stop":1704258301490},{"name":"clickCheckEmailButton","status":"passed","stage":"finished","steps":[],"attachments":[],"parameters":[],"start":1704258301490,"stop":1704258302101},{"name":"clickEmailInvitation","status":"passed","stage":"finished","steps":[],"attachments":[],"parameters":[{"name":"email","value":"Invitation to be an Admin at untukautomationtest"}],"start":1704258302101,"stop":1704258302236},{"name":"clickUnblockLinkButton","status":"passed","stage":"finished","steps":[],"attachments":[],"parameters":[],"start":1704258302237,"stop":1704258302415},{"name":"clickAcceptInvButton","status":"passed","stage":"finished","steps":[],"attachments":[],"parameters":[],"start":1704258302463,"stop":1704258305762},{"name":"getInvitationPageText","status":"passed","stage":"finished","steps":[],"attachments":[],"parameters":[],"start":1704258305762,"stop":1704258308472},{"name":"clickRegisterEmailButton","status":"passed","stage":"finished","steps":[],"attachments":[],"parameters":[],"start":1704258308472,"stop":1704258309236},{"name":"getRegisterPageText","status":"passed","stage":"finished","steps":[{"name":"waitElementsDisplay","status":"passed","stage":"finished","steps":[],"attachments":[],"parameters":[{"name":"findBy","value":"[[ChromeDriver: chrome on windows (b627bfa94ce225d7aa887c1475bd99a5)] -> xpath: //h2[@class='label']]"}],"start":1704258311007,"stop":1704258311045}],"attachments":[],"parameters":[],"start":1704258309236,"stop":1704258311075},{"name":"inputNameField","status":"passed","stage":"finished","steps":[{"name":"waitElementsDisplay","status":"passed","stage":"finished","steps":[],"attachments":[],"parameters":[{"name":"findBy","value":"[[ChromeDriver: chrome on windows (b627bfa94ce225d7aa887c1475bd99a5)] -> xpath: //input[@id='name']]"}],"start":1704258311094,"stop":1704258311123}],"attachments":[],"parameters":[{"name":"name","value":"Testing"}],"start":1704258311075,"stop":1704258311307},{"name":"inputPasswordField","status":"passed","stage":"finished","steps":[{"name":"waitElementsDisplay","status":"passed","stage":"finished","steps":[],"attachments":[],"parameters":[{"name":"findBy","value":"[[ChromeDriver: chrome on windows (b627bfa94ce225d7aa887c1475bd99a5)] -> xpath: //input[@id='password']]"}],"start":1704258311335,"stop":1704258311387}],"attachments":[],"parameters":[{"name":"pass","value":"test123"}],"start":1704258311308,"stop":1704258311538},{"name":"clickAgrementPrivacy","status":"passed","stage":"finished","steps":[],"attachments":[],"parameters":[],"start":1704258311539,"stop":1704258311640},{"name":"clickAgrementSaas","status":"passed","stage":"finished","steps":[],"attachments":[],"parameters":[],"start":1704258311640,"stop":1704258311742},{"name":"clickSignUpButton","status":"passed","stage":"finished","steps":[{"name":"waitElementsDisplay","status":"passed","stage":"finished","steps":[],"attachments":[],"parameters":[{"name":"findBy","value":"[[ChromeDriver: chrome on windows (b627bfa94ce225d7aa887c1475bd99a5)] -> css selector: .Button2-sc-12miqch-0]"}],"start":1704258311765,"stop":1704258311799}],"attachments":[],"parameters":[],"start":1704258311742,"stop":1704258311904},{"name":"clickEnterOTPCodeButton","status":"passed","stage":"finished","steps":[{"name":"waitElementsDisplay","status":"passed","stage":"finished","steps":[],"attachments":[],"parameters":[{"name":"findBy","value":"[[ChromeDriver: chrome on windows (b627bfa94ce225d7aa887c1475bd99a5)] -> xpath: //button[.='Enter OTP Code']]"}],"start":1704258314477,"stop":1704258315043}],"attachments":[],"parameters":[],"start":1704258311904,"stop":1704258315106},{"name":"getOtpLabelText","status":"passed","stage":"finished","steps":[{"name":"waitElementsDisplay","status":"passed","stage":"finished","steps":[],"attachments":[],"parameters":[{"name":"findBy","value":"[[ChromeDriver: chrome on windows (b627bfa94ce225d7aa887c1475bd99a5)] -> css selector: .otp-label]"}],"start":1704258315393,"stop":1704258315421}],"attachments":[],"parameters":[],"start":1704258315107,"stop":1704258315444},{"name":"inputEmailFieldOnHome","status":"passed","stage":"finished","steps":[],"attachments":[],"parameters":[{"name":"email","value":"194bd913764"}],"start":1704258315622,"stop":1704258317671},{"name":"clickCheckEmailOnHome","status":"passed","stage":"finished","steps":[],"attachments":[],"parameters":[],"start":1704258317671,"stop":1704258319441},{"name":"clickEmail","status":"passed","stage":"finished","steps":[],"attachments":[],"parameters":[],"start":1704258319441,"stop":1704258319585},{"name":"clickUnblockLinkButton","status":"passed","stage":"finished","steps":[],"attachments":[],"parameters":[],"start":1704258319585,"stop":1704258319785},{"name":"getCodeVerifyRegisterSchool","status":"passed","stage":"finished","steps":[],"attachments":[],"parameters":[],"start":1704258319968,"stop":1704258321027},{"name":"getOtpLabelText","status":"passed","stage":"finished","steps":[{"name":"waitElementsDisplay","status":"passed","stage":"finished","steps":[],"attachments":[],"parameters":[{"name":"findBy","value":"[[ChromeDriver: chrome on windows (b627bfa94ce225d7aa887c1475bd99a5)] -> css selector: .otp-label]"}],"start":1704258321100,"stop":1704258321148}],"attachments":[],"parameters":[],"start":1704258321067,"stop":1704258321178},{"name":"inputOtpCodeField","status":"passed","stage":"finished","steps":[],"attachments":[],"parameters":[{"name":"code","value":"720498"}],"start":1704258321179,"stop":1704258321339},{"name":"getAddingAdminLoadText","status":"passed","stage":"finished","steps":[],"attachments":[],"parameters":[],"start":1704258321339,"stop":1704258349874},{"name":"getSchoolText","status":"broken","statusDetails":{"known":false,"muted":false,"flaky":false,"message":"Expected condition failed: waiting for visibility of Proxy element for: DefaultElementLocator 'By.xpath: //h1[@class='title']' (tried for 60 second(s) with 500 milliseconds interval)","trace":"org.openqa.selenium.TimeoutException: Expected condition failed: waiting for visibility of Proxy element for: DefaultElementLocator 'By.xpath: //h1[@class='title']' (tried for 60 second(s) with 500 milliseconds interval)\r\n\tat org.openqa.selenium.support.ui.WebDriverWait.timeoutException(WebDriverWait.java:84)\r\n\tat org.openqa.selenium.support.ui.FluentWait.until(FluentWait.java:229)\r\n\tat com.qa.Components.GeneralObject.waitElementsDisplay(GeneralObject.java:61)\r\n\tat com.qa.PageObjects.DashboardSchool.DashboardSchool.getSchoolText(DashboardSchool.java:125)\r\n\tat com.test.TestCases.InvitationUser.AcceptInvitationUser.acceptUserAdmin(AcceptInvitationUser.java:55)\r\n\tat java.base/jdk.internal.reflect.NativeMethodAccessorImpl.invoke0(Native Method)\r\n\tat java.base/jdk.internal.reflect.NativeMethodAccessorImpl.invoke(NativeMethodAccessorImpl.java:62)\r\n\tat java.base/jdk.internal.reflect.DelegatingMethodAccessorImpl.invoke(DelegatingMethodAccessorImpl.java:43)\r\n\tat java.base/java.lang.reflect.Method.invoke(Method.java:566)\r\n\tat org.testng.internal.invokers.MethodInvocationHelper.invokeMethod(MethodInvocationHelper.java:139)\r\n\tat org.testng.internal.invokers.TestInvoker.invokeMethod(TestInvoker.java:664)\r\n\tat org.testng.internal.invokers.TestInvoker.invokeTestMethod(TestInvoker.java:227)\r\n\tat org.testng.internal.invokers.MethodRunner.runInSequence(MethodRunner.java:50)\r\n\tat org.testng.internal.invokers.TestInvoker$MethodInvocationAgent.invoke(TestInvoker.java:957)\r\n\tat org.testng.internal.invokers.TestInvoker.invokeTestMethods(TestInvoker.java:200)\r\n\tat org.testng.internal.invokers.TestMethodWorker.invokeTestMethods(TestMethodWorker.java:148)\r\n\tat org.testng.internal.invokers.TestMethodWorker.run(TestMethodWorker.java:128)\r\n\tat java.base/java.util.ArrayList.forEach(ArrayList.java:1541)\r\n\tat org.testng.TestRunner.privateRun(TestRunner.java:848)\r\n\tat org.testng.TestRunner.run(TestRunner.java:621)\r\n\tat org.testng.SuiteRunner.runTest(SuiteRunner.java:443)\r\n\tat org.testng.SuiteRunner.runSequentially(SuiteRunner.java:437)\r\n\tat org.testng.SuiteRunner.privateRun(SuiteRunner.java:397)\r\n\tat org.testng.SuiteRunner.run(SuiteRunner.java:336)\r\n\tat org.testng.SuiteRunnerWorker.runSuite(SuiteRunnerWorker.java:52)\r\n\tat org.testng.SuiteRunnerWorker.run(SuiteRunnerWorker.java:95)\r\n\tat org.testng.TestNG.runSuitesSequentially(TestNG.java:1280)\r\n\tat org.testng.TestNG.runSuitesLocally(TestNG.java:1200)\r\n\tat org.testng.TestNG.runSuites(TestNG.java:1114)\r\n\tat org.testng.TestNG.run(TestNG.java:1082)\r\n\tat org.apache.maven.surefire.testng.TestNGExecutor.run(TestNGExecutor.java:308)\r\n\tat org.apache.maven.surefire.testng.TestNGXmlTestSuite.execute(TestNGXmlTestSuite.java:71)\r\n\tat org.apache.maven.surefire.testng.TestNGProvider.invoke(TestNGProvider.java:113)\r\n\tat org.apache.maven.surefire.booter.ForkedBooter.runSuitesInProcess(ForkedBooter.java:385)\r\n\tat org.apache.maven.surefire.booter.ForkedBooter.execute(ForkedBooter.java:162)\r\n\tat org.apache.maven.surefire.booter.ForkedBooter.run(ForkedBooter.java:507)\r\n\tat org.apache.maven.surefire.booter.ForkedBooter.main(ForkedBooter.java:495)\r\nCaused by: org.openqa.selenium.NoSuchElementException: no such element: Unable to locate element: {\"method\":\"xpath\",\"selector\":\"//h1[@class='title']\"}\n  (Session info: chrome=120.0.6099.130)\nFor documentation on this error, please visit: https://www.selenium.dev/documentation/webdriver/troubleshooting/errors#no-such-element-exception\nBuild info: version: '4.15.0', revision: '1d14b5521b'\nSystem info: os.name: 'Windows 11', os.arch: 'amd64', os.version: '10.0', java.version: '11.0.17'\nDriver info: org.openqa.selenium.chrome.ChromeDriver\nCommand: [b627bfa94ce225d7aa887c1475bd99a5, findElement {using=xpath, value=//h1[@class='title']}]\nCapabilities {acceptInsecureCerts: false, browserName: chrome, browserVersion: 120.0.6099.130, chrome: {chromedriverVersion: 120.0.6099.109 (3419140ab66..., userDataDir: C:\\Users\\Acer\\AppData\\Local...}, fedcm:accounts: true, goog:chromeOptions: {debuggerAddress: localhost:62380}, networkConnectionEnabled: false, pageLoadStrategy: normal, platformName: windows, proxy: Proxy(), se:cdp: ws://localhost:62380/devtoo..., se:cdpVersion: 120.0.6099.130, setWindowRect: true, strictFileInteractability: false, timeouts: {implicit: 0, pageLoad: 300000, script: 30000}, unhandledPromptBehavior: dismiss and notify, webauthn:extension:credBlob: true, webauthn:extension:largeBlob: true, webauthn:extension:minPinLength: true, webauthn:extension:prf: true, webauthn:virtualAuthenticators: true}\nSession ID: b627bfa94ce225d7aa887c1475bd99a5\r\n\tat java.base/jdk.internal.reflect.NativeConstructorAccessorImpl.newInstance0(Native Method)\r\n\tat java.base/jdk.internal.reflect.NativeConstructorAccessorImpl.newInstance(NativeConstructorAccessorImpl.java:62)\r\n\tat java.base/jdk.internal.reflect.DelegatingConstructorAccessorImpl.newInstance(DelegatingConstructorAccessorImpl.java:45)\r\n\tat java.base/java.lang.reflect.Constructor.newInstance(Constructor.java:490)\r\n\tat org.openqa.selenium.remote.codec.w3c.W3CHttpResponseCodec.createException(W3CHttpResponseCodec.java:200)\r\n\tat org.openqa.selenium.remote.codec.w3c.W3CHttpResponseCodec.decode(W3CHttpResponseCodec.java:133)\r\n\tat org.openqa.selenium.remote.codec.w3c.W3CHttpResponseCodec.decode(W3CHttpResponseCodec.java:52)\r\n\tat org.openqa.selenium.remote.HttpCommandExecutor.execute(HttpCommandExecutor.java:191)\r\n\tat org.openqa.selenium.remote.service.DriverCommandExecutor.invokeExecute(DriverCommandExecutor.java:200)\r\n\tat org.openqa.selenium.remote.service.DriverCommandExecutor.execute(DriverCommandExecutor.java:175)\r\n\tat org.openqa.selenium.remote.RemoteWebDriver.execute(RemoteWebDriver.java:607)\r\n\tat org.openqa.selenium.remote.ElementLocation$ElementFinder$2.findElement(ElementLocation.java:165)\r\n\tat org.openqa.selenium.remote.ElementLocation.findElement(ElementLocation.java:59)\r\n\tat org.openqa.selenium.remote.RemoteWebDriver.findElement(RemoteWebDriver.java:364)\r\n\tat org.openqa.selenium.remote.RemoteWebDriver.findElement(RemoteWebDriver.java:358)\r\n\tat org.openqa.selenium.support.pagefactory.DefaultElementLocator.findElement(DefaultElementLocator.java:68)\r\n\tat org.openqa.selenium.support.pagefactory.internal.LocatingElementHandler.invoke(LocatingElementHandler.java:38)\r\n\tat com.sun.proxy.$Proxy17.isDisplayed(Unknown Source)\r\n\tat org.openqa.selenium.support.ui.ExpectedConditions.elementIfVisible(ExpectedConditions.java:304)\r\n\tat org.openqa.selenium.support.ui.ExpectedConditions$10.apply(ExpectedConditions.java:290)\r\n\tat org.openqa.selenium.support.ui.ExpectedConditions$10.apply(ExpectedConditions.java:287)\r\n\tat org.openqa.selenium.support.ui.FluentWait.until(FluentWait.java:204)\r\n\t... 35 more\r\n"},"stage":"finished","steps":[],"attachments":[],"parameters":[],"start":1704258349874,"stop":1704258422730}],"attachments":[{"name":"Page screenshot","source":"9ad1822b-9192-483a-8e62-a58d7a11df43-attachment","type":"image/png"},{"name":"acceptUserAdmin failed and screenshot taken!","source":"8c07ed0f-aaa0-4a51-bf38-8657da20c054-attachment","type":"text/plain"}],"parameters":[{"name":"emailAdm","value":"194bd913764@mailsac.com"},{"name":"url","value":"https://mailsac.com/"},{"name":"emailAdm2","value":"194bd913764"}],"start":1704258295779,"stop":1704258423214}