{"uid":"984f6bad256b2957","name":"Create School","fullName":"com.test.TestCases.CreateNewSchool.createSchool","historyId":"4153be4f8663ffc24567b568e5b54e8a","time":{"start":1702383939522,"stop":1702383974462,"duration":34940},"description":"Create School","descriptionHtml":"<p>Create School</p>\n","status":"broken","statusMessage":"element click intercepted: Element <div class=\"ant-select-item-option-content\">...</div> is not clickable at point (1128, 418). Other element would receive the click: <div class=\"ant-col ant-col-xs-24 ant-col-sm-16\" style=\"padding-left: 8px; padding-right: 8px;\">...</div>\n  (Session info: chrome=120.0.6099.71)\nBuild info: version: '4.15.0', revision: '1d14b5521b'\nSystem info: os.name: 'Linux', os.arch: 'amd64', os.version: '6.2.0-1018-azure', java.version: '11.0.21'\nDriver info: org.openqa.selenium.remote.RemoteWebDriver\nCommand: [344aa33f8f842a638825da44b9d1fbb5, clickElement {id=E7F29DA6ED0B5BEA9A72C5EAC4823420_element_34}]\nCapabilities {acceptInsecureCerts: false, browserName: chrome, browserVersion: 120.0.6099.71, chrome: {chromedriverVersion: 120.0.6099.71 (9729082fe617..., userDataDir: /tmp/.org.chromium.Chromium...}, fedcm:accounts: true, goog:chromeOptions: {debuggerAddress: localhost:35735}, networkConnectionEnabled: false, pageLoadStrategy: normal, platformName: linux, proxy: Proxy(), se:bidiEnabled: false, se:cdp: ws://172.18.0.5:4444/sessio..., se:cdpVersion: 120.0.6099.71, se:vnc: ws://172.18.0.5:4444/sessio..., se:vncEnabled: true, se:vncLocalAddress: ws://172.18.0.5:7900, setWindowRect: true, strictFileInteractability: false, timeouts: {implicit: 0, pageLoad: 300000, script: 30000}, unhandledPromptBehavior: dismiss and notify, webauthn:extension:credBlob: true, webauthn:extension:largeBlob: true, webauthn:extension:minPinLength: true, webauthn:extension:prf: true, webauthn:virtualAuthenticators: true}\nElement: [[RemoteWebDriver: chrome on linux (344aa33f8f842a638825da44b9d1fbb5)] -> css selector: [title='Author/Blogger'] > .ant-select-item-option-content]\nSession ID: 344aa33f8f842a638825da44b9d1fbb5","statusTrace":"org.openqa.selenium.ElementClickInterceptedException: element click intercepted: Element <div class=\"ant-select-item-option-content\">...</div> is not clickable at point (1128, 418). Other element would receive the click: <div class=\"ant-col ant-col-xs-24 ant-col-sm-16\" style=\"padding-left: 8px; padding-right: 8px;\">...</div>\n  (Session info: chrome=120.0.6099.71)\nBuild info: version: '4.15.0', revision: '1d14b5521b'\nSystem info: os.name: 'Linux', os.arch: 'amd64', os.version: '6.2.0-1018-azure', java.version: '11.0.21'\nDriver info: org.openqa.selenium.remote.RemoteWebDriver\nCommand: [344aa33f8f842a638825da44b9d1fbb5, clickElement {id=E7F29DA6ED0B5BEA9A72C5EAC4823420_element_34}]\nCapabilities {acceptInsecureCerts: false, browserName: chrome, browserVersion: 120.0.6099.71, chrome: {chromedriverVersion: 120.0.6099.71 (9729082fe617..., userDataDir: /tmp/.org.chromium.Chromium...}, fedcm:accounts: true, goog:chromeOptions: {debuggerAddress: localhost:35735}, networkConnectionEnabled: false, pageLoadStrategy: normal, platformName: linux, proxy: Proxy(), se:bidiEnabled: false, se:cdp: ws://172.18.0.5:4444/sessio..., se:cdpVersion: 120.0.6099.71, se:vnc: ws://172.18.0.5:4444/sessio..., se:vncEnabled: true, se:vncLocalAddress: ws://172.18.0.5:7900, setWindowRect: true, strictFileInteractability: false, timeouts: {implicit: 0, pageLoad: 300000, script: 30000}, unhandledPromptBehavior: dismiss and notify, webauthn:extension:credBlob: true, webauthn:extension:largeBlob: true, webauthn:extension:minPinLength: true, webauthn:extension:prf: true, webauthn:virtualAuthenticators: true}\nElement: [[RemoteWebDriver: chrome on linux (344aa33f8f842a638825da44b9d1fbb5)] -> css selector: [title='Author/Blogger'] > .ant-select-item-option-content]\nSession ID: 344aa33f8f842a638825da44b9d1fbb5\n\tat java.base/jdk.internal.reflect.NativeConstructorAccessorImpl.newInstance0(Native Method)\n\tat java.base/jdk.internal.reflect.NativeConstructorAccessorImpl.newInstance(NativeConstructorAccessorImpl.java:62)\n\tat java.base/jdk.internal.reflect.DelegatingConstructorAccessorImpl.newInstance(DelegatingConstructorAccessorImpl.java:45)\n\tat java.base/java.lang.reflect.Constructor.newInstance(Constructor.java:490)\n\tat org.openqa.selenium.remote.codec.w3c.W3CHttpResponseCodec.createException(W3CHttpResponseCodec.java:200)\n\tat org.openqa.selenium.remote.codec.w3c.W3CHttpResponseCodec.decode(W3CHttpResponseCodec.java:133)\n\tat org.openqa.selenium.remote.codec.w3c.W3CHttpResponseCodec.decode(W3CHttpResponseCodec.java:52)\n\tat org.openqa.selenium.remote.HttpCommandExecutor.execute(HttpCommandExecutor.java:191)\n\tat org.openqa.selenium.remote.TracedCommandExecutor.execute(TracedCommandExecutor.java:51)\n\tat org.openqa.selenium.remote.RemoteWebDriver.execute(RemoteWebDriver.java:607)\n\tat org.openqa.selenium.remote.RemoteWebElement.execute(RemoteWebElement.java:224)\n\tat org.openqa.selenium.remote.RemoteWebElement.click(RemoteWebElement.java:77)\n\tat com.qa.PageObjects.DashboardVendor.CreateSchoolPage.selectOption(CreateSchoolPage.java:120)\n\tat com.test.TestCases.CreateNewSchool.createSchool(CreateNewSchool.java:30)\n\tat java.base/jdk.internal.reflect.NativeMethodAccessorImpl.invoke0(Native Method)\n\tat java.base/jdk.internal.reflect.NativeMethodAccessorImpl.invoke(NativeMethodAccessorImpl.java:62)\n\tat java.base/jdk.internal.reflect.DelegatingMethodAccessorImpl.invoke(DelegatingMethodAccessorImpl.java:43)\n\tat java.base/java.lang.reflect.Method.invoke(Method.java:566)\n\tat org.testng.internal.invokers.MethodInvocationHelper.invokeMethod(MethodInvocationHelper.java:139)\n\tat org.testng.internal.invokers.TestInvoker.invokeMethod(TestInvoker.java:664)\n\tat org.testng.internal.invokers.TestInvoker.retryFailed(TestInvoker.java:248)\n\tat org.testng.internal.invokers.MethodRunner.runInSequence(MethodRunner.java:62)\n\tat org.testng.internal.invokers.TestInvoker$MethodInvocationAgent.invoke(TestInvoker.java:957)\n\tat org.testng.internal.invokers.TestInvoker.invokeTestMethods(TestInvoker.java:200)\n\tat org.testng.internal.invokers.TestMethodWorker.invokeTestMethods(TestMethodWorker.java:148)\n\tat org.testng.internal.invokers.TestMethodWorker.run(TestMethodWorker.java:128)\n\tat java.base/java.util.ArrayList.forEach(ArrayList.java:1541)\n\tat org.testng.TestRunner.privateRun(TestRunner.java:848)\n\tat org.testng.TestRunner.run(TestRunner.java:621)\n\tat org.testng.SuiteRunner.runTest(SuiteRunner.java:443)\n\tat org.testng.SuiteRunner$SuiteWorker.run(SuiteRunner.java:481)\n\tat org.testng.internal.thread.ThreadUtil.lambda$execute$0(ThreadUtil.java:58)\n\tat java.base/java.util.concurrent.FutureTask.run(FutureTask.java:264)\n\tat java.base/java.util.concurrent.ThreadPoolExecutor.runWorker(ThreadPoolExecutor.java:1128)\n\tat java.base/java.util.concurrent.ThreadPoolExecutor$Worker.run(ThreadPoolExecutor.java:628)\n\tat java.base/java.lang.Thread.run(Thread.java:829)\n","flaky":false,"newFailed":false,"newBroken":false,"newPassed":false,"retriesCount":2,"retriesStatusChange":true,"beforeStages":[{"name":"launchApp","time":{"start":1702383934940,"stop":1702383936149,"duration":1209},"description":"","status":"passed","steps":[],"attachments":[],"parameters":[],"shouldDisplayMessage":false,"stepsCount":0,"attachmentsCount":0,"hasContent":false,"attachmentStep":false},{"name":"loginUser","time":{"start":1702383936150,"stop":1702383939520,"duration":3370},"description":"","status":"passed","steps":[{"name":"loginUser","time":{"start":1702383936150,"stop":1702383937878,"duration":1728},"status":"passed","steps":[],"attachments":[],"parameters":[{"name":"user","value":"6cf50761-8146-406b-b01d-fb0ba16fbaf3@mailsac.com"},{"name":"pass","value":"test123"}],"shouldDisplayMessage":false,"stepsCount":0,"attachmentsCount":0,"hasContent":true,"attachmentStep":false},{"name":"clickSignInButton","time":{"start":1702383937878,"stop":1702383939520,"duration":1642},"status":"passed","steps":[],"attachments":[],"parameters":[],"shouldDisplayMessage":false,"stepsCount":0,"attachmentsCount":0,"hasContent":false,"attachmentStep":false}],"attachments":[],"parameters":[],"shouldDisplayMessage":false,"stepsCount":2,"attachmentsCount":0,"hasContent":true,"attachmentStep":false}],"testStage":{"description":"Create School","status":"broken","statusMessage":"element click intercepted: Element <div class=\"ant-select-item-option-content\">...</div> is not clickable at point (1128, 418). Other element would receive the click: <div class=\"ant-col ant-col-xs-24 ant-col-sm-16\" style=\"padding-left: 8px; padding-right: 8px;\">...</div>\n  (Session info: chrome=120.0.6099.71)\nBuild info: version: '4.15.0', revision: '1d14b5521b'\nSystem info: os.name: 'Linux', os.arch: 'amd64', os.version: '6.2.0-1018-azure', java.version: '11.0.21'\nDriver info: org.openqa.selenium.remote.RemoteWebDriver\nCommand: [344aa33f8f842a638825da44b9d1fbb5, clickElement {id=E7F29DA6ED0B5BEA9A72C5EAC4823420_element_34}]\nCapabilities {acceptInsecureCerts: false, browserName: chrome, browserVersion: 120.0.6099.71, chrome: {chromedriverVersion: 120.0.6099.71 (9729082fe617..., userDataDir: /tmp/.org.chromium.Chromium...}, fedcm:accounts: true, goog:chromeOptions: {debuggerAddress: localhost:35735}, networkConnectionEnabled: false, pageLoadStrategy: normal, platformName: linux, proxy: Proxy(), se:bidiEnabled: false, se:cdp: ws://172.18.0.5:4444/sessio..., se:cdpVersion: 120.0.6099.71, se:vnc: ws://172.18.0.5:4444/sessio..., se:vncEnabled: true, se:vncLocalAddress: ws://172.18.0.5:7900, setWindowRect: true, strictFileInteractability: false, timeouts: {implicit: 0, pageLoad: 300000, script: 30000}, unhandledPromptBehavior: dismiss and notify, webauthn:extension:credBlob: true, webauthn:extension:largeBlob: true, webauthn:extension:minPinLength: true, webauthn:extension:prf: true, webauthn:virtualAuthenticators: true}\nElement: [[RemoteWebDriver: chrome on linux (344aa33f8f842a638825da44b9d1fbb5)] -> css selector: [title='Author/Blogger'] > .ant-select-item-option-content]\nSession ID: 344aa33f8f842a638825da44b9d1fbb5","statusTrace":"org.openqa.selenium.ElementClickInterceptedException: element click intercepted: Element <div class=\"ant-select-item-option-content\">...</div> is not clickable at point (1128, 418). Other element would receive the click: <div class=\"ant-col ant-col-xs-24 ant-col-sm-16\" style=\"padding-left: 8px; padding-right: 8px;\">...</div>\n  (Session info: chrome=120.0.6099.71)\nBuild info: version: '4.15.0', revision: '1d14b5521b'\nSystem info: os.name: 'Linux', os.arch: 'amd64', os.version: '6.2.0-1018-azure', java.version: '11.0.21'\nDriver info: org.openqa.selenium.remote.RemoteWebDriver\nCommand: [344aa33f8f842a638825da44b9d1fbb5, clickElement {id=E7F29DA6ED0B5BEA9A72C5EAC4823420_element_34}]\nCapabilities {acceptInsecureCerts: false, browserName: chrome, browserVersion: 120.0.6099.71, chrome: {chromedriverVersion: 120.0.6099.71 (9729082fe617..., userDataDir: /tmp/.org.chromium.Chromium...}, fedcm:accounts: true, goog:chromeOptions: {debuggerAddress: localhost:35735}, networkConnectionEnabled: false, pageLoadStrategy: normal, platformName: linux, proxy: Proxy(), se:bidiEnabled: false, se:cdp: ws://172.18.0.5:4444/sessio..., se:cdpVersion: 120.0.6099.71, se:vnc: ws://172.18.0.5:4444/sessio..., se:vncEnabled: true, se:vncLocalAddress: ws://172.18.0.5:7900, setWindowRect: true, strictFileInteractability: false, timeouts: {implicit: 0, pageLoad: 300000, script: 30000}, unhandledPromptBehavior: dismiss and notify, webauthn:extension:credBlob: true, webauthn:extension:largeBlob: true, webauthn:extension:minPinLength: true, webauthn:extension:prf: true, webauthn:virtualAuthenticators: true}\nElement: [[RemoteWebDriver: chrome on linux (344aa33f8f842a638825da44b9d1fbb5)] -> css selector: [title='Author/Blogger'] > .ant-select-item-option-content]\nSession ID: 344aa33f8f842a638825da44b9d1fbb5\n\tat java.base/jdk.internal.reflect.NativeConstructorAccessorImpl.newInstance0(Native Method)\n\tat java.base/jdk.internal.reflect.NativeConstructorAccessorImpl.newInstance(NativeConstructorAccessorImpl.java:62)\n\tat java.base/jdk.internal.reflect.DelegatingConstructorAccessorImpl.newInstance(DelegatingConstructorAccessorImpl.java:45)\n\tat java.base/java.lang.reflect.Constructor.newInstance(Constructor.java:490)\n\tat org.openqa.selenium.remote.codec.w3c.W3CHttpResponseCodec.createException(W3CHttpResponseCodec.java:200)\n\tat org.openqa.selenium.remote.codec.w3c.W3CHttpResponseCodec.decode(W3CHttpResponseCodec.java:133)\n\tat org.openqa.selenium.remote.codec.w3c.W3CHttpResponseCodec.decode(W3CHttpResponseCodec.java:52)\n\tat org.openqa.selenium.remote.HttpCommandExecutor.execute(HttpCommandExecutor.java:191)\n\tat org.openqa.selenium.remote.TracedCommandExecutor.execute(TracedCommandExecutor.java:51)\n\tat org.openqa.selenium.remote.RemoteWebDriver.execute(RemoteWebDriver.java:607)\n\tat org.openqa.selenium.remote.RemoteWebElement.execute(RemoteWebElement.java:224)\n\tat org.openqa.selenium.remote.RemoteWebElement.click(RemoteWebElement.java:77)\n\tat com.qa.PageObjects.DashboardVendor.CreateSchoolPage.selectOption(CreateSchoolPage.java:120)\n\tat com.test.TestCases.CreateNewSchool.createSchool(CreateNewSchool.java:30)\n\tat java.base/jdk.internal.reflect.NativeMethodAccessorImpl.invoke0(Native Method)\n\tat java.base/jdk.internal.reflect.NativeMethodAccessorImpl.invoke(NativeMethodAccessorImpl.java:62)\n\tat java.base/jdk.internal.reflect.DelegatingMethodAccessorImpl.invoke(DelegatingMethodAccessorImpl.java:43)\n\tat java.base/java.lang.reflect.Method.invoke(Method.java:566)\n\tat org.testng.internal.invokers.MethodInvocationHelper.invokeMethod(MethodInvocationHelper.java:139)\n\tat org.testng.internal.invokers.TestInvoker.invokeMethod(TestInvoker.java:664)\n\tat org.testng.internal.invokers.TestInvoker.retryFailed(TestInvoker.java:248)\n\tat org.testng.internal.invokers.MethodRunner.runInSequence(MethodRunner.java:62)\n\tat org.testng.internal.invokers.TestInvoker$MethodInvocationAgent.invoke(TestInvoker.java:957)\n\tat org.testng.internal.invokers.TestInvoker.invokeTestMethods(TestInvoker.java:200)\n\tat org.testng.internal.invokers.TestMethodWorker.invokeTestMethods(TestMethodWorker.java:148)\n\tat org.testng.internal.invokers.TestMethodWorker.run(TestMethodWorker.java:128)\n\tat java.base/java.util.ArrayList.forEach(ArrayList.java:1541)\n\tat org.testng.TestRunner.privateRun(TestRunner.java:848)\n\tat org.testng.TestRunner.run(TestRunner.java:621)\n\tat org.testng.SuiteRunner.runTest(SuiteRunner.java:443)\n\tat org.testng.SuiteRunner$SuiteWorker.run(SuiteRunner.java:481)\n\tat org.testng.internal.thread.ThreadUtil.lambda$execute$0(ThreadUtil.java:58)\n\tat java.base/java.util.concurrent.FutureTask.run(FutureTask.java:264)\n\tat java.base/java.util.concurrent.ThreadPoolExecutor.runWorker(ThreadPoolExecutor.java:1128)\n\tat java.base/java.util.concurrent.ThreadPoolExecutor$Worker.run(ThreadPoolExecutor.java:628)\n\tat java.base/java.lang.Thread.run(Thread.java:829)\n","steps":[{"name":"clickCreateNewSchool","time":{"start":1702383939523,"stop":1702383941009,"duration":1486},"status":"passed","steps":[],"attachments":[],"parameters":[],"shouldDisplayMessage":false,"stepsCount":0,"attachmentsCount":0,"hasContent":false,"attachmentStep":false},{"name":"clickJobsOption","time":{"start":1702383963202,"stop":1702383963266,"duration":64},"status":"passed","steps":[],"attachments":[],"parameters":[],"shouldDisplayMessage":false,"stepsCount":0,"attachmentsCount":0,"hasContent":false,"attachmentStep":false},{"name":"selectOption","time":{"start":1702383963266,"stop":1702383974223,"duration":10957},"status":"broken","statusMessage":"element click intercepted: Element <div class=\"ant-select-item-option-content\">...</div> is not clickable at point (1128, 418). Other element would receive the click: <div class=\"ant-col ant-col-xs-24 ant-col-sm-16\" style=\"padding-left: 8px; padding-right: 8px;\">...</div>\n  (Session info: chrome=120.0.6099.71)\nBuild info: version: '4.15.0', revision: '1d14b5521b'\nSystem info: os.name: 'Linux', os.arch: 'amd64', os.version: '6.2.0-1018-azure', java.version: '11.0.21'\nDriver info: org.openqa.selenium.remote.RemoteWebDriver\nCommand: [344aa33f8f842a638825da44b9d1fbb5, clickElement {id=E7F29DA6ED0B5BEA9A72C5EAC4823420_element_34}]\nCapabilities {acceptInsecureCerts: false, browserName: chrome, browserVersion: 120.0.6099.71, chrome: {chromedriverVersion: 120.0.6099.71 (9729082fe617..., userDataDir: /tmp/.org.chromium.Chromium...}, fedcm:accounts: true, goog:chromeOptions: {debuggerAddress: localhost:35735}, networkConnectionEnabled: false, pageLoadStrategy: normal, platformName: linux, proxy: Proxy(), se:bidiEnabled: false, se:cdp: ws://172.18.0.5:4444/sessio..., se:cdpVersion: 120.0.6099.71, se:vnc: ws://172.18.0.5:4444/sessio..., se:vncEnabled: true, se:vncLocalAddress: ws://172.18.0.5:7900, setWindowRect: true, strictFileInteractability: false, timeouts: {implicit: 0, pageLoad: 300000, script: 30000}, unhandledPromptBehavior: dismiss and notify, webauthn:extension:credBlob: true, webauthn:extension:largeBlob: true, webauthn:extension:minPinLength: true, webauthn:extension:prf: true, webauthn:virtualAuthenticators: true}\nElement: [[RemoteWebDriver: chrome on linux (344aa33f8f842a638825da44b9d1fbb5)] -> css selector: [title='Author/Blogger'] > .ant-select-item-option-content]\nSession ID: 344aa33f8f842a638825da44b9d1fbb5","statusTrace":"org.openqa.selenium.ElementClickInterceptedException: element click intercepted: Element <div class=\"ant-select-item-option-content\">...</div> is not clickable at point (1128, 418). Other element would receive the click: <div class=\"ant-col ant-col-xs-24 ant-col-sm-16\" style=\"padding-left: 8px; padding-right: 8px;\">...</div>\n  (Session info: chrome=120.0.6099.71)\nBuild info: version: '4.15.0', revision: '1d14b5521b'\nSystem info: os.name: 'Linux', os.arch: 'amd64', os.version: '6.2.0-1018-azure', java.version: '11.0.21'\nDriver info: org.openqa.selenium.remote.RemoteWebDriver\nCommand: [344aa33f8f842a638825da44b9d1fbb5, clickElement {id=E7F29DA6ED0B5BEA9A72C5EAC4823420_element_34}]\nCapabilities {acceptInsecureCerts: false, browserName: chrome, browserVersion: 120.0.6099.71, chrome: {chromedriverVersion: 120.0.6099.71 (9729082fe617..., userDataDir: /tmp/.org.chromium.Chromium...}, fedcm:accounts: true, goog:chromeOptions: {debuggerAddress: localhost:35735}, networkConnectionEnabled: false, pageLoadStrategy: normal, platformName: linux, proxy: Proxy(), se:bidiEnabled: false, se:cdp: ws://172.18.0.5:4444/sessio..., se:cdpVersion: 120.0.6099.71, se:vnc: ws://172.18.0.5:4444/sessio..., se:vncEnabled: true, se:vncLocalAddress: ws://172.18.0.5:7900, setWindowRect: true, strictFileInteractability: false, timeouts: {implicit: 0, pageLoad: 300000, script: 30000}, unhandledPromptBehavior: dismiss and notify, webauthn:extension:credBlob: true, webauthn:extension:largeBlob: true, webauthn:extension:minPinLength: true, webauthn:extension:prf: true, webauthn:virtualAuthenticators: true}\nElement: [[RemoteWebDriver: chrome on linux (344aa33f8f842a638825da44b9d1fbb5)] -> css selector: [title='Author/Blogger'] > .ant-select-item-option-content]\nSession ID: 344aa33f8f842a638825da44b9d1fbb5\n\tat java.base/jdk.internal.reflect.NativeConstructorAccessorImpl.newInstance0(Native Method)\n\tat java.base/jdk.internal.reflect.NativeConstructorAccessorImpl.newInstance(NativeConstructorAccessorImpl.java:62)\n\tat java.base/jdk.internal.reflect.DelegatingConstructorAccessorImpl.newInstance(DelegatingConstructorAccessorImpl.java:45)\n\tat java.base/java.lang.reflect.Constructor.newInstance(Constructor.java:490)\n\tat org.openqa.selenium.remote.codec.w3c.W3CHttpResponseCodec.createException(W3CHttpResponseCodec.java:200)\n\tat org.openqa.selenium.remote.codec.w3c.W3CHttpResponseCodec.decode(W3CHttpResponseCodec.java:133)\n\tat org.openqa.selenium.remote.codec.w3c.W3CHttpResponseCodec.decode(W3CHttpResponseCodec.java:52)\n\tat org.openqa.selenium.remote.HttpCommandExecutor.execute(HttpCommandExecutor.java:191)\n\tat org.openqa.selenium.remote.TracedCommandExecutor.execute(TracedCommandExecutor.java:51)\n\tat org.openqa.selenium.remote.RemoteWebDriver.execute(RemoteWebDriver.java:607)\n\tat org.openqa.selenium.remote.RemoteWebElement.execute(RemoteWebElement.java:224)\n\tat org.openqa.selenium.remote.RemoteWebElement.click(RemoteWebElement.java:77)\n\tat com.qa.PageObjects.DashboardVendor.CreateSchoolPage.selectOption(CreateSchoolPage.java:120)\n\tat com.test.TestCases.CreateNewSchool.createSchool(CreateNewSchool.java:30)\n\tat java.base/jdk.internal.reflect.NativeMethodAccessorImpl.invoke0(Native Method)\n\tat java.base/jdk.internal.reflect.NativeMethodAccessorImpl.invoke(NativeMethodAccessorImpl.java:62)\n\tat java.base/jdk.internal.reflect.DelegatingMethodAccessorImpl.invoke(DelegatingMethodAccessorImpl.java:43)\n\tat java.base/java.lang.reflect.Method.invoke(Method.java:566)\n\tat org.testng.internal.invokers.MethodInvocationHelper.invokeMethod(MethodInvocationHelper.java:139)\n\tat org.testng.internal.invokers.TestInvoker.invokeMethod(TestInvoker.java:664)\n\tat org.testng.internal.invokers.TestInvoker.retryFailed(TestInvoker.java:248)\n\tat org.testng.internal.invokers.MethodRunner.runInSequence(MethodRunner.java:62)\n\tat org.testng.internal.invokers.TestInvoker$MethodInvocationAgent.invoke(TestInvoker.java:957)\n\tat org.testng.internal.invokers.TestInvoker.invokeTestMethods(TestInvoker.java:200)\n\tat org.testng.internal.invokers.TestMethodWorker.invokeTestMethods(TestMethodWorker.java:148)\n\tat org.testng.internal.invokers.TestMethodWorker.run(TestMethodWorker.java:128)\n\tat java.base/java.util.ArrayList.forEach(ArrayList.java:1541)\n\tat org.testng.TestRunner.privateRun(TestRunner.java:848)\n\tat org.testng.TestRunner.run(TestRunner.java:621)\n\tat org.testng.SuiteRunner.runTest(SuiteRunner.java:443)\n\tat org.testng.SuiteRunner$SuiteWorker.run(SuiteRunner.java:481)\n\tat org.testng.internal.thread.ThreadUtil.lambda$execute$0(ThreadUtil.java:58)\n\tat java.base/java.util.concurrent.FutureTask.run(FutureTask.java:264)\n\tat java.base/java.util.concurrent.ThreadPoolExecutor.runWorker(ThreadPoolExecutor.java:1128)\n\tat java.base/java.util.concurrent.ThreadPoolExecutor$Worker.run(ThreadPoolExecutor.java:628)\n\tat java.base/java.lang.Thread.run(Thread.java:829)\n","steps":[],"attachments":[],"parameters":[{"name":"option","value":"Author/Blogger"}],"shouldDisplayMessage":true,"stepsCount":0,"attachmentsCount":0,"hasContent":true,"attachmentStep":false}],"attachments":[{"uid":"b6c93dc3a1886acc","name":"Page screenshot","source":"b6c93dc3a1886acc.png","type":"image/png","size":86957},{"uid":"e2b550633c880789","name":"createSchool failed and screenshot taken!","source":"e2b550633c880789.txt","type":"text/plain","size":41}],"parameters":[],"shouldDisplayMessage":false,"stepsCount":3,"attachmentsCount":2,"hasContent":true,"attachmentStep":false},"afterStages":[{"name":"tearDown","time":{"start":1702383974487,"stop":1702383974605,"duration":118},"description":"","status":"passed","steps":[],"attachments":[],"parameters":[],"shouldDisplayMessage":false,"stepsCount":0,"attachmentsCount":0,"hasContent":false,"attachmentStep":false}],"labels":[{"name":"package","value":"com.test.TestCases.CreateNewSchool"},{"name":"testClass","value":"com.test.TestCases.CreateNewSchool"},{"name":"testMethod","value":"createSchool"},{"name":"parentSuite","value":"Suite"},{"name":"suite","value":"Create School"},{"name":"subSuite","value":"com.test.TestCases.CreateNewSchool"},{"name":"host","value":"fv-az1198-109"},{"name":"thread","value":"5066@fv-az1198-109.TestNG-tests-4(21)"},{"name":"framework","value":"testng"},{"name":"language","value":"java"},{"name":"story","value":"Create School"},{"name":"epic","value":"Create School"},{"name":"feature","value":"Create School"},{"name":"resultFormat","value":"allure2"}],"parameters":[{"name":"url","value":"https://sso.eduqat.com"}],"links":[{"name":"allure","url":"https://example.org/mylink/allure","type":"mylink"},{"name":"TMS Link","url":"https://example.org/tms/TMS Link","type":"tms"}],"hidden":false,"retry":false,"extra":{"severity":"normal","retries":[{"uid":"272249462149e3aa","status":"skipped","statusDetails":"element click intercepted: Element <div class=\"ant-select-item-option-content\">...</div> is not clickable at point (1128, 418). Other element would receive the click: <div class=\"ant-col ant-col-xs-24 ant-col-sm-16\" style=\"padding-left: 8px; padding-right: 8px;\">...</div>\n  (Session info: chrome=120.0.6099.71)\nBuild info: version: '4.15.0', revision: '1d14b5521b'\nSystem info: os.name: 'Linux', os.arch: 'amd64', os.version: '6.2.0-1018-azure', java.version: '11.0.21'\nDriver info: org.openqa.selenium.remote.RemoteWebDriver\nCommand: [cbfb0f1993d97dd6cab981f4ac2b8bf8, clickElement {id=29F28BF117783A71A40738FAC2BEAE39_element_41}]\nCapabilities {acceptInsecureCerts: false, browserName: chrome, browserVersion: 120.0.6099.71, chrome: {chromedriverVersion: 120.0.6099.71 (9729082fe617..., userDataDir: /tmp/.org.chromium.Chromium...}, fedcm:accounts: true, goog:chromeOptions: {debuggerAddress: localhost:42275}, networkConnectionEnabled: false, pageLoadStrategy: normal, platformName: linux, proxy: Proxy(), se:bidiEnabled: false, se:cdp: ws://172.18.0.5:4444/sessio..., se:cdpVersion: 120.0.6099.71, se:vnc: ws://172.18.0.5:4444/sessio..., se:vncEnabled: true, se:vncLocalAddress: ws://172.18.0.5:7900, setWindowRect: true, strictFileInteractability: false, timeouts: {implicit: 0, pageLoad: 300000, script: 30000}, unhandledPromptBehavior: dismiss and notify, webauthn:extension:credBlob: true, webauthn:extension:largeBlob: true, webauthn:extension:minPinLength: true, webauthn:extension:prf: true, webauthn:virtualAuthenticators: true}\nElement: [[RemoteWebDriver: chrome on linux (cbfb0f1993d97dd6cab981f4ac2b8bf8)] -> css selector: [title='Author/Blogger'] > .ant-select-item-option-content]\nSession ID: cbfb0f1993d97dd6cab981f4ac2b8bf8","time":{"start":1702383896874,"stop":1702383934839,"duration":37965}},{"uid":"bee0757ffe3dc97d","status":"skipped","statusDetails":"element click intercepted: Element <div class=\"ant-select-item-option-content\">...</div> is not clickable at point (1128, 418). Other element would receive the click: <div class=\"ant-col ant-col-xs-24 ant-col-sm-16\" style=\"padding-left: 8px; padding-right: 8px;\">...</div>\n  (Session info: chrome=120.0.6099.71)\nBuild info: version: '4.15.0', revision: '1d14b5521b'\nSystem info: os.name: 'Linux', os.arch: 'amd64', os.version: '6.2.0-1018-azure', java.version: '11.0.21'\nDriver info: org.openqa.selenium.remote.RemoteWebDriver\nCommand: [80d5bef7efa7d70665aa13557aad6b08, clickElement {id=FD2B36A3D751CA756110855E0160C82B_element_26}]\nCapabilities {acceptInsecureCerts: false, browserName: chrome, browserVersion: 120.0.6099.71, chrome: {chromedriverVersion: 120.0.6099.71 (9729082fe617..., userDataDir: /tmp/.org.chromium.Chromium...}, fedcm:accounts: true, goog:chromeOptions: {debuggerAddress: localhost:40285}, networkConnectionEnabled: false, pageLoadStrategy: normal, platformName: linux, proxy: Proxy(), se:bidiEnabled: false, se:cdp: ws://172.18.0.5:4444/sessio..., se:cdpVersion: 120.0.6099.71, se:vnc: ws://172.18.0.5:4444/sessio..., se:vncEnabled: true, se:vncLocalAddress: ws://172.18.0.5:7900, setWindowRect: true, strictFileInteractability: false, timeouts: {implicit: 0, pageLoad: 300000, script: 30000}, unhandledPromptBehavior: dismiss and notify, webauthn:extension:credBlob: true, webauthn:extension:largeBlob: true, webauthn:extension:minPinLength: true, webauthn:extension:prf: true, webauthn:virtualAuthenticators: true}\nElement: [[RemoteWebDriver: chrome on linux (80d5bef7efa7d70665aa13557aad6b08)] -> css selector: [title='Author/Blogger'] > .ant-select-item-option-content]\nSession ID: 80d5bef7efa7d70665aa13557aad6b08","time":{"start":1702383852236,"stop":1702383893061,"duration":40825}}],"categories":[{"name":"Test defects","matchedStatuses":[],"flaky":false}],"history":{"statistic":{"failed":0,"broken":3,"skipped":0,"passed":1,"unknown":0,"total":4},"items":[{"uid":"bb7e8ab89c355bc4","reportUrl":"https://dlouistandio.github.io/EDQ-AUTOMATION/61//#testresult/bb7e8ab89c355bc4","status":"broken","statusDetails":"Expected condition failed: waiting for visibility of Proxy element for: DefaultElementLocator 'By.xpath: //div[@class='ant-space-item']/div[contains(text(),'Tell us about yourself')]' (tried for 60 second(s) with 500 milliseconds interval)","time":{"start":1702382798398,"stop":1702382874352,"duration":75954}},{"uid":"c50efec95bba2b59","reportUrl":"https://dlouistandio.github.io/EDQ-AUTOMATION/60//#testresult/c50efec95bba2b59","status":"broken","statusDetails":"Expected condition failed: waiting for visibility of Proxy element for: DefaultElementLocator 'By.xpath: //div[@class='ant-space-item']/div[contains(text(),'Tell us about yourself')]' (tried for 60 second(s) with 500 milliseconds interval)","time":{"start":1702378853616,"stop":1702378928747,"duration":75131}},{"uid":"e5961714b821ebbf","reportUrl":"https://dlouistandio.github.io/EDQ-AUTOMATION/59//#testresult/e5961714b821ebbf","status":"passed","time":{"start":1702377187598,"stop":1702377231348,"duration":43750}}]},"tags":[]},"source":"984f6bad256b2957.json","parameterValues":["https://sso.eduqat.com"]}